#,#,#,#,#,#,#,#,#,#,#,#,#
#,#,#,#,#,#,#,#,#,#,#,#,#
#,#,#,#,#,#,#,#,#,#,#,#,#
#,#,#,#,#,#,#,#,#,#,#,#,#
#,#,#,#,#,#,#,#,#,#,#,#,#
CURRENTLY TRADING,FT4yE1D5gAKzrDjU123Dk5oYjMSNoZJnNhPUhXYupump,Smol Giga Ye (SMY),SMY,2025-02-23 17:43:38.767312 +0200 EET m=+62.803098399,"[
  0: MemeInfo{BondingState: nil, TokenPrice: 0.00000000000000000000, MarketCap: 0.00}
  1: MemeInfo{BondingState: BondingCurveState{CurrentSupply: 1000000000000000, VirtualTokenReserves: 958541335909440,  RealTokenReserves: 678641335909440,  VirtualSolReserves: 33582276314,  RealSolReserves: 3582276314}, TokenPrice: 0.00000003503477112141, MarketCap: 35.03}
  2: MemeInfo{BondingState: BondingCurveState{CurrentSupply: 1000000000000000, VirtualTokenReserves: 956396666302585,  RealTokenReserves: 676496666302585,  VirtualSolReserves: 33657582819,  RealSolReserves: 3657582819}, TokenPrice: 0.00000003519207459089, MarketCap: 35.19}
  3: MemeInfo{BondingState: BondingCurveState{CurrentSupply: 1000000000000000, VirtualTokenReserves: 956396666302585,  RealTokenReserves: 676496666302585,  VirtualSolReserves: 33657582819,  RealSolReserves: 3657582819}, TokenPrice: 0.00000003519207459089, MarketCap: 35.19}
]",false,false
CURRENTLY TRADING,7aJ6kd7ts8xfgynsWNMfh9zwB5BqfMgeDdKbzso1pump,this will attract the rabbit,🥕,2025-02-23 17:43:39.397593 +0200 EET m=+63.433371723,"[
  0: MemeInfo{BondingState: nil, TokenPrice: 0.00000000000000000000, MarketCap: 0.00}
  1: MemeInfo{BondingState: BondingCurveState{CurrentSupply: 1000000000000000, VirtualTokenReserves: 977126855109850,  RealTokenReserves: 697226855109850,  VirtualSolReserves: 32943521955,  RealSolReserves: 2943521955}, TokenPrice: 0.00000003371468277913, MarketCap: 33.71}
  2: MemeInfo{BondingState: BondingCurveState{CurrentSupply: 1000000000000000, VirtualTokenReserves: 922571019938015,  RealTokenReserves: 642671019938015,  VirtualSolReserves: 34891622784,  RealSolReserves: 4891622784}, TokenPrice: 0.00000003781998570294, MarketCap: 37.82}
  3: MemeInfo{BondingState: BondingCurveState{CurrentSupply: 1000000000000000, VirtualTokenReserves: 888570330197276,  RealTokenReserves: 608670330197276,  VirtualSolReserves: 36226732914,  RealSolReserves: 6226732914}, TokenPrice: 0.00000004076968550813, MarketCap: 40.77}
]",false,false
#,#,#,#,#,#,#,#,#,#,#,#,#
CURRENTLY TRADING,FT4yE1D5gAKzrDjU123Dk5oYjMSNoZJnNhPUhXYupump,Smol Giga Ye (SMY),SMY,2025-02-23 17:43:53.478923 +0200 EET m=+77.514534749,"[
  0: MemeInfo{BondingState: nil, TokenPrice: 0.00000000000000000000, MarketCap: 0.00}
  1: MemeInfo{BondingState: BondingCurveState{CurrentSupply: 1000000000000000, VirtualTokenReserves: 958541335909440,  RealTokenReserves: 678641335909440,  VirtualSolReserves: 33582276314,  RealSolReserves: 3582276314}, TokenPrice: 0.00000003503477112141, MarketCap: 35.03}
  2: MemeInfo{BondingState: BondingCurveState{CurrentSupply: 1000000000000000, VirtualTokenReserves: 956396666302585,  RealTokenReserves: 676496666302585,  VirtualSolReserves: 33657582819,  RealSolReserves: 3657582819}, TokenPrice: 0.00000003519207459089, MarketCap: 35.19}
  3: MemeInfo{BondingState: BondingCurveState{CurrentSupply: 1000000000000000, VirtualTokenReserves: 956396666302585,  RealTokenReserves: 676496666302585,  VirtualSolReserves: 33657582819,  RealSolReserves: 3657582819}, TokenPrice: 0.00000003519207459089, MarketCap: 35.19}
  4: MemeInfo{BondingState: BondingCurveState{CurrentSupply: 1000000000000000, VirtualTokenReserves: 956396666302585,  RealTokenReserves: 676496666302585,  VirtualSolReserves: 33657582819,  RealSolReserves: 3657582819}, TokenPrice: 0.00000003519207459089, MarketCap: 35.19}
]",true,false
CURRENTLY TRADING,7aJ6kd7ts8xfgynsWNMfh9zwB5BqfMgeDdKbzso1pump,this will attract the rabbit,🥕,2025-02-23 17:43:53.599165 +0200 EET m=+77.634775082,"[
  0: MemeInfo{BondingState: nil, TokenPrice: 0.00000000000000000000, MarketCap: 0.00}
  1: MemeInfo{BondingState: BondingCurveState{CurrentSupply: 1000000000000000, VirtualTokenReserves: 977126855109850,  RealTokenReserves: 697226855109850,  VirtualSolReserves: 32943521955,  RealSolReserves: 2943521955}, TokenPrice: 0.00000003371468277913, MarketCap: 33.71}
  2: MemeInfo{BondingState: BondingCurveState{CurrentSupply: 1000000000000000, VirtualTokenReserves: 922571019938015,  RealTokenReserves: 642671019938015,  VirtualSolReserves: 34891622784,  RealSolReserves: 4891622784}, TokenPrice: 0.00000003781998570294, MarketCap: 37.82}
  3: MemeInfo{BondingState: BondingCurveState{CurrentSupply: 1000000000000000, VirtualTokenReserves: 888570330197276,  RealTokenReserves: 608670330197276,  VirtualSolReserves: 36226732914,  RealSolReserves: 6226732914}, TokenPrice: 0.00000004076968550813, MarketCap: 40.77}
  4: MemeInfo{BondingState: BondingCurveState{CurrentSupply: 1000000000000000, VirtualTokenReserves: 863937781080964,  RealTokenReserves: 584037781080964,  VirtualSolReserves: 37259627646,  RealSolReserves: 7259627646}, TokenPrice: 0.00000004312767477234, MarketCap: 43.13}
]",true,false
#,#,#,#,#,#,#,#,#,#,#,#,#
CURRENTLY TRADING,FT4yE1D5gAKzrDjU123Dk5oYjMSNoZJnNhPUhXYupump,Smol Giga Ye (SMY),SMY,2025-02-23 17:44:08.531234 +0200 EET m=+92.566667530,"[
  0: MemeInfo{BondingState: nil, TokenPrice: 0.00000000000000000000, MarketCap: 0.00}
  1: MemeInfo{BondingState: BondingCurveState{CurrentSupply: 1000000000000000, VirtualTokenReserves: 958541335909440,  RealTokenReserves: 678641335909440,  VirtualSolReserves: 33582276314,  RealSolReserves: 3582276314}, TokenPrice: 0.00000003503477112141, MarketCap: 35.03}
  2: MemeInfo{BondingState: BondingCurveState{CurrentSupply: 1000000000000000, VirtualTokenReserves: 956396666302585,  RealTokenReserves: 676496666302585,  VirtualSolReserves: 33657582819,  RealSolReserves: 3657582819}, TokenPrice: 0.00000003519207459089, MarketCap: 35.19}
  3: MemeInfo{BondingState: BondingCurveState{CurrentSupply: 1000000000000000, VirtualTokenReserves: 956396666302585,  RealTokenReserves: 676496666302585,  VirtualSolReserves: 33657582819,  RealSolReserves: 3657582819}, TokenPrice: 0.00000003519207459089, MarketCap: 35.19}
  4: MemeInfo{BondingState: BondingCurveState{CurrentSupply: 1000000000000000, VirtualTokenReserves: 956396666302585,  RealTokenReserves: 676496666302585,  VirtualSolReserves: 33657582819,  RealSolReserves: 3657582819}, TokenPrice: 0.00000003519207459089, MarketCap: 35.19}
  5: MemeInfo{BondingState: BondingCurveState{CurrentSupply: 1000000000000000, VirtualTokenReserves: 956396666302585,  RealTokenReserves: 676496666302585,  VirtualSolReserves: 33657582819,  RealSolReserves: 3657582819}, TokenPrice: 0.00000003519207459089, MarketCap: 35.19}
]",true,false
CURRENTLY TRADING,7aJ6kd7ts8xfgynsWNMfh9zwB5BqfMgeDdKbzso1pump,this will attract the rabbit,🥕,2025-02-23 17:44:08.698238 +0200 EET m=+92.733669492,"[
  0: MemeInfo{BondingState: nil, TokenPrice: 0.00000000000000000000, MarketCap: 0.00}
  1: MemeInfo{BondingState: BondingCurveState{CurrentSupply: 1000000000000000, VirtualTokenReserves: 977126855109850,  RealTokenReserves: 697226855109850,  VirtualSolReserves: 32943521955,  RealSolReserves: 2943521955}, TokenPrice: 0.00000003371468277913, MarketCap: 33.71}
  2: MemeInfo{BondingState: BondingCurveState{CurrentSupply: 1000000000000000, VirtualTokenReserves: 922571019938015,  RealTokenReserves: 642671019938015,  VirtualSolReserves: 34891622784,  RealSolReserves: 4891622784}, TokenPrice: 0.00000003781998570294, MarketCap: 37.82}
  3: MemeInfo{BondingState: BondingCurveState{CurrentSupply: 1000000000000000, VirtualTokenReserves: 888570330197276,  RealTokenReserves: 608670330197276,  VirtualSolReserves: 36226732914,  RealSolReserves: 6226732914}, TokenPrice: 0.00000004076968550813, MarketCap: 40.77}
  4: MemeInfo{BondingState: BondingCurveState{CurrentSupply: 1000000000000000, VirtualTokenReserves: 863937781080964,  RealTokenReserves: 584037781080964,  VirtualSolReserves: 37259627646,  RealSolReserves: 7259627646}, TokenPrice: 0.00000004312767477234, MarketCap: 43.13}
  5: MemeInfo{BondingState: BondingCurveState{CurrentSupply: 1000000000000000, VirtualTokenReserves: 855367230261057,  RealTokenReserves: 575467230261057,  VirtualSolReserves: 37632959154,  RealSolReserves: 7632959154}, TokenPrice: 0.00000004399626011218, MarketCap: 44.00}
]",true,false
CURRENTLY TRADING,HmVWzWasgSBGyKuk64qB8n5i9xpPWG2cVxxj86Sppump,DRINK WATER,DRINK,2025-02-23 17:44:10.369572 +0200 EET m=+94.404982832,"[
  0: MemeInfo{BondingState: nil, TokenPrice: 0.00000000000000000000, MarketCap: 0.00}
  1: MemeInfo{BondingState: nil, TokenPrice: 0.00000000000000000000, MarketCap: 0.00}
  2: MemeInfo{BondingState: BondingCurveState{CurrentSupply: 1000000000000000, VirtualTokenReserves: 963545035629672,  RealTokenReserves: 683645035629672,  VirtualSolReserves: 33407883199,  RealSolReserves: 3407883199}, TokenPrice: 0.00000003467184403806, MarketCap: 34.67}
  3: MemeInfo{BondingState: BondingCurveState{CurrentSupply: 1000000000000000, VirtualTokenReserves: 930185338886946,  RealTokenReserves: 650285338886946,  VirtualSolReserves: 34606006642,  RealSolReserves: 4606006642}, TokenPrice: 0.00000003720334560789, MarketCap: 37.20}
  4: MemeInfo{BondingState: BondingCurveState{CurrentSupply: 1000000000000000, VirtualTokenReserves: 918231443796444,  RealTokenReserves: 638331443796444,  VirtualSolReserves: 35056521136,  RealSolReserves: 5056521136}, TokenPrice: 0.00000003817830610446, MarketCap: 38.18}
]",false,false
CURRENTLY TRADING,BzuzsfP8edqLJqtZ1MwQMoUuyYbVfw5KFhk1Cxuhpump,BlockBee,BlockBee,2025-02-23 17:44:11.940947 +0200 EET m=+95.976339970,"[
  0: MemeInfo{BondingState: nil, TokenPrice: 0.00000000000000000000, MarketCap: 0.00}
  1: MemeInfo{BondingState: BondingCurveState{CurrentSupply: 1000000000000000, VirtualTokenReserves: 1005982574363356,  RealTokenReserves: 726082574363356,  VirtualSolReserves: 31998566203,  RealSolReserves: 1998566203}, TokenPrice: 0.00000003180827085723, MarketCap: 31.81}
  2: MemeInfo{BondingState: BondingCurveState{CurrentSupply: 1000000000000000, VirtualTokenReserves: 630096778787620,  RealTokenReserves: 350196778787620,  VirtualSolReserves: 51087390215,  RealSolReserves: 21087390215}, TokenPrice: 0.00000008107864051186, MarketCap: 81.08}
  3: MemeInfo{BondingState: BondingCurveState{CurrentSupply: 1000000000000000, VirtualTokenReserves: 561269689590119,  RealTokenReserves: 281369689590119,  VirtualSolReserves: 57352108284,  RealSolReserves: 27352108284}, TokenPrice: 0.00000010218279972660, MarketCap: 102.18}
]",false,false
#,#,#,#,#,#,#,#,#,#,#,#,#
CURRENTLY TRADING,FT4yE1D5gAKzrDjU123Dk5oYjMSNoZJnNhPUhXYupump,Smol Giga Ye (SMY),SMY,2025-02-23 17:44:23.494123 +0200 EET m=+107.529378257,"[
  0: MemeInfo{BondingState: nil, TokenPrice: 0.00000000000000000000, MarketCap: 0.00}
  1: MemeInfo{BondingState: BondingCurveState{CurrentSupply: 1000000000000000, VirtualTokenReserves: 958541335909440,  RealTokenReserves: 678641335909440,  VirtualSolReserves: 33582276314,  RealSolReserves: 3582276314}, TokenPrice: 0.00000003503477112141, MarketCap: 35.03}
  2: MemeInfo{BondingState: BondingCurveState{CurrentSupply: 1000000000000000, VirtualTokenReserves: 956396666302585,  RealTokenReserves: 676496666302585,  VirtualSolReserves: 33657582819,  RealSolReserves: 3657582819}, TokenPrice: 0.00000003519207459089, MarketCap: 35.19}
  3: MemeInfo{BondingState: BondingCurveState{CurrentSupply: 1000000000000000, VirtualTokenReserves: 956396666302585,  RealTokenReserves: 676496666302585,  VirtualSolReserves: 33657582819,  RealSolReserves: 3657582819}, TokenPrice: 0.00000003519207459089, MarketCap: 35.19}
  4: MemeInfo{BondingState: BondingCurveState{CurrentSupply: 1000000000000000, VirtualTokenReserves: 956396666302585,  RealTokenReserves: 676496666302585,  VirtualSolReserves: 33657582819,  RealSolReserves: 3657582819}, TokenPrice: 0.00000003519207459089, MarketCap: 35.19}
  5: MemeInfo{BondingState: BondingCurveState{CurrentSupply: 1000000000000000, VirtualTokenReserves: 956396666302585,  RealTokenReserves: 676496666302585,  VirtualSolReserves: 33657582819,  RealSolReserves: 3657582819}, TokenPrice: 0.00000003519207459089, MarketCap: 35.19}
  6: MemeInfo{BondingState: BondingCurveState{CurrentSupply: 1000000000000000, VirtualTokenReserves: 956283004347543,  RealTokenReserves: 676383004347543,  VirtualSolReserves: 33661583295,  RealSolReserves: 3661583295}, TokenPrice: 0.00000003520044081299, MarketCap: 35.20}
]",true,false
CURRENTLY TRADING,7aJ6kd7ts8xfgynsWNMfh9zwB5BqfMgeDdKbzso1pump,this will attract the rabbit,🥕,2025-02-23 17:44:23.589694 +0200 EET m=+107.624948737,"[
  0: MemeInfo{BondingState: nil, TokenPrice: 0.00000000000000000000, MarketCap: 0.00}
  1: MemeInfo{BondingState: BondingCurveState{CurrentSupply: 1000000000000000, VirtualTokenReserves: 977126855109850,  RealTokenReserves: 697226855109850,  VirtualSolReserves: 32943521955,  RealSolReserves: 2943521955}, TokenPrice: 0.00000003371468277913, MarketCap: 33.71}
  2: MemeInfo{BondingState: BondingCurveState{CurrentSupply: 1000000000000000, VirtualTokenReserves: 922571019938015,  RealTokenReserves: 642671019938015,  VirtualSolReserves: 34891622784,  RealSolReserves: 4891622784}, TokenPrice: 0.00000003781998570294, MarketCap: 37.82}
  3: MemeInfo{BondingState: BondingCurveState{CurrentSupply: 1000000000000000, VirtualTokenReserves: 888570330197276,  RealTokenReserves: 608670330197276,  VirtualSolReserves: 36226732914,  RealSolReserves: 6226732914}, TokenPrice: 0.00000004076968550813, MarketCap: 40.77}
  4: MemeInfo{BondingState: BondingCurveState{CurrentSupply: 1000000000000000, VirtualTokenReserves: 863937781080964,  RealTokenReserves: 584037781080964,  VirtualSolReserves: 37259627646,  RealSolReserves: 7259627646}, TokenPrice: 0.00000004312767477234, MarketCap: 43.13}
  5: MemeInfo{BondingState: BondingCurveState{CurrentSupply: 1000000000000000, VirtualTokenReserves: 855367230261057,  RealTokenReserves: 575467230261057,  VirtualSolReserves: 37632959154,  RealSolReserves: 7632959154}, TokenPrice: 0.00000004399626011218, MarketCap: 44.00}
  6: MemeInfo{BondingState: BondingCurveState{CurrentSupply: 1000000000000000, VirtualTokenReserves: 839322732219566,  RealTokenReserves: 559422732219566,  VirtualSolReserves: 38352351018,  RealSolReserves: 8352351018}, TokenPrice: 0.00000004569440281521, MarketCap: 45.69}
]",true,false
CURRENTLY TRADING,HmVWzWasgSBGyKuk64qB8n5i9xpPWG2cVxxj86Sppump,DRINK WATER,DRINK,2025-02-23 17:44:23.70459 +0200 EET m=+107.739842867,"[
  0: MemeInfo{BondingState: nil, TokenPrice: 0.00000000000000000000, MarketCap: 0.00}
  1: MemeInfo{BondingState: nil, TokenPrice: 0.00000000000000000000, MarketCap: 0.00}
  2: MemeInfo{BondingState: BondingCurveState{CurrentSupply: 1000000000000000, VirtualTokenReserves: 963545035629672,  RealTokenReserves: 683645035629672,  VirtualSolReserves: 33407883199,  RealSolReserves: 3407883199}, TokenPrice: 0.00000003467184403806, MarketCap: 34.67}
  3: MemeInfo{BondingState: BondingCurveState{CurrentSupply: 1000000000000000, VirtualTokenReserves: 930185338886946,  RealTokenReserves: 650285338886946,  VirtualSolReserves: 34606006642,  RealSolReserves: 4606006642}, TokenPrice: 0.00000003720334560789, MarketCap: 37.20}
  4: MemeInfo{BondingState: BondingCurveState{CurrentSupply: 1000000000000000, VirtualTokenReserves: 918231443796444,  RealTokenReserves: 638331443796444,  VirtualSolReserves: 35056521136,  RealSolReserves: 5056521136}, TokenPrice: 0.00000003817830610446, MarketCap: 38.18}
  5: MemeInfo{BondingState: BondingCurveState{CurrentSupply: 1000000000000000, VirtualTokenReserves: 903660047721083,  RealTokenReserves: 623760047721083,  VirtualSolReserves: 35621802800,  RealSolReserves: 5621802800}, TokenPrice: 0.00000003941947294210, MarketCap: 39.42}
]",true,false
CURRENTLY TRADING,BzuzsfP8edqLJqtZ1MwQMoUuyYbVfw5KFhk1Cxuhpump,BlockBee,BlockBee,2025-02-23 17:44:23.823623 +0200 EET m=+107.858874421,"[
  0: MemeInfo{BondingState: nil, TokenPrice: 0.00000000000000000000, MarketCap: 0.00}
  1: MemeInfo{BondingState: BondingCurveState{CurrentSupply: 1000000000000000, VirtualTokenReserves: 1005982574363356,  RealTokenReserves: 726082574363356,  VirtualSolReserves: 31998566203,  RealSolReserves: 1998566203}, TokenPrice: 0.00000003180827085723, MarketCap: 31.81}
  2: MemeInfo{BondingState: BondingCurveState{CurrentSupply: 1000000000000000, VirtualTokenReserves: 630096778787620,  RealTokenReserves: 350196778787620,  VirtualSolReserves: 51087390215,  RealSolReserves: 21087390215}, TokenPrice: 0.00000008107864051186, MarketCap: 81.08}
  3: MemeInfo{BondingState: BondingCurveState{CurrentSupply: 1000000000000000, VirtualTokenReserves: 561269689590119,  RealTokenReserves: 281369689590119,  VirtualSolReserves: 57352108284,  RealSolReserves: 27352108284}, TokenPrice: 0.00000010218279972660, MarketCap: 102.18}
  4: MemeInfo{BondingState: BondingCurveState{CurrentSupply: 1000000000000000, VirtualTokenReserves: 559285791057108,  RealTokenReserves: 279385791057108,  VirtualSolReserves: 57555547682,  RealSolReserves: 27555547682}, TokenPrice: 0.00000010290901110363, MarketCap: 102.91}
]",true,false
#,#,#,#,#,#,#,#,#,#,#,#,#
CURRENTLY TRADING,FT4yE1D5gAKzrDjU123Dk5oYjMSNoZJnNhPUhXYupump,Smol Giga Ye (SMY),SMY,2025-02-23 17:44:38.498622 +0200 EET m=+122.533699637,"[
  0: MemeInfo{BondingState: nil, TokenPrice: 0.00000000000000000000, MarketCap: 0.00}
  1: MemeInfo{BondingState: BondingCurveState{CurrentSupply: 1000000000000000, VirtualTokenReserves: 958541335909440,  RealTokenReserves: 678641335909440,  VirtualSolReserves: 33582276314,  RealSolReserves: 3582276314}, TokenPrice: 0.00000003503477112141, MarketCap: 35.03}
  2: MemeInfo{BondingState: BondingCurveState{CurrentSupply: 1000000000000000, VirtualTokenReserves: 956396666302585,  RealTokenReserves: 676496666302585,  VirtualSolReserves: 33657582819,  RealSolReserves: 3657582819}, TokenPrice: 0.00000003519207459089, MarketCap: 35.19}
  3: MemeInfo{BondingState: BondingCurveState{CurrentSupply: 1000000000000000, VirtualTokenReserves: 956396666302585,  RealTokenReserves: 676496666302585,  VirtualSolReserves: 33657582819,  RealSolReserves: 3657582819}, TokenPrice: 0.00000003519207459089, MarketCap: 35.19}
  4: MemeInfo{BondingState: BondingCurveState{CurrentSupply: 1000000000000000, VirtualTokenReserves: 956396666302585,  RealTokenReserves: 676496666302585,  VirtualSolReserves: 33657582819,  RealSolReserves: 3657582819}, TokenPrice: 0.00000003519207459089, MarketCap: 35.19}
  5: MemeInfo{BondingState: BondingCurveState{CurrentSupply: 1000000000000000, VirtualTokenReserves: 956396666302585,  RealTokenReserves: 676496666302585,  VirtualSolReserves: 33657582819,  RealSolReserves: 3657582819}, TokenPrice: 0.00000003519207459089, MarketCap: 35.19}
  6: MemeInfo{BondingState: BondingCurveState{CurrentSupply: 1000000000000000, VirtualTokenReserves: 956283004347543,  RealTokenReserves: 676383004347543,  VirtualSolReserves: 33661583295,  RealSolReserves: 3661583295}, TokenPrice: 0.00000003520044081299, MarketCap: 35.20}
  7: MemeInfo{BondingState: BondingCurveState{CurrentSupply: 1000000000000000, VirtualTokenReserves: 955721403891986,  RealTokenReserves: 675821403891986,  VirtualSolReserves: 33681363495,  RealSolReserves: 3681363495}, TokenPrice: 0.00000003524182189270, MarketCap: 35.24}
]",true,false
CURRENTLY TRADING,7aJ6kd7ts8xfgynsWNMfh9zwB5BqfMgeDdKbzso1pump,this will attract the rabbit,🥕,2025-02-23 17:44:38.620584 +0200 EET m=+122.655660088,"[
  0: MemeInfo{BondingState: nil, TokenPrice: 0.00000000000000000000, MarketCap: 0.00}
  1: MemeInfo{BondingState: BondingCurveState{CurrentSupply: 1000000000000000, VirtualTokenReserves: 977126855109850,  RealTokenReserves: 697226855109850,  VirtualSolReserves: 32943521955,  RealSolReserves: 2943521955}, TokenPrice: 0.00000003371468277913, MarketCap: 33.71}
  2: MemeInfo{BondingState: BondingCurveState{CurrentSupply: 1000000000000000, VirtualTokenReserves: 922571019938015,  RealTokenReserves: 642671019938015,  VirtualSolReserves: 34891622784,  RealSolReserves: 4891622784}, TokenPrice: 0.00000003781998570294, MarketCap: 37.82}
  3: MemeInfo{BondingState: BondingCurveState{CurrentSupply: 1000000000000000, VirtualTokenReserves: 888570330197276,  RealTokenReserves: 608670330197276,  VirtualSolReserves: 36226732914,  RealSolReserves: 6226732914}, TokenPrice: 0.00000004076968550813, MarketCap: 40.77}
  4: MemeInfo{BondingState: BondingCurveState{CurrentSupply: 1000000000000000, VirtualTokenReserves: 863937781080964,  RealTokenReserves: 584037781080964,  VirtualSolReserves: 37259627646,  RealSolReserves: 7259627646}, TokenPrice: 0.00000004312767477234, MarketCap: 43.13}
  5: MemeInfo{BondingState: BondingCurveState{CurrentSupply: 1000000000000000, VirtualTokenReserves: 855367230261057,  RealTokenReserves: 575467230261057,  VirtualSolReserves: 37632959154,  RealSolReserves: 7632959154}, TokenPrice: 0.00000004399626011218, MarketCap: 44.00}
  6: MemeInfo{BondingState: BondingCurveState{CurrentSupply: 1000000000000000, VirtualTokenReserves: 839322732219566,  RealTokenReserves: 559422732219566,  VirtualSolReserves: 38352351018,  RealSolReserves: 8352351018}, TokenPrice: 0.00000004569440281521, MarketCap: 45.69}
  7: MemeInfo{BondingState: BondingCurveState{CurrentSupply: 1000000000000000, VirtualTokenReserves: 861064105829049,  RealTokenReserves: 581164105829049,  VirtualSolReserves: 37383976213,  RealSolReserves: 7383976213}, TokenPrice: 0.00000004341601973642, MarketCap: 43.42}
]",true,false
CURRENTLY TRADING,HmVWzWasgSBGyKuk64qB8n5i9xpPWG2cVxxj86Sppump,DRINK WATER,DRINK,2025-02-23 17:44:38.738793 +0200 EET m=+122.773867174,"[
  0: MemeInfo{BondingState: nil, TokenPrice: 0.00000000000000000000, MarketCap: 0.00}
  1: MemeInfo{BondingState: nil, TokenPrice: 0.00000000000000000000, MarketCap: 0.00}
  2: MemeInfo{BondingState: BondingCurveState{CurrentSupply: 1000000000000000, VirtualTokenReserves: 963545035629672,  RealTokenReserves: 683645035629672,  VirtualSolReserves: 33407883199,  RealSolReserves: 3407883199}, TokenPrice: 0.00000003467184403806, MarketCap: 34.67}
  3: MemeInfo{BondingState: BondingCurveState{CurrentSupply: 1000000000000000, VirtualTokenReserves: 930185338886946,  RealTokenReserves: 650285338886946,  VirtualSolReserves: 34606006642,  RealSolReserves: 4606006642}, TokenPrice: 0.00000003720334560789, MarketCap: 37.20}
  4: MemeInfo{BondingState: BondingCurveState{CurrentSupply: 1000000000000000, VirtualTokenReserves: 918231443796444,  RealTokenReserves: 638331443796444,  VirtualSolReserves: 35056521136,  RealSolReserves: 5056521136}, TokenPrice: 0.00000003817830610446, MarketCap: 38.18}
  5: MemeInfo{BondingState: BondingCurveState{CurrentSupply: 1000000000000000, VirtualTokenReserves: 903660047721083,  RealTokenReserves: 623760047721083,  VirtualSolReserves: 35621802800,  RealSolReserves: 5621802800}, TokenPrice: 0.00000003941947294210, MarketCap: 39.42}
  6: MemeInfo{BondingState: BondingCurveState{CurrentSupply: 1000000000000000, VirtualTokenReserves: 898611479348942,  RealTokenReserves: 618711479348942,  VirtualSolReserves: 35821932792,  RealSolReserves: 5821932792}, TokenPrice: 0.00000003986364921351, MarketCap: 39.86}
]",true,false
CURRENTLY TRADING,BzuzsfP8edqLJqtZ1MwQMoUuyYbVfw5KFhk1Cxuhpump,BlockBee,BlockBee,2025-02-23 17:44:38.946101 +0200 EET m=+122.981173533,"[
  0: MemeInfo{BondingState: nil, TokenPrice: 0.00000000000000000000, MarketCap: 0.00}
  1: MemeInfo{BondingState: BondingCurveState{CurrentSupply: 1000000000000000, VirtualTokenReserves: 1005982574363356,  RealTokenReserves: 726082574363356,  VirtualSolReserves: 31998566203,  RealSolReserves: 1998566203}, TokenPrice: 0.00000003180827085723, MarketCap: 31.81}
  2: MemeInfo{BondingState: BondingCurveState{CurrentSupply: 1000000000000000, VirtualTokenReserves: 630096778787620,  RealTokenReserves: 350196778787620,  VirtualSolReserves: 51087390215,  RealSolReserves: 21087390215}, TokenPrice: 0.00000008107864051186, MarketCap: 81.08}
  3: MemeInfo{BondingState: BondingCurveState{CurrentSupply: 1000000000000000, VirtualTokenReserves: 561269689590119,  RealTokenReserves: 281369689590119,  VirtualSolReserves: 57352108284,  RealSolReserves: 27352108284}, TokenPrice: 0.00000010218279972660, MarketCap: 102.18}
  4: MemeInfo{BondingState: BondingCurveState{CurrentSupply: 1000000000000000, VirtualTokenReserves: 559285791057108,  RealTokenReserves: 279385791057108,  VirtualSolReserves: 57555547682,  RealSolReserves: 27555547682}, TokenPrice: 0.00000010290901110363, MarketCap: 102.91}
  5: MemeInfo{BondingState: BondingCurveState{CurrentSupply: 1000000000000000, VirtualTokenReserves: 559912744193603,  RealTokenReserves: 280012744193603,  VirtualSolReserves: 57491100800,  RealSolReserves: 27491100800}, TokenPrice: 0.00000010267867876949, MarketCap: 102.68}
]",true,true
CURRENTLY TRADING,4FgYDZxAZXjoaZhH4mZ3euXvqHsfGd7ydThjStYHpump,Grevara - AI Trading Platform,GREVARA,2025-02-23 17:44:39.782719 +0200 EET m=+123.817780914,"[
  0: MemeInfo{BondingState: nil, TokenPrice: 0.00000000000000000000, MarketCap: 0.00}
  1: MemeInfo{BondingState: BondingCurveState{CurrentSupply: 1000000000000000, VirtualTokenReserves: 545910207775487,  RealTokenReserves: 266010207775487,  VirtualSolReserves: 58965741159,  RealSolReserves: 28965741159}, TokenPrice: 0.00000010801362626883, MarketCap: 108.01}
  2: MemeInfo{BondingState: BondingCurveState{CurrentSupply: 1000000000000000, VirtualTokenReserves: 499386127660041,  RealTokenReserves: 219486127660041,  VirtualSolReserves: 64459139415,  RealSolReserves: 34459139415}, TokenPrice: 0.00000012907675212572, MarketCap: 129.08}
  3: MemeInfo{BondingState: BondingCurveState{CurrentSupply: 1000000000000000, VirtualTokenReserves: 494781191071862,  RealTokenReserves: 214881191071862,  VirtualSolReserves: 65059061695,  RealSolReserves: 35059061695}, TokenPrice: 0.00000013149057172941, MarketCap: 131.49}
]",false,false
CURRENTLY TRADING,BPLzd4RcJjCkh4bGCk7htcH2N3jfNrKd4emhnvDrpump,First Speaking Beluga,NOC,2025-02-23 17:44:44.056405 +0200 EET m=+128.091416146,"[
  0: MemeInfo{BondingState: nil, TokenPrice: 0.00000000000000000000, MarketCap: 0.00}
  1: MemeInfo{BondingState: nil, TokenPrice: 0.00000000000000000000, MarketCap: 0.00}
  2: MemeInfo{BondingState: BondingCurveState{CurrentSupply: 1000000000000000, VirtualTokenReserves: 895200469244549,  RealTokenReserves: 615300469244549,  VirtualSolReserves: 35958426209,  RealSolReserves: 5958426209}, TokenPrice: 0.00000004016801537129, MarketCap: 40.17}
  3: MemeInfo{BondingState: BondingCurveState{CurrentSupply: 1000000000000000, VirtualTokenReserves: 925487330590087,  RealTokenReserves: 645587330590087,  VirtualSolReserves: 34781675508,  RealSolReserves: 4781675508}, TokenPrice: 0.00000003758201150720, MarketCap: 37.58}
]",false,false
#,#,#,#,#,#,#,#,#,#,#,#,#
CURRENTLY TRADING,FT4yE1D5gAKzrDjU123Dk5oYjMSNoZJnNhPUhXYupump,Smol Giga Ye (SMY),SMY,2025-02-23 17:44:53.491067 +0200 EET m=+137.525965866,"[
  0: MemeInfo{BondingState: nil, TokenPrice: 0.00000000000000000000, MarketCap: 0.00}
  1: MemeInfo{BondingState: BondingCurveState{CurrentSupply: 1000000000000000, VirtualTokenReserves: 958541335909440,  RealTokenReserves: 678641335909440,  VirtualSolReserves: 33582276314,  RealSolReserves: 3582276314}, TokenPrice: 0.00000003503477112141, MarketCap: 35.03}
  2: MemeInfo{BondingState: BondingCurveState{CurrentSupply: 1000000000000000, VirtualTokenReserves: 956396666302585,  RealTokenReserves: 676496666302585,  VirtualSolReserves: 33657582819,  RealSolReserves: 3657582819}, TokenPrice: 0.00000003519207459089, MarketCap: 35.19}
  3: MemeInfo{BondingState: BondingCurveState{CurrentSupply: 1000000000000000, VirtualTokenReserves: 956396666302585,  RealTokenReserves: 676496666302585,  VirtualSolReserves: 33657582819,  RealSolReserves: 3657582819}, TokenPrice: 0.00000003519207459089, MarketCap: 35.19}
  4: MemeInfo{BondingState: BondingCurveState{CurrentSupply: 1000000000000000, VirtualTokenReserves: 956396666302585,  RealTokenReserves: 676496666302585,  VirtualSolReserves: 33657582819,  RealSolReserves: 3657582819}, TokenPrice: 0.00000003519207459089, MarketCap: 35.19}
  5: MemeInfo{BondingState: BondingCurveState{CurrentSupply: 1000000000000000, VirtualTokenReserves: 956396666302585,  RealTokenReserves: 676496666302585,  VirtualSolReserves: 33657582819,  RealSolReserves: 3657582819}, TokenPrice: 0.00000003519207459089, MarketCap: 35.19}
  6: MemeInfo{BondingState: BondingCurveState{CurrentSupply: 1000000000000000, VirtualTokenReserves: 956283004347543,  RealTokenReserves: 676383004347543,  VirtualSolReserves: 33661583295,  RealSolReserves: 3661583295}, TokenPrice: 0.00000003520044081299, MarketCap: 35.20}
  7: MemeInfo{BondingState: BondingCurveState{CurrentSupply: 1000000000000000, VirtualTokenReserves: 955721403891986,  RealTokenReserves: 675821403891986,  VirtualSolReserves: 33681363495,  RealSolReserves: 3681363495}, TokenPrice: 0.00000003524182189270, MarketCap: 35.24}
  8: MemeInfo{BondingState: BondingCurveState{CurrentSupply: 1000000000000000, VirtualTokenReserves: 955721403891986,  RealTokenReserves: 675821403891986,  VirtualSolReserves: 33681363495,  RealSolReserves: 3681363495}, TokenPrice: 0.00000003524182189270, MarketCap: 35.24}
]",true,false
CURRENTLY TRADING,7aJ6kd7ts8xfgynsWNMfh9zwB5BqfMgeDdKbzso1pump,this will attract the rabbit,🥕,2025-02-23 17:44:53.604456 +0200 EET m=+137.639354451,"[
  0: MemeInfo{BondingState: nil, TokenPrice: 0.00000000000000000000, MarketCap: 0.00}
  1: MemeInfo{BondingState: BondingCurveState{CurrentSupply: 1000000000000000, VirtualTokenReserves: 977126855109850,  RealTokenReserves: 697226855109850,  VirtualSolReserves: 32943521955,  RealSolReserves: 2943521955}, TokenPrice: 0.00000003371468277913, MarketCap: 33.71}
  2: MemeInfo{BondingState: BondingCurveState{CurrentSupply: 1000000000000000, VirtualTokenReserves: 922571019938015,  RealTokenReserves: 642671019938015,  VirtualSolReserves: 34891622784,  RealSolReserves: 4891622784}, TokenPrice: 0.00000003781998570294, MarketCap: 37.82}
  3: MemeInfo{BondingState: BondingCurveState{CurrentSupply: 1000000000000000, VirtualTokenReserves: 888570330197276,  RealTokenReserves: 608670330197276,  VirtualSolReserves: 36226732914,  RealSolReserves: 6226732914}, TokenPrice: 0.00000004076968550813, MarketCap: 40.77}
  4: MemeInfo{BondingState: BondingCurveState{CurrentSupply: 1000000000000000, VirtualTokenReserves: 863937781080964,  RealTokenReserves: 584037781080964,  VirtualSolReserves: 37259627646,  RealSolReserves: 7259627646}, TokenPrice: 0.00000004312767477234, MarketCap: 43.13}
  5: MemeInfo{BondingState: BondingCurveState{CurrentSupply: 1000000000000000, VirtualTokenReserves: 855367230261057,  RealTokenReserves: 575467230261057,  VirtualSolReserves: 37632959154,  RealSolReserves: 7632959154}, TokenPrice: 0.00000004399626011218, MarketCap: 44.00}
  6: MemeInfo{BondingState: BondingCurveState{CurrentSupply: 1000000000000000, VirtualTokenReserves: 839322732219566,  RealTokenReserves: 559422732219566,  VirtualSolReserves: 38352351018,  RealSolReserves: 8352351018}, TokenPrice: 0.00000004569440281521, MarketCap: 45.69}
  7: MemeInfo{BondingState: BondingCurveState{CurrentSupply: 1000000000000000, VirtualTokenReserves: 861064105829049,  RealTokenReserves: 581164105829049,  VirtualSolReserves: 37383976213,  RealSolReserves: 7383976213}, TokenPrice: 0.00000004341601973642, MarketCap: 43.42}
  8: MemeInfo{BondingState: BondingCurveState{CurrentSupply: 1000000000000000, VirtualTokenReserves: 981251084405778,  RealTokenReserves: 701351084405778,  VirtualSolReserves: 32805059347,  RealSolReserves: 2805059347}, TokenPrice: 0.00000003343187066832, MarketCap: 33.43}
]",true,false
CURRENTLY TRADING,HmVWzWasgSBGyKuk64qB8n5i9xpPWG2cVxxj86Sppump,DRINK WATER,DRINK,2025-02-23 17:44:53.72161 +0200 EET m=+137.756506937,"[
  0: MemeInfo{BondingState: nil, TokenPrice: 0.00000000000000000000, MarketCap: 0.00}
  1: MemeInfo{BondingState: nil, TokenPrice: 0.00000000000000000000, MarketCap: 0.00}
  2: MemeInfo{BondingState: BondingCurveState{CurrentSupply: 1000000000000000, VirtualTokenReserves: 963545035629672,  RealTokenReserves: 683645035629672,  VirtualSolReserves: 33407883199,  RealSolReserves: 3407883199}, TokenPrice: 0.00000003467184403806, MarketCap: 34.67}
  3: MemeInfo{BondingState: BondingCurveState{CurrentSupply: 1000000000000000, VirtualTokenReserves: 930185338886946,  RealTokenReserves: 650285338886946,  VirtualSolReserves: 34606006642,  RealSolReserves: 4606006642}, TokenPrice: 0.00000003720334560789, MarketCap: 37.20}
  4: MemeInfo{BondingState: BondingCurveState{CurrentSupply: 1000000000000000, VirtualTokenReserves: 918231443796444,  RealTokenReserves: 638331443796444,  VirtualSolReserves: 35056521136,  RealSolReserves: 5056521136}, TokenPrice: 0.00000003817830610446, MarketCap: 38.18}
  5: MemeInfo{BondingState: BondingCurveState{CurrentSupply: 1000000000000000, VirtualTokenReserves: 903660047721083,  RealTokenReserves: 623760047721083,  VirtualSolReserves: 35621802800,  RealSolReserves: 5621802800}, TokenPrice: 0.00000003941947294210, MarketCap: 39.42}
  6: MemeInfo{BondingState: BondingCurveState{CurrentSupply: 1000000000000000, VirtualTokenReserves: 898611479348942,  RealTokenReserves: 618711479348942,  VirtualSolReserves: 35821932792,  RealSolReserves: 5821932792}, TokenPrice: 0.00000003986364921351, MarketCap: 39.86}
  7: MemeInfo{BondingState: BondingCurveState{CurrentSupply: 1000000000000000, VirtualTokenReserves: 871179025342809,  RealTokenReserves: 591279025342809,  VirtualSolReserves: 36949925428,  RealSolReserves: 6949925428}, TokenPrice: 0.00000004241369954179, MarketCap: 42.41}
]",true,false
CURRENTLY TRADING,BzuzsfP8edqLJqtZ1MwQMoUuyYbVfw5KFhk1Cxuhpump,BlockBee,BlockBee,2025-02-23 17:44:53.841279 +0200 EET m=+137.876173985,"[
  0: MemeInfo{BondingState: nil, TokenPrice: 0.00000000000000000000, MarketCap: 0.00}
  1: MemeInfo{BondingState: BondingCurveState{CurrentSupply: 1000000000000000, VirtualTokenReserves: 1005982574363356,  RealTokenReserves: 726082574363356,  VirtualSolReserves: 31998566203,  RealSolReserves: 1998566203}, TokenPrice: 0.00000003180827085723, MarketCap: 31.81}
  2: MemeInfo{BondingState: BondingCurveState{CurrentSupply: 1000000000000000, VirtualTokenReserves: 630096778787620,  RealTokenReserves: 350196778787620,  VirtualSolReserves: 51087390215,  RealSolReserves: 21087390215}, TokenPrice: 0.00000008107864051186, MarketCap: 81.08}
  3: MemeInfo{BondingState: BondingCurveState{CurrentSupply: 1000000000000000, VirtualTokenReserves: 561269689590119,  RealTokenReserves: 281369689590119,  VirtualSolReserves: 57352108284,  RealSolReserves: 27352108284}, TokenPrice: 0.00000010218279972660, MarketCap: 102.18}
  4: MemeInfo{BondingState: BondingCurveState{CurrentSupply: 1000000000000000, VirtualTokenReserves: 559285791057108,  RealTokenReserves: 279385791057108,  VirtualSolReserves: 57555547682,  RealSolReserves: 27555547682}, TokenPrice: 0.00000010290901110363, MarketCap: 102.91}
  5: MemeInfo{BondingState: BondingCurveState{CurrentSupply: 1000000000000000, VirtualTokenReserves: 559912744193603,  RealTokenReserves: 280012744193603,  VirtualSolReserves: 57491100800,  RealSolReserves: 27491100800}, TokenPrice: 0.00000010267867876949, MarketCap: 102.68}
  6: MemeInfo{BondingState: BondingCurveState{CurrentSupply: 1000000000000000, VirtualTokenReserves: 559922444824737,  RealTokenReserves: 280022444824737,  VirtualSolReserves: 57490104770,  RealSolReserves: 27490104770}, TokenPrice: 0.00000010267512099465, MarketCap: 102.68}
]",true,true
CURRENTLY TRADING,4FgYDZxAZXjoaZhH4mZ3euXvqHsfGd7ydThjStYHpump,Grevara - AI Trading Platform,GREVARA,2025-02-23 17:44:53.953989 +0200 EET m=+137.988882862,"[
  0: MemeInfo{BondingState: nil, TokenPrice: 0.00000000000000000000, MarketCap: 0.00}
  1: MemeInfo{BondingState: BondingCurveState{CurrentSupply: 1000000000000000, VirtualTokenReserves: 545910207775487,  RealTokenReserves: 266010207775487,  VirtualSolReserves: 58965741159,  RealSolReserves: 28965741159}, TokenPrice: 0.00000010801362626883, MarketCap: 108.01}
  2: MemeInfo{BondingState: BondingCurveState{CurrentSupply: 1000000000000000, VirtualTokenReserves: 499386127660041,  RealTokenReserves: 219486127660041,  VirtualSolReserves: 64459139415,  RealSolReserves: 34459139415}, TokenPrice: 0.00000012907675212572, MarketCap: 129.08}
  3: MemeInfo{BondingState: BondingCurveState{CurrentSupply: 1000000000000000, VirtualTokenReserves: 494781191071862,  RealTokenReserves: 214881191071862,  VirtualSolReserves: 65059061695,  RealSolReserves: 35059061695}, TokenPrice: 0.00000013149057172941, MarketCap: 131.49}
  4: MemeInfo{BondingState: BondingCurveState{CurrentSupply: 1000000000000000, VirtualTokenReserves: 476033327823633,  RealTokenReserves: 196133327823633,  VirtualSolReserves: 67621315918,  RealSolReserves: 37621315918}, TokenPrice: 0.00000014205164211329, MarketCap: 142.05}
]",true,false
CURRENTLY TRADING,BPLzd4RcJjCkh4bGCk7htcH2N3jfNrKd4emhnvDrpump,First Speaking Beluga,NOC,2025-02-23 17:44:54.074877 +0200 EET m=+138.109769494,"[
  0: MemeInfo{BondingState: nil, TokenPrice: 0.00000000000000000000, MarketCap: 0.00}
  1: MemeInfo{BondingState: nil, TokenPrice: 0.00000000000000000000, MarketCap: 0.00}
  2: MemeInfo{BondingState: BondingCurveState{CurrentSupply: 1000000000000000, VirtualTokenReserves: 895200469244549,  RealTokenReserves: 615300469244549,  VirtualSolReserves: 35958426209,  RealSolReserves: 5958426209}, TokenPrice: 0.00000004016801537129, MarketCap: 40.17}
  3: MemeInfo{BondingState: BondingCurveState{CurrentSupply: 1000000000000000, VirtualTokenReserves: 925487330590087,  RealTokenReserves: 645587330590087,  VirtualSolReserves: 34781675508,  RealSolReserves: 4781675508}, TokenPrice: 0.00000003758201150720, MarketCap: 37.58}
  4: MemeInfo{BondingState: BondingCurveState{CurrentSupply: 1000000000000000, VirtualTokenReserves: 1066042590359530,  RealTokenReserves: 786142590359530,  VirtualSolReserves: 30195791723,  RealSolReserves: 195791723}, TokenPrice: 0.00000002832512696591, MarketCap: 28.33}
]",true,false
CURRENTLY TRADING,6omSVi8Tuk1gRXKnDaktC7rCwoo51cS2U9SyCuC3bAkC,this will attract the rabbit ,🥕,2025-02-23 17:45:08.348409 +0200 EET m=+152.383131514,"[
  0: MemeInfo{BondingState: nil, TokenPrice: 0.00000000000000000000, MarketCap: 0.00}
  1: MemeInfo{BondingState: BondingCurveState{CurrentSupply: 1000000000000000, VirtualTokenReserves: 797878344840803,  RealTokenReserves: 517978344840803,  VirtualSolReserves: 40344496394,  RealSolReserves: 10344496394}, TokenPrice: 0.00000005056472162062, MarketCap: 50.56}
  2: MemeInfo{BondingState: BondingCurveState{CurrentSupply: 1000000000000000, VirtualTokenReserves: 762564280698462,  RealTokenReserves: 482664280698462,  VirtualSolReserves: 42212834804,  RealSolReserves: 12212834804}, TokenPrice: 0.00000005535642813657, MarketCap: 55.36}
  3: MemeInfo{BondingState: BondingCurveState{CurrentSupply: 1000000000000000, VirtualTokenReserves: 762564280698462,  RealTokenReserves: 482664280698462,  VirtualSolReserves: 42212834804,  RealSolReserves: 12212834804}, TokenPrice: 0.00000005535642813657, MarketCap: 55.36}
]",false,false
#,#,#,#,#,#,#,#,#,#,#,#,#
