#,#,#,#,#,#,#,#,#,#,#,#,#
#,#,#,#,#,#,#,#,#,#,#,#,#
#,#,#,#,#,#,#,#,#,#,#,#,#
#,#,#,#,#,#,#,#,#,#,#,#,#
MONITOR,DSQedc1ESbqtFgR3Z5jbanHeYaRkYVJWim1mbySupump,Larga vida a la libertad,Libertad,2025-02-21 16:06:31.690852 +0200 EET m=+34.963424476,"[
  0: MemeInfo{BondingState: BondingCurveState{CurrentSupply: 1000000000000000, VirtualTokenReserves: 1019793942233694,  RealTokenReserves: 739893942233694,  VirtualSolReserves: 31565200250,  RealSolReserves: 1565200250}, TokenPrice: 0.00000003095252770463, MarketCap: 30.95}
  1: MemeInfo{BondingState: BondingCurveState{CurrentSupply: 1000000000000000, VirtualTokenReserves: 1021265273198072,  RealTokenReserves: 741365273198072,  VirtualSolReserves: 31519724449,  RealSolReserves: 1519724449}, TokenPrice: 0.00000003086340569507, MarketCap: 30.86}
]",false
#,#,#,#,#,#,#,#,#,#,#,#,#
MONITOR,CTs65yDQJVz9Q5T8Lpwur1MMc961vaig4JKSuFVYfoWx,My final letter before I go ,I'm Done ,2025-02-21 16:06:45.720761 +0200 EET m=+48.993059331,"[
  0: MemeInfo{BondingState: BondingCurveState{CurrentSupply: 1000000000000000, VirtualTokenReserves: 976409782696866,  RealTokenReserves: 696509782696866,  VirtualSolReserves: 32967715577,  RealSolReserves: 2967715577}, TokenPrice: 0.00000003376422088474, MarketCap: 33.76}
  1: MemeInfo{BondingState: BondingCurveState{CurrentSupply: 1000000000000000, VirtualTokenReserves: 975231555295209,  RealTokenReserves: 695331555295209,  VirtualSolReserves: 33007545571,  RealSolReserves: 3007545571}, TokenPrice: 0.00000003384585475293, MarketCap: 33.85}
]",false
MONITOR,2xMEF3x8yJuaW1YtVsiMfDtu8i5N3oQa3HX4bq7Upump,Apophidian,APOPHIDIAN,2025-02-21 16:06:46.43437 +0200 EET m=+49.706654801,"[
  0: MemeInfo{BondingState: BondingCurveState{CurrentSupply: 1000000000000000, VirtualTokenReserves: 1020317319490655,  RealTokenReserves: 740417319490655,  VirtualSolReserves: 31549008712,  RealSolReserves: 1549008712}, TokenPrice: 0.00000003092078131904, MarketCap: 30.92}
  1: MemeInfo{BondingState: BondingCurveState{CurrentSupply: 1000000000000000, VirtualTokenReserves: 1066839865579070,  RealTokenReserves: 786939865579070,  VirtualSolReserves: 30173225656,  RealSolReserves: 173225656}, TokenPrice: 0.00000002828280666061, MarketCap: 28.28}
]",false
MONITOR,DSQedc1ESbqtFgR3Z5jbanHeYaRkYVJWim1mbySupump,Larga vida a la libertad,Libertad,2025-02-21 16:06:37.912575 +0200 EET m=+41.185025914,"[
  0: MemeInfo{BondingState: BondingCurveState{CurrentSupply: 1000000000000000, VirtualTokenReserves: 1019793942233694,  RealTokenReserves: 739893942233694,  VirtualSolReserves: 31565200250,  RealSolReserves: 1565200250}, TokenPrice: 0.00000003095252770463, MarketCap: 30.95}
  1: MemeInfo{BondingState: BondingCurveState{CurrentSupply: 1000000000000000, VirtualTokenReserves: 1021265273198072,  RealTokenReserves: 741365273198072,  VirtualSolReserves: 31519724449,  RealSolReserves: 1519724449}, TokenPrice: 0.00000003086340569507, MarketCap: 30.86}
  2: MemeInfo{BondingState: BondingCurveState{CurrentSupply: 1000000000000000, VirtualTokenReserves: 1021265273198072,  RealTokenReserves: 741365273198072,  VirtualSolReserves: 31519724449,  RealSolReserves: 1519724449}, TokenPrice: 0.00000003086340569507, MarketCap: 30.86}
]",false
MONITOR,B1yey3NpRDuuDxrZusrLTfciGi4uw7LhXA5j2FBrpump,low effort wallet,LEW,2025-02-21 16:06:44.227979 +0200 EET m=+47.500306658,"[
  0: MemeInfo{BondingState: BondingCurveState{CurrentSupply: 1000000000000000, VirtualTokenReserves: 990702279606801,  RealTokenReserves: 710802279606801,  VirtualSolReserves: 32492102484,  RealSolReserves: 2492102484}, TokenPrice: 0.00000003279704019344, MarketCap: 32.80}
  1: MemeInfo{BondingState: BondingCurveState{CurrentSupply: 1000000000000000, VirtualTokenReserves: 968981470657806,  RealTokenReserves: 689081470657806,  VirtualSolReserves: 33220449491,  RealSolReserves: 3220449491}, TokenPrice: 0.00000003428388518972, MarketCap: 34.28}
]",false
#,#,#,#,#,#,#,#,#,#,#,#,#
MONITOR,CTs65yDQJVz9Q5T8Lpwur1MMc961vaig4JKSuFVYfoWx,My final letter before I go ,I'm Done ,2025-02-21 16:06:47.792074 +0200 EET m=+51.064332071,"[
  0: MemeInfo{BondingState: BondingCurveState{CurrentSupply: 1000000000000000, VirtualTokenReserves: 976409782696866,  RealTokenReserves: 696509782696866,  VirtualSolReserves: 32967715577,  RealSolReserves: 2967715577}, TokenPrice: 0.00000003376422088474, MarketCap: 33.76}
  1: MemeInfo{BondingState: BondingCurveState{CurrentSupply: 1000000000000000, VirtualTokenReserves: 975231555295209,  RealTokenReserves: 695331555295209,  VirtualSolReserves: 33007545571,  RealSolReserves: 3007545571}, TokenPrice: 0.00000003384585475293, MarketCap: 33.85}
  2: MemeInfo{BondingState: BondingCurveState{CurrentSupply: 1000000000000000, VirtualTokenReserves: 1070349314448883,  RealTokenReserves: 790449314448883,  VirtualSolReserves: 30074294038,  RealSolReserves: 74294038}, TokenPrice: 0.00000002809764404202, MarketCap: 28.10}
]",false
MONITOR,2xMEF3x8yJuaW1YtVsiMfDtu8i5N3oQa3HX4bq7Upump,Apophidian,APOPHIDIAN,2025-02-21 16:06:47.923516 +0200 EET m=+51.195771758,"[
  0: MemeInfo{BondingState: BondingCurveState{CurrentSupply: 1000000000000000, VirtualTokenReserves: 1020317319490655,  RealTokenReserves: 740417319490655,  VirtualSolReserves: 31549008712,  RealSolReserves: 1549008712}, TokenPrice: 0.00000003092078131904, MarketCap: 30.92}
  1: MemeInfo{BondingState: BondingCurveState{CurrentSupply: 1000000000000000, VirtualTokenReserves: 1066839865579070,  RealTokenReserves: 786939865579070,  VirtualSolReserves: 30173225656,  RealSolReserves: 173225656}, TokenPrice: 0.00000002828280666061, MarketCap: 28.28}
  2: MemeInfo{BondingState: BondingCurveState{CurrentSupply: 1000000000000000, VirtualTokenReserves: 1070470793102882,  RealTokenReserves: 790570793102882,  VirtualSolReserves: 30070881159,  RealSolReserves: 70881159}, TokenPrice: 0.00000002809126727487, MarketCap: 28.09}
]",false
MONITOR,BmyekHmjvWxw67rbj4PX3dM1YP2zH8PGY5x8U9ocpump,Musk supporting German Party,GerMusk,2025-02-21 16:06:47.937499 +0200 EET m=+51.209753943,"[
  0: MemeInfo{BondingState: BondingCurveState{CurrentSupply: 1000000000000000, VirtualTokenReserves: 1026965915733874,  RealTokenReserves: 747065915733874,  VirtualSolReserves: 31344759848,  RealSolReserves: 1344759848}, TokenPrice: 0.00000003052171388337, MarketCap: 30.52}
  1: MemeInfo{BondingState: BondingCurveState{CurrentSupply: 1000000000000000, VirtualTokenReserves: 1025877356320981,  RealTokenReserves: 745977356320981,  VirtualSolReserves: 31378019802,  RealSolReserves: 1378019802}, TokenPrice: 0.00000003058652148687, MarketCap: 30.59}
]",false
MONITOR,5kT6sVQfJGSUP9DSZEnu5zFRcTnUyS5MsKTFL8WLpump,table,table,2025-02-21 16:06:56.403381 +0200 EET m=+59.675470770,"[
  0: MemeInfo{BondingState: nil, TokenPrice: 0.00000000000000000000, MarketCap: 0.00}
  1: MemeInfo{BondingState: nil, TokenPrice: 0.00000000000000000000, MarketCap: 0.00}
]",false
MONITOR,DSQedc1ESbqtFgR3Z5jbanHeYaRkYVJWim1mbySupump,Larga vida a la libertad,Libertad,2025-02-21 16:06:48.195035 +0200 EET m=+51.467285086,"[
  0: MemeInfo{BondingState: BondingCurveState{CurrentSupply: 1000000000000000, VirtualTokenReserves: 1019793942233694,  RealTokenReserves: 739893942233694,  VirtualSolReserves: 31565200250,  RealSolReserves: 1565200250}, TokenPrice: 0.00000003095252770463, MarketCap: 30.95}
  1: MemeInfo{BondingState: BondingCurveState{CurrentSupply: 1000000000000000, VirtualTokenReserves: 1021265273198072,  RealTokenReserves: 741365273198072,  VirtualSolReserves: 31519724449,  RealSolReserves: 1519724449}, TokenPrice: 0.00000003086340569507, MarketCap: 30.86}
  2: MemeInfo{BondingState: BondingCurveState{CurrentSupply: 1000000000000000, VirtualTokenReserves: 1021265273198072,  RealTokenReserves: 741365273198072,  VirtualSolReserves: 31519724449,  RealSolReserves: 1519724449}, TokenPrice: 0.00000003086340569507, MarketCap: 30.86}
  3: MemeInfo{BondingState: BondingCurveState{CurrentSupply: 1000000000000000, VirtualTokenReserves: 1021265273198072,  RealTokenReserves: 741365273198072,  VirtualSolReserves: 31519724449,  RealSolReserves: 1519724449}, TokenPrice: 0.00000003086340569507, MarketCap: 30.86}
]",false
MONITOR,B1yey3NpRDuuDxrZusrLTfciGi4uw7LhXA5j2FBrpump,low effort wallet,LEW,2025-02-21 16:06:48.32219 +0200 EET m=+51.594437236,"[
  0: MemeInfo{BondingState: BondingCurveState{CurrentSupply: 1000000000000000, VirtualTokenReserves: 990702279606801,  RealTokenReserves: 710802279606801,  VirtualSolReserves: 32492102484,  RealSolReserves: 2492102484}, TokenPrice: 0.00000003279704019344, MarketCap: 32.80}
  1: MemeInfo{BondingState: BondingCurveState{CurrentSupply: 1000000000000000, VirtualTokenReserves: 968981470657806,  RealTokenReserves: 689081470657806,  VirtualSolReserves: 33220449491,  RealSolReserves: 3220449491}, TokenPrice: 0.00000003428388518972, MarketCap: 34.28}
  2: MemeInfo{BondingState: BondingCurveState{CurrentSupply: 1000000000000000, VirtualTokenReserves: 1019483754768588,  RealTokenReserves: 739583754768588,  VirtualSolReserves: 31574804261,  RealSolReserves: 1574804261}, TokenPrice: 0.00000003097136576558, MarketCap: 30.97}
]",false
#,#,#,#,#,#,#,#,#,#,#,#,#
MONITOR,B1yey3NpRDuuDxrZusrLTfciGi4uw7LhXA5j2FBrpump,low effort wallet,LEW,2025-02-21 16:06:58.361288 +0200 EET m=+61.633339370,"[
  0: MemeInfo{BondingState: BondingCurveState{CurrentSupply: 1000000000000000, VirtualTokenReserves: 990702279606801,  RealTokenReserves: 710802279606801,  VirtualSolReserves: 32492102484,  RealSolReserves: 2492102484}, TokenPrice: 0.00000003279704019344, MarketCap: 32.80}
  1: MemeInfo{BondingState: BondingCurveState{CurrentSupply: 1000000000000000, VirtualTokenReserves: 968981470657806,  RealTokenReserves: 689081470657806,  VirtualSolReserves: 33220449491,  RealSolReserves: 3220449491}, TokenPrice: 0.00000003428388518972, MarketCap: 34.28}
  2: MemeInfo{BondingState: BondingCurveState{CurrentSupply: 1000000000000000, VirtualTokenReserves: 1019483754768588,  RealTokenReserves: 739583754768588,  VirtualSolReserves: 31574804261,  RealSolReserves: 1574804261}, TokenPrice: 0.00000003097136576558, MarketCap: 30.97}
  3: MemeInfo{BondingState: BondingCurveState{CurrentSupply: 1000000000000000, VirtualTokenReserves: 1027460883603726,  RealTokenReserves: 747560883603726,  VirtualSolReserves: 31329659863,  RealSolReserves: 1329659863}, TokenPrice: 0.00000003049231397804, MarketCap: 30.49}
]",false
MONITOR,CTs65yDQJVz9Q5T8Lpwur1MMc961vaig4JKSuFVYfoWx,My final letter before I go ,I'm Done ,2025-02-21 16:06:57.751772 +0200 EET m=+61.023836065,"[
  0: MemeInfo{BondingState: BondingCurveState{CurrentSupply: 1000000000000000, VirtualTokenReserves: 976409782696866,  RealTokenReserves: 696509782696866,  VirtualSolReserves: 32967715577,  RealSolReserves: 2967715577}, TokenPrice: 0.00000003376422088474, MarketCap: 33.76}
  1: MemeInfo{BondingState: BondingCurveState{CurrentSupply: 1000000000000000, VirtualTokenReserves: 975231555295209,  RealTokenReserves: 695331555295209,  VirtualSolReserves: 33007545571,  RealSolReserves: 3007545571}, TokenPrice: 0.00000003384585475293, MarketCap: 33.85}
  2: MemeInfo{BondingState: BondingCurveState{CurrentSupply: 1000000000000000, VirtualTokenReserves: 1070349314448883,  RealTokenReserves: 790449314448883,  VirtualSolReserves: 30074294038,  RealSolReserves: 74294038}, TokenPrice: 0.00000002809764404202, MarketCap: 28.10}
  3: MemeInfo{BondingState: BondingCurveState{CurrentSupply: 1000000000000000, VirtualTokenReserves: 1070349314448883,  RealTokenReserves: 790449314448883,  VirtualSolReserves: 30074294038,  RealSolReserves: 74294038}, TokenPrice: 0.00000002809764404202, MarketCap: 28.10}
]",false
MONITOR,2xMEF3x8yJuaW1YtVsiMfDtu8i5N3oQa3HX4bq7Upump,Apophidian,APOPHIDIAN,2025-02-21 16:06:57.868414 +0200 EET m=+61.140475324,"[
  0: MemeInfo{BondingState: BondingCurveState{CurrentSupply: 1000000000000000, VirtualTokenReserves: 1020317319490655,  RealTokenReserves: 740417319490655,  VirtualSolReserves: 31549008712,  RealSolReserves: 1549008712}, TokenPrice: 0.00000003092078131904, MarketCap: 30.92}
  1: MemeInfo{BondingState: BondingCurveState{CurrentSupply: 1000000000000000, VirtualTokenReserves: 1066839865579070,  RealTokenReserves: 786939865579070,  VirtualSolReserves: 30173225656,  RealSolReserves: 173225656}, TokenPrice: 0.00000002828280666061, MarketCap: 28.28}
  2: MemeInfo{BondingState: BondingCurveState{CurrentSupply: 1000000000000000, VirtualTokenReserves: 1070470793102882,  RealTokenReserves: 790570793102882,  VirtualSolReserves: 30070881159,  RealSolReserves: 70881159}, TokenPrice: 0.00000002809126727487, MarketCap: 28.09}
  3: MemeInfo{BondingState: BondingCurveState{CurrentSupply: 1000000000000000, VirtualTokenReserves: 1070470793102882,  RealTokenReserves: 790570793102882,  VirtualSolReserves: 30070881159,  RealSolReserves: 70881159}, TokenPrice: 0.00000002809126727487, MarketCap: 28.09}
]",false
MONITOR,BmyekHmjvWxw67rbj4PX3dM1YP2zH8PGY5x8U9ocpump,Musk supporting German Party,GerMusk,2025-02-21 16:06:57.984691 +0200 EET m=+61.256750003,"[
  0: MemeInfo{BondingState: BondingCurveState{CurrentSupply: 1000000000000000, VirtualTokenReserves: 1026965915733874,  RealTokenReserves: 747065915733874,  VirtualSolReserves: 31344759848,  RealSolReserves: 1344759848}, TokenPrice: 0.00000003052171388337, MarketCap: 30.52}
  1: MemeInfo{BondingState: BondingCurveState{CurrentSupply: 1000000000000000, VirtualTokenReserves: 1025877356320981,  RealTokenReserves: 745977356320981,  VirtualSolReserves: 31378019802,  RealSolReserves: 1378019802}, TokenPrice: 0.00000003058652148687, MarketCap: 30.59}
  2: MemeInfo{BondingState: BondingCurveState{CurrentSupply: 1000000000000000, VirtualTokenReserves: 1027449728695733,  RealTokenReserves: 747549728695733,  VirtualSolReserves: 31330000003,  RealSolReserves: 1330000003}, TokenPrice: 0.00000003049297608241, MarketCap: 30.49}
]",false
MONITOR,5kT6sVQfJGSUP9DSZEnu5zFRcTnUyS5MsKTFL8WLpump,table,table,2025-02-21 16:06:58.10841 +0200 EET m=+61.380466935,"[
  0: MemeInfo{BondingState: nil, TokenPrice: 0.00000000000000000000, MarketCap: 0.00}
  1: MemeInfo{BondingState: nil, TokenPrice: 0.00000000000000000000, MarketCap: 0.00}
  2: MemeInfo{BondingState: nil, TokenPrice: 0.00000000000000000000, MarketCap: 0.00}
]",false
MONITOR,3TEyzk16rvyBECaa8JWY9BaH1s1KAhAowFyiikzHpump,Solana Gold,GOLDSOL,2025-02-21 16:06:58.337274 +0200 EET m=+61.609326141,"[
  0: MemeInfo{BondingState: BondingCurveState{CurrentSupply: 1000000000000000, VirtualTokenReserves: 994550617721556,  RealTokenReserves: 714650617721556,  VirtualSolReserves: 32366376760,  RealSolReserves: 2366376760}, TokenPrice: 0.00000003254371993066, MarketCap: 32.54}
  1: MemeInfo{BondingState: BondingCurveState{CurrentSupply: 1000000000000000, VirtualTokenReserves: 996594427245368,  RealTokenReserves: 716694427245368,  VirtualSolReserves: 32300000001,  RealSolReserves: 2300000001}, TokenPrice: 0.00000003241037589411, MarketCap: 32.41}
]",false
MONITOR,6qz1jLDB2guJRAxApuwiWwSBWcajYiwc5pEhaCBmpump,1ST FORTNITE COIN,JWCOIN,2025-02-21 16:07:01.631287 +0200 EET m=+64.903274253,"[
  0: MemeInfo{BondingState: BondingCurveState{CurrentSupply: 1000000000000000, VirtualTokenReserves: 993760315920310,  RealTokenReserves: 713860315920310,  VirtualSolReserves: 32392116575,  RealSolReserves: 2392116575}, TokenPrice: 0.00000003259550221122, MarketCap: 32.60}
  1: MemeInfo{BondingState: BondingCurveState{CurrentSupply: 1000000000000000, VirtualTokenReserves: 1008471078366846,  RealTokenReserves: 728571078366846,  VirtualSolReserves: 31919606515,  RealSolReserves: 1919606515}, TokenPrice: 0.00000003165148431097, MarketCap: 31.65}
]",false
MONITOR,DSQedc1ESbqtFgR3Z5jbanHeYaRkYVJWim1mbySupump,Larga vida a la libertad,Libertad,2025-02-21 16:06:58.253375 +0200 EET m=+61.525428340,"[
  0: MemeInfo{BondingState: BondingCurveState{CurrentSupply: 1000000000000000, VirtualTokenReserves: 1019793942233694,  RealTokenReserves: 739893942233694,  VirtualSolReserves: 31565200250,  RealSolReserves: 1565200250}, TokenPrice: 0.00000003095252770463, MarketCap: 30.95}
  1: MemeInfo{BondingState: BondingCurveState{CurrentSupply: 1000000000000000, VirtualTokenReserves: 1021265273198072,  RealTokenReserves: 741365273198072,  VirtualSolReserves: 31519724449,  RealSolReserves: 1519724449}, TokenPrice: 0.00000003086340569507, MarketCap: 30.86}
  2: MemeInfo{BondingState: BondingCurveState{CurrentSupply: 1000000000000000, VirtualTokenReserves: 1021265273198072,  RealTokenReserves: 741365273198072,  VirtualSolReserves: 31519724449,  RealSolReserves: 1519724449}, TokenPrice: 0.00000003086340569507, MarketCap: 30.86}
  3: MemeInfo{BondingState: BondingCurveState{CurrentSupply: 1000000000000000, VirtualTokenReserves: 1021265273198072,  RealTokenReserves: 741365273198072,  VirtualSolReserves: 31519724449,  RealSolReserves: 1519724449}, TokenPrice: 0.00000003086340569507, MarketCap: 30.86}
  4: MemeInfo{BondingState: BondingCurveState{CurrentSupply: 1000000000000000, VirtualTokenReserves: 1021265273198072,  RealTokenReserves: 741365273198072,  VirtualSolReserves: 31519724450,  RealSolReserves: 1519724450}, TokenPrice: 0.00000003086340569605, MarketCap: 30.86}
]",false
#,#,#,#,#,#,#,#,#,#,#,#,#
MONITOR,BmyekHmjvWxw67rbj4PX3dM1YP2zH8PGY5x8U9ocpump,Musk supporting German Party,GerMusk,2025-02-21 16:07:08.233764 +0200 EET m=+71.505622812,"[
  0: MemeInfo{BondingState: BondingCurveState{CurrentSupply: 1000000000000000, VirtualTokenReserves: 1026965915733874,  RealTokenReserves: 747065915733874,  VirtualSolReserves: 31344759848,  RealSolReserves: 1344759848}, TokenPrice: 0.00000003052171388337, MarketCap: 30.52}
  1: MemeInfo{BondingState: BondingCurveState{CurrentSupply: 1000000000000000, VirtualTokenReserves: 1025877356320981,  RealTokenReserves: 745977356320981,  VirtualSolReserves: 31378019802,  RealSolReserves: 1378019802}, TokenPrice: 0.00000003058652148687, MarketCap: 30.59}
  2: MemeInfo{BondingState: BondingCurveState{CurrentSupply: 1000000000000000, VirtualTokenReserves: 1027449728695733,  RealTokenReserves: 747549728695733,  VirtualSolReserves: 31330000003,  RealSolReserves: 1330000003}, TokenPrice: 0.00000003049297608241, MarketCap: 30.49}
  3: MemeInfo{BondingState: BondingCurveState{CurrentSupply: 1000000000000000, VirtualTokenReserves: 1027449728695733,  RealTokenReserves: 747549728695733,  VirtualSolReserves: 31330000003,  RealSolReserves: 1330000003}, TokenPrice: 0.00000003049297608241, MarketCap: 30.49}
]",false
MONITOR,CTs65yDQJVz9Q5T8Lpwur1MMc961vaig4JKSuFVYfoWx,My final letter before I go ,I'm Done ,2025-02-21 16:07:08.001601 +0200 EET m=+71.273464276,"[
  0: MemeInfo{BondingState: BondingCurveState{CurrentSupply: 1000000000000000, VirtualTokenReserves: 976409782696866,  RealTokenReserves: 696509782696866,  VirtualSolReserves: 32967715577,  RealSolReserves: 2967715577}, TokenPrice: 0.00000003376422088474, MarketCap: 33.76}
  1: MemeInfo{BondingState: BondingCurveState{CurrentSupply: 1000000000000000, VirtualTokenReserves: 975231555295209,  RealTokenReserves: 695331555295209,  VirtualSolReserves: 33007545571,  RealSolReserves: 3007545571}, TokenPrice: 0.00000003384585475293, MarketCap: 33.85}
  2: MemeInfo{BondingState: BondingCurveState{CurrentSupply: 1000000000000000, VirtualTokenReserves: 1070349314448883,  RealTokenReserves: 790449314448883,  VirtualSolReserves: 30074294038,  RealSolReserves: 74294038}, TokenPrice: 0.00000002809764404202, MarketCap: 28.10}
  3: MemeInfo{BondingState: BondingCurveState{CurrentSupply: 1000000000000000, VirtualTokenReserves: 1070349314448883,  RealTokenReserves: 790449314448883,  VirtualSolReserves: 30074294038,  RealSolReserves: 74294038}, TokenPrice: 0.00000002809764404202, MarketCap: 28.10}
  4: MemeInfo{BondingState: BondingCurveState{CurrentSupply: 1000000000000000, VirtualTokenReserves: 1070349314448883,  RealTokenReserves: 790449314448883,  VirtualSolReserves: 30074294038,  RealSolReserves: 74294038}, TokenPrice: 0.00000002809764404202, MarketCap: 28.10}
]",false
MONITOR,6qz1jLDB2guJRAxApuwiWwSBWcajYiwc5pEhaCBmpump,1ST FORTNITE COIN,JWCOIN,2025-02-21 16:07:08.591935 +0200 EET m=+71.863786479,"[
  0: MemeInfo{BondingState: BondingCurveState{CurrentSupply: 1000000000000000, VirtualTokenReserves: 993760315920310,  RealTokenReserves: 713860315920310,  VirtualSolReserves: 32392116575,  RealSolReserves: 2392116575}, TokenPrice: 0.00000003259550221122, MarketCap: 32.60}
  1: MemeInfo{BondingState: BondingCurveState{CurrentSupply: 1000000000000000, VirtualTokenReserves: 1008471078366846,  RealTokenReserves: 728571078366846,  VirtualSolReserves: 31919606515,  RealSolReserves: 1919606515}, TokenPrice: 0.00000003165148431097, MarketCap: 31.65}
  2: MemeInfo{BondingState: BondingCurveState{CurrentSupply: 1000000000000000, VirtualTokenReserves: 1008471078366846,  RealTokenReserves: 728571078366846,  VirtualSolReserves: 31919606515,  RealSolReserves: 1919606515}, TokenPrice: 0.00000003165148431097, MarketCap: 31.65}
]",false
MONITOR,2xk9DWGDs2VBRz66TMCEKSQJtqeoDUVfYXYTvJbapump,MAHA,MAHA,2025-02-21 16:07:08.449633 +0200 EET m=+71.721487512,"[
  0: MemeInfo{BondingState: BondingCurveState{CurrentSupply: 1000000000000000, VirtualTokenReserves: 1015746672966843,  RealTokenReserves: 735846672966843,  VirtualSolReserves: 31690972621,  RealSolReserves: 1690972621}, TokenPrice: 0.00000003119968144068, MarketCap: 31.20}
  1: MemeInfo{BondingState: BondingCurveState{CurrentSupply: 1000000000000000, VirtualTokenReserves: 1070380928462596,  RealTokenReserves: 790480928462596,  VirtualSolReserves: 30073405785,  RealSolReserves: 73405785}, TokenPrice: 0.00000002809598432232, MarketCap: 28.10}
]",false
MONITOR,DSQedc1ESbqtFgR3Z5jbanHeYaRkYVJWim1mbySupump,Larga vida a la libertad,Libertad,2025-02-21 16:07:08.716977 +0200 EET m=+71.988826674,"[
  0: MemeInfo{BondingState: BondingCurveState{CurrentSupply: 1000000000000000, VirtualTokenReserves: 1019793942233694,  RealTokenReserves: 739893942233694,  VirtualSolReserves: 31565200250,  RealSolReserves: 1565200250}, TokenPrice: 0.00000003095252770463, MarketCap: 30.95}
  1: MemeInfo{BondingState: BondingCurveState{CurrentSupply: 1000000000000000, VirtualTokenReserves: 1021265273198072,  RealTokenReserves: 741365273198072,  VirtualSolReserves: 31519724449,  RealSolReserves: 1519724449}, TokenPrice: 0.00000003086340569507, MarketCap: 30.86}
  2: MemeInfo{BondingState: BondingCurveState{CurrentSupply: 1000000000000000, VirtualTokenReserves: 1021265273198072,  RealTokenReserves: 741365273198072,  VirtualSolReserves: 31519724449,  RealSolReserves: 1519724449}, TokenPrice: 0.00000003086340569507, MarketCap: 30.86}
  3: MemeInfo{BondingState: BondingCurveState{CurrentSupply: 1000000000000000, VirtualTokenReserves: 1021265273198072,  RealTokenReserves: 741365273198072,  VirtualSolReserves: 31519724449,  RealSolReserves: 1519724449}, TokenPrice: 0.00000003086340569507, MarketCap: 30.86}
  4: MemeInfo{BondingState: BondingCurveState{CurrentSupply: 1000000000000000, VirtualTokenReserves: 1021265273198072,  RealTokenReserves: 741365273198072,  VirtualSolReserves: 31519724450,  RealSolReserves: 1519724450}, TokenPrice: 0.00000003086340569605, MarketCap: 30.86}
  5: MemeInfo{BondingState: BondingCurveState{CurrentSupply: 1000000000000000, VirtualTokenReserves: 1021265273198072,  RealTokenReserves: 741365273198072,  VirtualSolReserves: 31519724450,  RealSolReserves: 1519724450}, TokenPrice: 0.00000003086340569605, MarketCap: 30.86}
]",false
MONITOR,B1yey3NpRDuuDxrZusrLTfciGi4uw7LhXA5j2FBrpump,low effort wallet,LEW,2025-02-21 16:07:07.88837 +0200 EET m=+71.160235605,"[
  0: MemeInfo{BondingState: BondingCurveState{CurrentSupply: 1000000000000000, VirtualTokenReserves: 990702279606801,  RealTokenReserves: 710802279606801,  VirtualSolReserves: 32492102484,  RealSolReserves: 2492102484}, TokenPrice: 0.00000003279704019344, MarketCap: 32.80}
  1: MemeInfo{BondingState: BondingCurveState{CurrentSupply: 1000000000000000, VirtualTokenReserves: 968981470657806,  RealTokenReserves: 689081470657806,  VirtualSolReserves: 33220449491,  RealSolReserves: 3220449491}, TokenPrice: 0.00000003428388518972, MarketCap: 34.28}
  2: MemeInfo{BondingState: BondingCurveState{CurrentSupply: 1000000000000000, VirtualTokenReserves: 1019483754768588,  RealTokenReserves: 739583754768588,  VirtualSolReserves: 31574804261,  RealSolReserves: 1574804261}, TokenPrice: 0.00000003097136576558, MarketCap: 30.97}
  3: MemeInfo{BondingState: BondingCurveState{CurrentSupply: 1000000000000000, VirtualTokenReserves: 1027460883603726,  RealTokenReserves: 747560883603726,  VirtualSolReserves: 31329659863,  RealSolReserves: 1329659863}, TokenPrice: 0.00000003049231397804, MarketCap: 30.49}
  4: MemeInfo{BondingState: BondingCurveState{CurrentSupply: 1000000000000000, VirtualTokenReserves: 1043462850098522,  RealTokenReserves: 763562850098522,  VirtualSolReserves: 30849205608,  RealSolReserves: 849205608}, TokenPrice: 0.00000002956425866535, MarketCap: 29.56}
]",false
MONITOR,5kT6sVQfJGSUP9DSZEnu5zFRcTnUyS5MsKTFL8WLpump,table,table,2025-02-21 16:07:08.348519 +0200 EET m=+71.620375898,"[
  0: MemeInfo{BondingState: nil, TokenPrice: 0.00000000000000000000, MarketCap: 0.00}
  1: MemeInfo{BondingState: nil, TokenPrice: 0.00000000000000000000, MarketCap: 0.00}
  2: MemeInfo{BondingState: nil, TokenPrice: 0.00000000000000000000, MarketCap: 0.00}
  3: MemeInfo{BondingState: nil, TokenPrice: 0.00000000000000000000, MarketCap: 0.00}
]",false
MONITOR,2xMEF3x8yJuaW1YtVsiMfDtu8i5N3oQa3HX4bq7Upump,Apophidian,APOPHIDIAN,2025-02-21 16:07:08.130649 +0200 EET m=+71.402510382,"[
  0: MemeInfo{BondingState: BondingCurveState{CurrentSupply: 1000000000000000, VirtualTokenReserves: 1020317319490655,  RealTokenReserves: 740417319490655,  VirtualSolReserves: 31549008712,  RealSolReserves: 1549008712}, TokenPrice: 0.00000003092078131904, MarketCap: 30.92}
  1: MemeInfo{BondingState: BondingCurveState{CurrentSupply: 1000000000000000, VirtualTokenReserves: 1066839865579070,  RealTokenReserves: 786939865579070,  VirtualSolReserves: 30173225656,  RealSolReserves: 173225656}, TokenPrice: 0.00000002828280666061, MarketCap: 28.28}
  2: MemeInfo{BondingState: BondingCurveState{CurrentSupply: 1000000000000000, VirtualTokenReserves: 1070470793102882,  RealTokenReserves: 790570793102882,  VirtualSolReserves: 30070881159,  RealSolReserves: 70881159}, TokenPrice: 0.00000002809126727487, MarketCap: 28.09}
  3: MemeInfo{BondingState: BondingCurveState{CurrentSupply: 1000000000000000, VirtualTokenReserves: 1070470793102882,  RealTokenReserves: 790570793102882,  VirtualSolReserves: 30070881159,  RealSolReserves: 70881159}, TokenPrice: 0.00000002809126727487, MarketCap: 28.09}
  4: MemeInfo{BondingState: BondingCurveState{CurrentSupply: 1000000000000000, VirtualTokenReserves: 1070470793102882,  RealTokenReserves: 790570793102882,  VirtualSolReserves: 30070881159,  RealSolReserves: 70881159}, TokenPrice: 0.00000002809126727487, MarketCap: 28.09}
]",false
MONITOR,3TEyzk16rvyBECaa8JWY9BaH1s1KAhAowFyiikzHpump,Solana Gold,GOLDSOL,2025-02-21 16:07:08.45792 +0200 EET m=+71.729775001,"[
  0: MemeInfo{BondingState: BondingCurveState{CurrentSupply: 1000000000000000, VirtualTokenReserves: 994550617721556,  RealTokenReserves: 714650617721556,  VirtualSolReserves: 32366376760,  RealSolReserves: 2366376760}, TokenPrice: 0.00000003254371993066, MarketCap: 32.54}
  1: MemeInfo{BondingState: BondingCurveState{CurrentSupply: 1000000000000000, VirtualTokenReserves: 996594427245368,  RealTokenReserves: 716694427245368,  VirtualSolReserves: 32300000001,  RealSolReserves: 2300000001}, TokenPrice: 0.00000003241037589411, MarketCap: 32.41}
  2: MemeInfo{BondingState: BondingCurveState{CurrentSupply: 1000000000000000, VirtualTokenReserves: 996594427245368,  RealTokenReserves: 716694427245368,  VirtualSolReserves: 32300000001,  RealSolReserves: 2300000001}, TokenPrice: 0.00000003241037589411, MarketCap: 32.41}
]",false
MONITOR,3Wsjju3A5JGpjxHMMyAXZ5zoxiCGWiP4Ke9pSyAspump,dog taking off ,DTO,2025-02-21 16:07:15.25883 +0200 EET m=+78.530551655,"[
  0: MemeInfo{BondingState: BondingCurveState{CurrentSupply: 1000000000000000, VirtualTokenReserves: 990702279606801,  RealTokenReserves: 710802279606801,  VirtualSolReserves: 32492102484,  RealSolReserves: 2492102484}, TokenPrice: 0.00000003279704019344, MarketCap: 32.80}
  1: MemeInfo{BondingState: BondingCurveState{CurrentSupply: 1000000000000000, VirtualTokenReserves: 1004051784958547,  RealTokenReserves: 724151784958547,  VirtualSolReserves: 32060099373,  RealSolReserves: 2060099373}, TokenPrice: 0.00000003193072295004, MarketCap: 31.93}
]",false
#,#,#,#,#,#,#,#,#,#,#,#,#
MONITOR,B1yey3NpRDuuDxrZusrLTfciGi4uw7LhXA5j2FBrpump,low effort wallet,LEW,2025-02-21 16:07:18.487385 +0200 EET m=+81.759043737,"[
  0: MemeInfo{BondingState: BondingCurveState{CurrentSupply: 1000000000000000, VirtualTokenReserves: 990702279606801,  RealTokenReserves: 710802279606801,  VirtualSolReserves: 32492102484,  RealSolReserves: 2492102484}, TokenPrice: 0.00000003279704019344, MarketCap: 32.80}
  1: MemeInfo{BondingState: BondingCurveState{CurrentSupply: 1000000000000000, VirtualTokenReserves: 968981470657806,  RealTokenReserves: 689081470657806,  VirtualSolReserves: 33220449491,  RealSolReserves: 3220449491}, TokenPrice: 0.00000003428388518972, MarketCap: 34.28}
  2: MemeInfo{BondingState: BondingCurveState{CurrentSupply: 1000000000000000, VirtualTokenReserves: 1019483754768588,  RealTokenReserves: 739583754768588,  VirtualSolReserves: 31574804261,  RealSolReserves: 1574804261}, TokenPrice: 0.00000003097136576558, MarketCap: 30.97}
  3: MemeInfo{BondingState: BondingCurveState{CurrentSupply: 1000000000000000, VirtualTokenReserves: 1027460883603726,  RealTokenReserves: 747560883603726,  VirtualSolReserves: 31329659863,  RealSolReserves: 1329659863}, TokenPrice: 0.00000003049231397804, MarketCap: 30.49}
  4: MemeInfo{BondingState: BondingCurveState{CurrentSupply: 1000000000000000, VirtualTokenReserves: 1043462850098522,  RealTokenReserves: 763562850098522,  VirtualSolReserves: 30849205608,  RealSolReserves: 849205608}, TokenPrice: 0.00000002956425866535, MarketCap: 29.56}
  5: MemeInfo{BondingState: BondingCurveState{CurrentSupply: 1000000000000000, VirtualTokenReserves: 1006627177995226,  RealTokenReserves: 726727177995226,  VirtualSolReserves: 31978075608,  RealSolReserves: 1978075608}, TokenPrice: 0.00000003176754642338, MarketCap: 31.77}
]",false
MONITOR,3TEyzk16rvyBECaa8JWY9BaH1s1KAhAowFyiikzHpump,Solana Gold,GOLDSOL,2025-02-21 16:07:18.893317 +0200 EET m=+82.164967929,"[
  0: MemeInfo{BondingState: BondingCurveState{CurrentSupply: 1000000000000000, VirtualTokenReserves: 994550617721556,  RealTokenReserves: 714650617721556,  VirtualSolReserves: 32366376760,  RealSolReserves: 2366376760}, TokenPrice: 0.00000003254371993066, MarketCap: 32.54}
  1: MemeInfo{BondingState: BondingCurveState{CurrentSupply: 1000000000000000, VirtualTokenReserves: 996594427245368,  RealTokenReserves: 716694427245368,  VirtualSolReserves: 32300000001,  RealSolReserves: 2300000001}, TokenPrice: 0.00000003241037589411, MarketCap: 32.41}
  2: MemeInfo{BondingState: BondingCurveState{CurrentSupply: 1000000000000000, VirtualTokenReserves: 996594427245368,  RealTokenReserves: 716694427245368,  VirtualSolReserves: 32300000001,  RealSolReserves: 2300000001}, TokenPrice: 0.00000003241037589411, MarketCap: 32.41}
  3: MemeInfo{BondingState: BondingCurveState{CurrentSupply: 1000000000000000, VirtualTokenReserves: 996594427245368,  RealTokenReserves: 716694427245368,  VirtualSolReserves: 32300000001,  RealSolReserves: 2300000001}, TokenPrice: 0.00000003241037589411, MarketCap: 32.41}
]",false
MONITOR,2xk9DWGDs2VBRz66TMCEKSQJtqeoDUVfYXYTvJbapump,MAHA,MAHA,2025-02-21 16:07:18.241451 +0200 EET m=+81.513114303,"[
  0: MemeInfo{BondingState: BondingCurveState{CurrentSupply: 1000000000000000, VirtualTokenReserves: 1015746672966843,  RealTokenReserves: 735846672966843,  VirtualSolReserves: 31690972621,  RealSolReserves: 1690972621}, TokenPrice: 0.00000003119968144068, MarketCap: 31.20}
  1: MemeInfo{BondingState: BondingCurveState{CurrentSupply: 1000000000000000, VirtualTokenReserves: 1070380928462596,  RealTokenReserves: 790480928462596,  VirtualSolReserves: 30073405785,  RealSolReserves: 73405785}, TokenPrice: 0.00000002809598432232, MarketCap: 28.10}
  2: MemeInfo{BondingState: BondingCurveState{CurrentSupply: 1000000000000000, VirtualTokenReserves: 1070116784477432,  RealTokenReserves: 790216784477432,  VirtualSolReserves: 30080829003,  RealSolReserves: 80829003}, TokenPrice: 0.00000002810985626928, MarketCap: 28.11}
]",false
MONITOR,3Wsjju3A5JGpjxHMMyAXZ5zoxiCGWiP4Ke9pSyAspump,dog taking off ,DTO,2025-02-21 16:07:19.022797 +0200 EET m=+82.294445016,"[
  0: MemeInfo{BondingState: BondingCurveState{CurrentSupply: 1000000000000000, VirtualTokenReserves: 990702279606801,  RealTokenReserves: 710802279606801,  VirtualSolReserves: 32492102484,  RealSolReserves: 2492102484}, TokenPrice: 0.00000003279704019344, MarketCap: 32.80}
  1: MemeInfo{BondingState: BondingCurveState{CurrentSupply: 1000000000000000, VirtualTokenReserves: 1004051784958547,  RealTokenReserves: 724151784958547,  VirtualSolReserves: 32060099373,  RealSolReserves: 2060099373}, TokenPrice: 0.00000003193072295004, MarketCap: 31.93}
  2: MemeInfo{BondingState: BondingCurveState{CurrentSupply: 1000000000000000, VirtualTokenReserves: 919770494398618,  RealTokenReserves: 639870494398618,  VirtualSolReserves: 34997861106,  RealSolReserves: 4997861106}, TokenPrice: 0.00000003805064558946, MarketCap: 38.05}
]",false
MONITOR,2xMEF3x8yJuaW1YtVsiMfDtu8i5N3oQa3HX4bq7Upump,Apophidian,APOPHIDIAN,2025-02-21 16:07:18.774454 +0200 EET m=+82.046106706,"[
  0: MemeInfo{BondingState: BondingCurveState{CurrentSupply: 1000000000000000, VirtualTokenReserves: 1020317319490655,  RealTokenReserves: 740417319490655,  VirtualSolReserves: 31549008712,  RealSolReserves: 1549008712}, TokenPrice: 0.00000003092078131904, MarketCap: 30.92}
  1: MemeInfo{BondingState: BondingCurveState{CurrentSupply: 1000000000000000, VirtualTokenReserves: 1066839865579070,  RealTokenReserves: 786939865579070,  VirtualSolReserves: 30173225656,  RealSolReserves: 173225656}, TokenPrice: 0.00000002828280666061, MarketCap: 28.28}
  2: MemeInfo{BondingState: BondingCurveState{CurrentSupply: 1000000000000000, VirtualTokenReserves: 1070470793102882,  RealTokenReserves: 790570793102882,  VirtualSolReserves: 30070881159,  RealSolReserves: 70881159}, TokenPrice: 0.00000002809126727487, MarketCap: 28.09}
  3: MemeInfo{BondingState: BondingCurveState{CurrentSupply: 1000000000000000, VirtualTokenReserves: 1070470793102882,  RealTokenReserves: 790570793102882,  VirtualSolReserves: 30070881159,  RealSolReserves: 70881159}, TokenPrice: 0.00000002809126727487, MarketCap: 28.09}
  4: MemeInfo{BondingState: BondingCurveState{CurrentSupply: 1000000000000000, VirtualTokenReserves: 1070470793102882,  RealTokenReserves: 790570793102882,  VirtualSolReserves: 30070881159,  RealSolReserves: 70881159}, TokenPrice: 0.00000002809126727487, MarketCap: 28.09}
  5: MemeInfo{BondingState: BondingCurveState{CurrentSupply: 1000000000000000, VirtualTokenReserves: 1070470793102882,  RealTokenReserves: 790570793102882,  VirtualSolReserves: 30070881159,  RealSolReserves: 70881159}, TokenPrice: 0.00000002809126727487, MarketCap: 28.09}
]",false
MONITOR,6qz1jLDB2guJRAxApuwiWwSBWcajYiwc5pEhaCBmpump,1ST FORTNITE COIN,JWCOIN,2025-02-21 16:07:18.124191 +0200 EET m=+81.395857228,"[
  0: MemeInfo{BondingState: BondingCurveState{CurrentSupply: 1000000000000000, VirtualTokenReserves: 993760315920310,  RealTokenReserves: 713860315920310,  VirtualSolReserves: 32392116575,  RealSolReserves: 2392116575}, TokenPrice: 0.00000003259550221122, MarketCap: 32.60}
  1: MemeInfo{BondingState: BondingCurveState{CurrentSupply: 1000000000000000, VirtualTokenReserves: 1008471078366846,  RealTokenReserves: 728571078366846,  VirtualSolReserves: 31919606515,  RealSolReserves: 1919606515}, TokenPrice: 0.00000003165148431097, MarketCap: 31.65}
  2: MemeInfo{BondingState: BondingCurveState{CurrentSupply: 1000000000000000, VirtualTokenReserves: 1008471078366846,  RealTokenReserves: 728571078366846,  VirtualSolReserves: 31919606515,  RealSolReserves: 1919606515}, TokenPrice: 0.00000003165148431097, MarketCap: 31.65}
  3: MemeInfo{BondingState: BondingCurveState{CurrentSupply: 1000000000000000, VirtualTokenReserves: 905143493683821,  RealTokenReserves: 625243493683821,  VirtualSolReserves: 35563421968,  RealSolReserves: 5563421968}, TokenPrice: 0.00000003929036911403, MarketCap: 39.29}
]",false
MONITOR,BmyekHmjvWxw67rbj4PX3dM1YP2zH8PGY5x8U9ocpump,Musk supporting German Party,GerMusk,2025-02-21 16:07:17.781682 +0200 EET m=+81.053354306,"[
  0: MemeInfo{BondingState: BondingCurveState{CurrentSupply: 1000000000000000, VirtualTokenReserves: 1026965915733874,  RealTokenReserves: 747065915733874,  VirtualSolReserves: 31344759848,  RealSolReserves: 1344759848}, TokenPrice: 0.00000003052171388337, MarketCap: 30.52}
  1: MemeInfo{BondingState: BondingCurveState{CurrentSupply: 1000000000000000, VirtualTokenReserves: 1025877356320981,  RealTokenReserves: 745977356320981,  VirtualSolReserves: 31378019802,  RealSolReserves: 1378019802}, TokenPrice: 0.00000003058652148687, MarketCap: 30.59}
  2: MemeInfo{BondingState: BondingCurveState{CurrentSupply: 1000000000000000, VirtualTokenReserves: 1027449728695733,  RealTokenReserves: 747549728695733,  VirtualSolReserves: 31330000003,  RealSolReserves: 1330000003}, TokenPrice: 0.00000003049297608241, MarketCap: 30.49}
  3: MemeInfo{BondingState: BondingCurveState{CurrentSupply: 1000000000000000, VirtualTokenReserves: 1027449728695733,  RealTokenReserves: 747549728695733,  VirtualSolReserves: 31330000003,  RealSolReserves: 1330000003}, TokenPrice: 0.00000003049297608241, MarketCap: 30.49}
  4: MemeInfo{BondingState: BondingCurveState{CurrentSupply: 1000000000000000, VirtualTokenReserves: 1027449728695733,  RealTokenReserves: 747549728695733,  VirtualSolReserves: 31330000004,  RealSolReserves: 1330000004}, TokenPrice: 0.00000003049297608339, MarketCap: 30.49}
]",false
MONITOR,5kT6sVQfJGSUP9DSZEnu5zFRcTnUyS5MsKTFL8WLpump,table,table,2025-02-21 16:07:18.634063 +0200 EET m=+81.905718853,"[
  0: MemeInfo{BondingState: nil, TokenPrice: 0.00000000000000000000, MarketCap: 0.00}
  1: MemeInfo{BondingState: nil, TokenPrice: 0.00000000000000000000, MarketCap: 0.00}
  2: MemeInfo{BondingState: nil, TokenPrice: 0.00000000000000000000, MarketCap: 0.00}
  3: MemeInfo{BondingState: nil, TokenPrice: 0.00000000000000000000, MarketCap: 0.00}
  4: MemeInfo{BondingState: nil, TokenPrice: 0.00000000000000000000, MarketCap: 0.00}
]",false
MONITOR,7vV3V4iNGhGytDJfQ9TzsjJbKUtmuVqkeH6RxCjRpump,First token created by SEC,000114278,2025-02-21 16:07:23.829914 +0200 EET m=+87.101468926,"[
  0: MemeInfo{BondingState: BondingCurveState{CurrentSupply: 1000000000000000, VirtualTokenReserves: 999689439733769,  RealTokenReserves: 719789439733769,  VirtualSolReserves: 32200000041,  RealSolReserves: 2200000041}, TokenPrice: 0.00000003221000318817, MarketCap: 32.21}
  1: MemeInfo{BondingState: BondingCurveState{CurrentSupply: 1000000000000000, VirtualTokenReserves: 1005937500000000,  RealTokenReserves: 726037500000000,  VirtualSolReserves: 32000000001,  RealSolReserves: 2000000001}, TokenPrice: 0.00000003181112146729, MarketCap: 31.81}
]",false
MONITOR,DSQedc1ESbqtFgR3Z5jbanHeYaRkYVJWim1mbySupump,Larga vida a la libertad,Libertad,2025-02-21 16:07:18.370997 +0200 EET m=+81.642657909,"[
  0: MemeInfo{BondingState: BondingCurveState{CurrentSupply: 1000000000000000, VirtualTokenReserves: 1019793942233694,  RealTokenReserves: 739893942233694,  VirtualSolReserves: 31565200250,  RealSolReserves: 1565200250}, TokenPrice: 0.00000003095252770463, MarketCap: 30.95}
  1: MemeInfo{BondingState: BondingCurveState{CurrentSupply: 1000000000000000, VirtualTokenReserves: 1021265273198072,  RealTokenReserves: 741365273198072,  VirtualSolReserves: 31519724449,  RealSolReserves: 1519724449}, TokenPrice: 0.00000003086340569507, MarketCap: 30.86}
  2: MemeInfo{BondingState: BondingCurveState{CurrentSupply: 1000000000000000, VirtualTokenReserves: 1021265273198072,  RealTokenReserves: 741365273198072,  VirtualSolReserves: 31519724449,  RealSolReserves: 1519724449}, TokenPrice: 0.00000003086340569507, MarketCap: 30.86}
  3: MemeInfo{BondingState: BondingCurveState{CurrentSupply: 1000000000000000, VirtualTokenReserves: 1021265273198072,  RealTokenReserves: 741365273198072,  VirtualSolReserves: 31519724449,  RealSolReserves: 1519724449}, TokenPrice: 0.00000003086340569507, MarketCap: 30.86}
  4: MemeInfo{BondingState: BondingCurveState{CurrentSupply: 1000000000000000, VirtualTokenReserves: 1021265273198072,  RealTokenReserves: 741365273198072,  VirtualSolReserves: 31519724450,  RealSolReserves: 1519724450}, TokenPrice: 0.00000003086340569605, MarketCap: 30.86}
  5: MemeInfo{BondingState: BondingCurveState{CurrentSupply: 1000000000000000, VirtualTokenReserves: 1021265273198072,  RealTokenReserves: 741365273198072,  VirtualSolReserves: 31519724450,  RealSolReserves: 1519724450}, TokenPrice: 0.00000003086340569605, MarketCap: 30.86}
  6: MemeInfo{BondingState: BondingCurveState{CurrentSupply: 1000000000000000, VirtualTokenReserves: 1021265273198072,  RealTokenReserves: 741365273198072,  VirtualSolReserves: 31519724450,  RealSolReserves: 1519724450}, TokenPrice: 0.00000003086340569605, MarketCap: 30.86}
]",false
MONITOR,CTs65yDQJVz9Q5T8Lpwur1MMc961vaig4JKSuFVYfoWx,My final letter before I go ,I'm Done ,2025-02-21 16:07:17.991389 +0200 EET m=+81.263057624,"[
  0: MemeInfo{BondingState: BondingCurveState{CurrentSupply: 1000000000000000, VirtualTokenReserves: 976409782696866,  RealTokenReserves: 696509782696866,  VirtualSolReserves: 32967715577,  RealSolReserves: 2967715577}, TokenPrice: 0.00000003376422088474, MarketCap: 33.76}
  1: MemeInfo{BondingState: BondingCurveState{CurrentSupply: 1000000000000000, VirtualTokenReserves: 975231555295209,  RealTokenReserves: 695331555295209,  VirtualSolReserves: 33007545571,  RealSolReserves: 3007545571}, TokenPrice: 0.00000003384585475293, MarketCap: 33.85}
  2: MemeInfo{BondingState: BondingCurveState{CurrentSupply: 1000000000000000, VirtualTokenReserves: 1070349314448883,  RealTokenReserves: 790449314448883,  VirtualSolReserves: 30074294038,  RealSolReserves: 74294038}, TokenPrice: 0.00000002809764404202, MarketCap: 28.10}
  3: MemeInfo{BondingState: BondingCurveState{CurrentSupply: 1000000000000000, VirtualTokenReserves: 1070349314448883,  RealTokenReserves: 790449314448883,  VirtualSolReserves: 30074294038,  RealSolReserves: 74294038}, TokenPrice: 0.00000002809764404202, MarketCap: 28.10}
  4: MemeInfo{BondingState: BondingCurveState{CurrentSupply: 1000000000000000, VirtualTokenReserves: 1070349314448883,  RealTokenReserves: 790449314448883,  VirtualSolReserves: 30074294038,  RealSolReserves: 74294038}, TokenPrice: 0.00000002809764404202, MarketCap: 28.10}
  5: MemeInfo{BondingState: BondingCurveState{CurrentSupply: 1000000000000000, VirtualTokenReserves: 1070941298322648,  RealTokenReserves: 791041298322648,  VirtualSolReserves: 30057669881,  RealSolReserves: 57669881}, TokenPrice: 0.00000002806658957692, MarketCap: 28.07}
]",false
