BUY,C6zE4EJzZgTJhPykwjUKAETUr7aH4XL8iWXnGX6HWmtu,Milady ,MILADY,Entry market cap
BUY,5fb5tUqR69RyXTWu4kUUr6xzYZLtJrzf19cEwuhTwNqC,Quantora,QTRA,Entry market cap
BUY,86cUH2SVU74vhgYY6PsfnX6t4jVrdxPSYM7fghFt2Y2W,Pump Balls 2 holding for a bit,ws,Entry market cap
BUY,ATFnN3fSptZBYkmxq3tRutM5d5cSs2aC9qzrR7xsSZ3E,Mike Tyson,TYSON,Entry market cap
BUY,C9wYNH6pY4Z9W4CBdJrB89PAoroW7mBtZy4ryFi7KCfU,Justice For Blue,Blue,Entry market cap
SELL,86cUH2SVU74vhgYY6PsfnX6t4jVrdxPSYM7fghFt2Y2W,Pump Balls 2 holding for a bit,ws,Below entry market cap
SELL,C6zE4EJzZgTJhPykwjUKAETUr7aH4XL8iWXnGX6HWmtu,Milady ,MILADY,Below entry market cap
SELL,5fb5tUqR69RyXTWu4kUUr6xzYZLtJrzf19cEwuhTwNqC,Quantora,QTRA,Below entry market cap
SELL,ATFnN3fSptZBYkmxq3tRutM5d5cSs2aC9qzrR7xsSZ3E,Mike Tyson,TYSON,Below entry market cap
SELL,C9wYNH6pY4Z9W4CBdJrB89PAoroW7mBtZy4ryFi7KCfU,Justice For Blue,Blue,Below entry market cap
BUY,8S65kQ71gML8x9Mt1N7dYKvAVPM5eQH9LHXtEUSepump,SendiLabs,SEND,Entry market cap
BUY,28REPfj9LwkfvxUQz1MEFCYwjcPNRyW22EdfcrwqLyxQ,Always Dumping Hard Disorder,ADHD,Entry market cap
SELL,8S65kQ71gML8x9Mt1N7dYKvAVPM5eQH9LHXtEUSepump,SendiLabs,SEND,Below entry market cap
SELL,28REPfj9LwkfvxUQz1MEFCYwjcPNRyW22EdfcrwqLyxQ,Always Dumping Hard Disorder,ADHD,Below entry market cap
BUY,A6jPUksXdvguKuiaxuHNunKN1Y9UjbMSFaDWAYne5Wxk,MAKE TRENCHES GREAT AGAIN,MTGA,Entry market cap
BUY,BbvK7aNVZeETakUHLLDmQSBLTANWa7DXbkJymxdsGYjo,my relaxing picture,mrp,Entry market cap
SELL,A6jPUksXdvguKuiaxuHNunKN1Y9UjbMSFaDWAYne5Wxk,MAKE TRENCHES GREAT AGAIN,MTGA,Below entry market cap
SELL,BbvK7aNVZeETakUHLLDmQSBLTANWa7DXbkJymxdsGYjo,my relaxing picture,mrp,Below entry market cap
BUY,68BbCQWiJ9a6QAy2Z5AJpS6eFzch2NYWEMMt4aTapump,Hero,Hero,Entry market cap
SELL,68BbCQWiJ9a6QAy2Z5AJpS6eFzch2NYWEMMt4aTapump,Hero,Hero,Below entry market cap
BUY,B57or9Laafz1XEpd6Ucr6c2mnFpJwzJPMiwYbWYpump,SCRAPEX by Grok3,SCRAPEX,Entry market cap
SELL,B57or9Laafz1XEpd6Ucr6c2mnFpJwzJPMiwYbWYpump,SCRAPEX by Grok3,SCRAPEX,Below entry market cap
