BUY,F3zSdQhye8AkQwK36ynkQDq5AZhJRzsVY9445TYFpump,Cot on sol,COT,41.5325,0.000000041532502,Entry market cap
BUY,2cxB5B7CxnwDUUHHpAfmXfXzyWUXLNmfdRQZUcMkYAd1,new solana project,DRIPSTER,57.88899,0.00000005788899,Entry market cap
SELL,2cxB5B7CxnwDUUHHpAfmXfXzyWUXLNmfdRQZUcMkYAd1,new solana project,DRIPSTER,63.202755,0.000000063202755,Above exit market cap
BUY,DE7Aurvzek7vhvnQyCj7XB5ppUNmWtJK4gEeUSG7pump,smol fade,fad,35.481277,0.00000003548128,Entry market cap
BUY,HkmA7KRyRK73gKPrtNoXd12eBauR25d7kU2kcnd1f649,First Solana Dripster Token,OliveHN,59.022324,0.000000059022323,Entry market cap
SELL,HkmA7KRyRK73gKPrtNoXd12eBauR25d7kU2kcnd1f649,First Solana Dripster Token,OliveHN,49.33198,0.000000049331984,Above exit market cap
BUY,3bMkHcitcwMYcfkSRD1QwJfMfTvvpv7RuPriyqPQpump,TRUMP FIRST MEME 2.0,SPONGEBOB,281.61948,0.0000002816195,Entry market cap
SELL,3bMkHcitcwMYcfkSRD1QwJfMfTvvpv7RuPriyqPQpump,TRUMP FIRST MEME 2.0,SPONGEBOB,281.43973,0.00000028143972,Above exit market cap
BUY,8fWpsTfihQAdKM4ZPjQipdS8HeRbRxaN5LjERqD7drAW,yakovenko coefficient,YC,38.055298,0.000000038055298,Entry market cap
BUY,G7PB9oBRcATtA3b6hZg9RqL4CmQ8hraCcg3Ug3m5pump,ACT R : The Revival Cycle,ACT R,40.251247,0.000000040251248,Entry market cap
BUY,72u3ELuoMaqaghcmek8cXvWWr73MjDPePGWjXyTYpump,i am feg,feg,46.72575,0.000000046725752,Entry market cap
SELL,72u3ELuoMaqaghcmek8cXvWWr73MjDPePGWjXyTYpump,i am feg,feg,46.72575,0.000000046725752,Above exit market cap
SELL,G7PB9oBRcATtA3b6hZg9RqL4CmQ8hraCcg3Ug3m5pump,ACT R : The Revival Cycle,ACT R,49.667664,0.000000049667662,Above exit market cap
BUY,B41QbFQaso5RRuH4FbWGQPDZjSxwNEghfZQ77166pump,Solana Ain't Dead (yet),SAD,57.62313,0.00000005762313,Entry market cap
BUY,9WJXP8y8ZWPwFyYQuiKLci4BdAC6fKC1wdHgsLKwpump,Just A Chilli,$CHILLI,187.49629,0.0000001874963,Entry market cap
SELL,B41QbFQaso5RRuH4FbWGQPDZjSxwNEghfZQ77166pump,Solana Ain't Dead (yet),SAD,48.779716,0.000000048779714,Above exit market cap
SELL,9WJXP8y8ZWPwFyYQuiKLci4BdAC6fKC1wdHgsLKwpump,Just A Chilli,$CHILLI,190.50317,0.00000019050317,Above exit market cap
BUY,Fu1eXc5ycK21iJGkDaxKYhP7Cm3Q5eaYtvkPbsNDpump,new solana project,DRIPSTER,113.19142,0.00000011319142,Entry market cap
SELL,Fu1eXc5ycK21iJGkDaxKYhP7Cm3Q5eaYtvkPbsNDpump,new solana project,DRIPSTER,112.21284,0.00000011221283,Above exit market cap
BUY,ETdJ6KgrCjzvqwJQmG3A3P5Z8JFmbSXmzr5VSz1Zpump,Solana Dripster Token,Dripcoin,50.99257,0.00000005099257,Entry market cap
BUY,EhegQ47opUhKJv1AVBdhf5WAxB51VoyQKuUBkNRWpump,Goose Wif Knife,GWK,51.720684,0.000000051720683,Entry market cap
SELL,EhegQ47opUhKJv1AVBdhf5WAxB51VoyQKuUBkNRWpump,Goose Wif Knife,GWK,51.720684,0.000000051720683,Above exit market cap
