BUY,BA5PDmMgc7ds33n2QaL8R9YCM93tfXS4pb5E6bgJpump,cat taking off ,CTO,49.570446,0.000000049570446,Entry market cap
BUY,GcHwow8Te3Jf51w7Q3CyhHaeVgBvGeCG4A2ea9Kipump,Pepenut,PEPNUT,181.74763,0.00000018174764,Entry market cap
BUY,6kr1b53exBxwtxHDy5E27a9yDJd1nKvKpR38GMuupump,GOOGLE MAPS DOGE,DOOGLE,29.367058,0.000000029367058,Entry market cap
SELL,GcHwow8Te3Jf51w7Q3CyhHaeVgBvGeCG4A2ea9Kipump,Pepenut,PEPNUT,184.3459,0.0000001843459,Below entry market cap
SELL,6kr1b53exBxwtxHDy5E27a9yDJd1nKvKpR38GMuupump,GOOGLE MAPS DOGE,DOOGLE,29.283964,0.000000029283965,Below entry market cap
SELL,BA5PDmMgc7ds33n2QaL8R9YCM93tfXS4pb5E6bgJpump,cat taking off ,CTO,50.20376,0.000000050203756,Below entry market cap
BUY,BFP3WrbuK9fX6z5cTRTpzKyzH13X1yMYbUxKUYh3pump,Pacha the Golden,PACHA,35.102615,0.000000035102616,Entry market cap
BUY,UwKCw7TQE8eoUKGHUBpWvQgjvoM48zYW2Q9fzRrpump,New McDonalds Mascot,Otich,46.465595,0.000000046465594,Entry market cap
BUY,AoS5Fsf41LRrsRibzQnWk6kuQfxs79n7ixyisuFPpump,woman who stole 800k Trump coin,800k coin,42.11096,0.00000004211096,Entry market cap
BUY,Bggg8RUy22rK3NwPrX7SWDiLxZSUimEC2ocxjunTpump,Grok 3,GROK3,35.911774,0.000000035911775,Entry market cap
BUY,FeqbJTTudqK85xEyQV1rnufjvNYzWR3ECn5dC2k2pump,Grok 3,GROK3,35.911774,0.000000035911775,Entry market cap
SELL,FeqbJTTudqK85xEyQV1rnufjvNYzWR3ECn5dC2k2pump,Grok 3,GROK3,27.958994,0.000000027958993,Below entry market cap
SELL,UwKCw7TQE8eoUKGHUBpWvQgjvoM48zYW2Q9fzRrpump,New McDonalds Mascot,Otich,32.27964,0.00000003227964,Below entry market cap
SELL,Bggg8RUy22rK3NwPrX7SWDiLxZSUimEC2ocxjunTpump,Grok 3,GROK3,27.958994,0.000000027958993,Below entry market cap
SELL,BFP3WrbuK9fX6z5cTRTpzKyzH13X1yMYbUxKUYh3pump,Pacha the Golden,PACHA,35.67808,0.00000003567808,Below entry market cap
SELL,AoS5Fsf41LRrsRibzQnWk6kuQfxs79n7ixyisuFPpump,woman who stole 800k Trump coin,800k coin,65.534546,0.00000006553455,Below entry market cap
BUY,8gujdf3HNMqGDpKzcL8Xoz2gdiupgWDyopB4juTYpump,First Retard To Launch A Coin,DEVTARD,50.97552,0.00000005097552,Entry market cap
BUY,B6CwGA7KJCdQmSjicjdyFWykidEvSs7LqqHfbVtMpump,ANA Japain New Mascot,Soracchi,28.10191,0.000000028101908,Entry market cap
BUY,23nUtVYAVdbfggnfQ97BtZaSeAzBUc3KTnyrappGpump,we go jim,jim,36.16981,0.000000036169812,Entry market cap
SELL,B6CwGA7KJCdQmSjicjdyFWykidEvSs7LqqHfbVtMpump,ANA Japain New Mascot,Soracchi,28.035265,0.000000028035265,Below entry market cap
BUY,HR8M6ytc9fdsYK66UgnRyZPxo9Yea9rz7wee7JeHpump,FCB Official Coin,FCB,30.278057,0.00000003027806,Entry market cap
SELL,8gujdf3HNMqGDpKzcL8Xoz2gdiupgWDyopB4juTYpump,First Retard To Launch A Coin,DEVTARD,45.17419,0.00000004517419,Below entry market cap
BUY,3sGpowog43czNcZ8jTuWwNofhkyGzpE5MnDbNCH7pump,Soft Serve Salami Teasers Steam,SSSTS,31.626152,0.00000003162615,Entry market cap
BUY,qWuZYKSu2ava5niEB8K7ZKErrr2NG6ENRvQufpSpump,Aika Verse,AIKA,56.23632,0.00000005623632,Entry market cap
SELL,HR8M6ytc9fdsYK66UgnRyZPxo9Yea9rz7wee7JeHpump,FCB Official Coin,FCB,30.166182,0.00000003016618,Below entry market cap
BUY,DxqUjT7u9GugRevYGt7Fys1tDdruRhqcDhLB6FTdpump,Paco ,Paco ,31.501886,0.000000031501887,Entry market cap
SELL,qWuZYKSu2ava5niEB8K7ZKErrr2NG6ENRvQufpSpump,Aika Verse,AIKA,60.820038,0.000000060820035,Below entry market cap
BUY,gpvdu6N9pDhRqYKhrFD8v6A2J9kPHyqZoqgVvUJpump,DIH COIN,DIHCOIN,30.73834,0.00000003073834,Entry market cap
SELL,3sGpowog43czNcZ8jTuWwNofhkyGzpE5MnDbNCH7pump,Soft Serve Salami Teasers Steam,SSSTS,31.626152,0.00000003162615,Below entry market cap
SELL,23nUtVYAVdbfggnfQ97BtZaSeAzBUc3KTnyrappGpump,we go jim,jim,40.30731,0.00000004030731,Below entry market cap
BUY,CSwCHLmvDBe5cVgD1i3q5oDm3t53EBhyZwPVY4a5pump,Olly,OLLY,29.661695,0.000000029661695,Entry market cap
SELL,gpvdu6N9pDhRqYKhrFD8v6A2J9kPHyqZoqgVvUJpump,DIH COIN,DIHCOIN,30.547794,0.000000030547795,Below entry market cap
BUY,8QNvDk6PNtjbg8yAdUoLbn6xeq2vphFGCBVawAmrpump,Crucial,Crucial,28.406403,0.000000028406403,Entry market cap
BUY,4YpGYXcbPmiQrwMB4FWQ6Wsfdqaow5nyWknFVdoKpump,NEW DISNEY MASCOT,TINO,33.830383,0.000000033830382,Entry market cap
BUY,3muRcXy88YBYyDBmpBvWeejPPgym7Qfiq5smXPw6pump,doug the pug,doug ,29.607265,0.000000029607264,Entry market cap
SELL,CSwCHLmvDBe5cVgD1i3q5oDm3t53EBhyZwPVY4a5pump,Olly,OLLY,29.661695,0.000000029661695,Below entry market cap
SELL,DxqUjT7u9GugRevYGt7Fys1tDdruRhqcDhLB6FTdpump,Paco ,Paco ,31.275429,0.00000003127543,Below entry market cap
