#,#,#,#,#,#,#,#,#,#,#,#,#
#,#,#,#,#,#,#,#,#,#,#,#,#
#,#,#,#,#,#,#,#,#,#,#,#,#
#,#,#,#,#,#,#,#,#,#,#,#,#
#,#,#,#,#,#,#,#,#,#,#,#,#
#,#,#,#,#,#,#,#,#,#,#,#,#
#,#,#,#,#,#,#,#,#,#,#,#,#
CURRENTLY TRADING,HgEnL8vnRyYbhgbd4PHA87erFf8V5N8LLyhRNYpWpump,lemonhead,LEMON,2025-02-23 17:39:05.210372 +0200 EET m=+91.942804893,"[
  0: MemeInfo{BondingState: nil, TokenPrice: 0.00000000000000000000, MarketCap: 0.00}
  1: MemeInfo{BondingState: BondingCurveState{CurrentSupply: 1000000000000000, VirtualTokenReserves: 494709811383358,  RealTokenReserves: 214809811383358,  VirtualSolReserves: 65068448737,  RealSolReserves: 35068448737}, TokenPrice: 0.00000013152851882005, MarketCap: 131.53}
  2: MemeInfo{BondingState: BondingCurveState{CurrentSupply: 1000000000000000, VirtualTokenReserves: 446960571013906,  RealTokenReserves: 167060571013906,  VirtualSolReserves: 72019775547,  RealSolReserves: 42019775547}, TokenPrice: 0.00000016113227926040, MarketCap: 161.13}
  3: MemeInfo{BondingState: BondingCurveState{CurrentSupply: 1000000000000000, VirtualTokenReserves: 447335080469850,  RealTokenReserves: 167435080469850,  VirtualSolReserves: 71959480508,  RealSolReserves: 41959480508}, TokenPrice: 0.00000016086259193538, MarketCap: 160.86}
]",false,false
#,#,#,#,#,#,#,#,#,#,#,#,#
CURRENTLY TRADING,HgEnL8vnRyYbhgbd4PHA87erFf8V5N8LLyhRNYpWpump,lemonhead,LEMON,2025-02-23 17:39:20.673713 +0200 EET m=+107.405963186,"[
  0: MemeInfo{BondingState: nil, TokenPrice: 0.00000000000000000000, MarketCap: 0.00}
  1: MemeInfo{BondingState: BondingCurveState{CurrentSupply: 1000000000000000, VirtualTokenReserves: 494709811383358,  RealTokenReserves: 214809811383358,  VirtualSolReserves: 65068448737,  RealSolReserves: 35068448737}, TokenPrice: 0.00000013152851882005, MarketCap: 131.53}
  2: MemeInfo{BondingState: BondingCurveState{CurrentSupply: 1000000000000000, VirtualTokenReserves: 446960571013906,  RealTokenReserves: 167060571013906,  VirtualSolReserves: 72019775547,  RealSolReserves: 42019775547}, TokenPrice: 0.00000016113227926040, MarketCap: 161.13}
  3: MemeInfo{BondingState: BondingCurveState{CurrentSupply: 1000000000000000, VirtualTokenReserves: 447335080469850,  RealTokenReserves: 167435080469850,  VirtualSolReserves: 71959480508,  RealSolReserves: 41959480508}, TokenPrice: 0.00000016086259193538, MarketCap: 160.86}
  4: MemeInfo{BondingState: BondingCurveState{CurrentSupply: 1000000000000000, VirtualTokenReserves: 437595583324633,  RealTokenReserves: 157695583324633,  VirtualSolReserves: 73561071526,  RealSolReserves: 43561071526}, TokenPrice: 0.00000016810286558909, MarketCap: 168.10}
]",true,false
#,#,#,#,#,#,#,#,#,#,#,#,#
CURRENTLY TRADING,HgEnL8vnRyYbhgbd4PHA87erFf8V5N8LLyhRNYpWpump,lemonhead,LEMON,2025-02-23 17:39:34.962359 +0200 EET m=+121.694438689,"[
  0: MemeInfo{BondingState: nil, TokenPrice: 0.00000000000000000000, MarketCap: 0.00}
  1: MemeInfo{BondingState: BondingCurveState{CurrentSupply: 1000000000000000, VirtualTokenReserves: 494709811383358,  RealTokenReserves: 214809811383358,  VirtualSolReserves: 65068448737,  RealSolReserves: 35068448737}, TokenPrice: 0.00000013152851882005, MarketCap: 131.53}
  2: MemeInfo{BondingState: BondingCurveState{CurrentSupply: 1000000000000000, VirtualTokenReserves: 446960571013906,  RealTokenReserves: 167060571013906,  VirtualSolReserves: 72019775547,  RealSolReserves: 42019775547}, TokenPrice: 0.00000016113227926040, MarketCap: 161.13}
  3: MemeInfo{BondingState: BondingCurveState{CurrentSupply: 1000000000000000, VirtualTokenReserves: 447335080469850,  RealTokenReserves: 167435080469850,  VirtualSolReserves: 71959480508,  RealSolReserves: 41959480508}, TokenPrice: 0.00000016086259193538, MarketCap: 160.86}
  4: MemeInfo{BondingState: BondingCurveState{CurrentSupply: 1000000000000000, VirtualTokenReserves: 437595583324633,  RealTokenReserves: 157695583324633,  VirtualSolReserves: 73561071526,  RealSolReserves: 43561071526}, TokenPrice: 0.00000016810286558909, MarketCap: 168.10}
  5: MemeInfo{BondingState: BondingCurveState{CurrentSupply: 1000000000000000, VirtualTokenReserves: 437595583324633,  RealTokenReserves: 157695583324633,  VirtualSolReserves: 73561071526,  RealSolReserves: 43561071526}, TokenPrice: 0.00000016810286558909, MarketCap: 168.10}
]",true,false
#,#,#,#,#,#,#,#,#,#,#,#,#
CURRENTLY TRADING,HgEnL8vnRyYbhgbd4PHA87erFf8V5N8LLyhRNYpWpump,lemonhead,LEMON,2025-02-23 17:39:49.969175 +0200 EET m=+136.701076740,"[
  0: MemeInfo{BondingState: nil, TokenPrice: 0.00000000000000000000, MarketCap: 0.00}
  1: MemeInfo{BondingState: BondingCurveState{CurrentSupply: 1000000000000000, VirtualTokenReserves: 494709811383358,  RealTokenReserves: 214809811383358,  VirtualSolReserves: 65068448737,  RealSolReserves: 35068448737}, TokenPrice: 0.00000013152851882005, MarketCap: 131.53}
  2: MemeInfo{BondingState: BondingCurveState{CurrentSupply: 1000000000000000, VirtualTokenReserves: 446960571013906,  RealTokenReserves: 167060571013906,  VirtualSolReserves: 72019775547,  RealSolReserves: 42019775547}, TokenPrice: 0.00000016113227926040, MarketCap: 161.13}
  3: MemeInfo{BondingState: BondingCurveState{CurrentSupply: 1000000000000000, VirtualTokenReserves: 447335080469850,  RealTokenReserves: 167435080469850,  VirtualSolReserves: 71959480508,  RealSolReserves: 41959480508}, TokenPrice: 0.00000016086259193538, MarketCap: 160.86}
  4: MemeInfo{BondingState: BondingCurveState{CurrentSupply: 1000000000000000, VirtualTokenReserves: 437595583324633,  RealTokenReserves: 157695583324633,  VirtualSolReserves: 73561071526,  RealSolReserves: 43561071526}, TokenPrice: 0.00000016810286558909, MarketCap: 168.10}
  5: MemeInfo{BondingState: BondingCurveState{CurrentSupply: 1000000000000000, VirtualTokenReserves: 437595583324633,  RealTokenReserves: 157695583324633,  VirtualSolReserves: 73561071526,  RealSolReserves: 43561071526}, TokenPrice: 0.00000016810286558909, MarketCap: 168.10}
  6: MemeInfo{BondingState: BondingCurveState{CurrentSupply: 1000000000000000, VirtualTokenReserves: 428266668785162,  RealTokenReserves: 148366668785162,  VirtualSolReserves: 75163449203,  RealSolReserves: 45163449203}, TokenPrice: 0.00000017550618500434, MarketCap: 175.51}
]",true,false
#,#,#,#,#,#,#,#,#,#,#,#,#
CURRENTLY TRADING,HgEnL8vnRyYbhgbd4PHA87erFf8V5N8LLyhRNYpWpump,lemonhead,LEMON,2025-02-23 17:40:04.979662 +0200 EET m=+151.711385485,"[
  0: MemeInfo{BondingState: nil, TokenPrice: 0.00000000000000000000, MarketCap: 0.00}
  1: MemeInfo{BondingState: BondingCurveState{CurrentSupply: 1000000000000000, VirtualTokenReserves: 494709811383358,  RealTokenReserves: 214809811383358,  VirtualSolReserves: 65068448737,  RealSolReserves: 35068448737}, TokenPrice: 0.00000013152851882005, MarketCap: 131.53}
  2: MemeInfo{BondingState: BondingCurveState{CurrentSupply: 1000000000000000, VirtualTokenReserves: 446960571013906,  RealTokenReserves: 167060571013906,  VirtualSolReserves: 72019775547,  RealSolReserves: 42019775547}, TokenPrice: 0.00000016113227926040, MarketCap: 161.13}
  3: MemeInfo{BondingState: BondingCurveState{CurrentSupply: 1000000000000000, VirtualTokenReserves: 447335080469850,  RealTokenReserves: 167435080469850,  VirtualSolReserves: 71959480508,  RealSolReserves: 41959480508}, TokenPrice: 0.00000016086259193538, MarketCap: 160.86}
  4: MemeInfo{BondingState: BondingCurveState{CurrentSupply: 1000000000000000, VirtualTokenReserves: 437595583324633,  RealTokenReserves: 157695583324633,  VirtualSolReserves: 73561071526,  RealSolReserves: 43561071526}, TokenPrice: 0.00000016810286558909, MarketCap: 168.10}
  5: MemeInfo{BondingState: BondingCurveState{CurrentSupply: 1000000000000000, VirtualTokenReserves: 437595583324633,  RealTokenReserves: 157695583324633,  VirtualSolReserves: 73561071526,  RealSolReserves: 43561071526}, TokenPrice: 0.00000016810286558909, MarketCap: 168.10}
  6: MemeInfo{BondingState: BondingCurveState{CurrentSupply: 1000000000000000, VirtualTokenReserves: 428266668785162,  RealTokenReserves: 148366668785162,  VirtualSolReserves: 75163449203,  RealSolReserves: 45163449203}, TokenPrice: 0.00000017550618500434, MarketCap: 175.51}
  7: MemeInfo{BondingState: BondingCurveState{CurrentSupply: 1000000000000000, VirtualTokenReserves: 400479277064389,  RealTokenReserves: 120579277064389,  VirtualSolReserves: 80378690855,  RealSolReserves: 50378690855}, TokenPrice: 0.00000020070624239086, MarketCap: 200.71}
]",true,false
#,#,#,#,#,#,#,#,#,#,#,#,#
CURRENTLY TRADING,HgEnL8vnRyYbhgbd4PHA87erFf8V5N8LLyhRNYpWpump,lemonhead,LEMON,2025-02-23 17:40:19.977283 +0200 EET m=+166.708828757,"[
  0: MemeInfo{BondingState: nil, TokenPrice: 0.00000000000000000000, MarketCap: 0.00}
  1: MemeInfo{BondingState: BondingCurveState{CurrentSupply: 1000000000000000, VirtualTokenReserves: 494709811383358,  RealTokenReserves: 214809811383358,  VirtualSolReserves: 65068448737,  RealSolReserves: 35068448737}, TokenPrice: 0.00000013152851882005, MarketCap: 131.53}
  2: MemeInfo{BondingState: BondingCurveState{CurrentSupply: 1000000000000000, VirtualTokenReserves: 446960571013906,  RealTokenReserves: 167060571013906,  VirtualSolReserves: 72019775547,  RealSolReserves: 42019775547}, TokenPrice: 0.00000016113227926040, MarketCap: 161.13}
  3: MemeInfo{BondingState: BondingCurveState{CurrentSupply: 1000000000000000, VirtualTokenReserves: 447335080469850,  RealTokenReserves: 167435080469850,  VirtualSolReserves: 71959480508,  RealSolReserves: 41959480508}, TokenPrice: 0.00000016086259193538, MarketCap: 160.86}
  4: MemeInfo{BondingState: BondingCurveState{CurrentSupply: 1000000000000000, VirtualTokenReserves: 437595583324633,  RealTokenReserves: 157695583324633,  VirtualSolReserves: 73561071526,  RealSolReserves: 43561071526}, TokenPrice: 0.00000016810286558909, MarketCap: 168.10}
  5: MemeInfo{BondingState: BondingCurveState{CurrentSupply: 1000000000000000, VirtualTokenReserves: 437595583324633,  RealTokenReserves: 157695583324633,  VirtualSolReserves: 73561071526,  RealSolReserves: 43561071526}, TokenPrice: 0.00000016810286558909, MarketCap: 168.10}
  6: MemeInfo{BondingState: BondingCurveState{CurrentSupply: 1000000000000000, VirtualTokenReserves: 428266668785162,  RealTokenReserves: 148366668785162,  VirtualSolReserves: 75163449203,  RealSolReserves: 45163449203}, TokenPrice: 0.00000017550618500434, MarketCap: 175.51}
  7: MemeInfo{BondingState: BondingCurveState{CurrentSupply: 1000000000000000, VirtualTokenReserves: 400479277064389,  RealTokenReserves: 120579277064389,  VirtualSolReserves: 80378690855,  RealSolReserves: 50378690855}, TokenPrice: 0.00000020070624239086, MarketCap: 200.71}
  8: MemeInfo{BondingState: BondingCurveState{CurrentSupply: 1000000000000000, VirtualTokenReserves: 385006797594128,  RealTokenReserves: 105106797594128,  VirtualSolReserves: 83608913420,  RealSolReserves: 53608913420}, TokenPrice: 0.00000021716217464851, MarketCap: 217.16}
]",true,true
#,#,#,#,#,#,#,#,#,#,#,#,#
CURRENTLY TRADING,HgEnL8vnRyYbhgbd4PHA87erFf8V5N8LLyhRNYpWpump,lemonhead,LEMON,2025-02-23 17:40:34.983775 +0200 EET m=+181.715141888,"[
  0: MemeInfo{BondingState: nil, TokenPrice: 0.00000000000000000000, MarketCap: 0.00}
  1: MemeInfo{BondingState: BondingCurveState{CurrentSupply: 1000000000000000, VirtualTokenReserves: 494709811383358,  RealTokenReserves: 214809811383358,  VirtualSolReserves: 65068448737,  RealSolReserves: 35068448737}, TokenPrice: 0.00000013152851882005, MarketCap: 131.53}
  2: MemeInfo{BondingState: BondingCurveState{CurrentSupply: 1000000000000000, VirtualTokenReserves: 446960571013906,  RealTokenReserves: 167060571013906,  VirtualSolReserves: 72019775547,  RealSolReserves: 42019775547}, TokenPrice: 0.00000016113227926040, MarketCap: 161.13}
  3: MemeInfo{BondingState: BondingCurveState{CurrentSupply: 1000000000000000, VirtualTokenReserves: 447335080469850,  RealTokenReserves: 167435080469850,  VirtualSolReserves: 71959480508,  RealSolReserves: 41959480508}, TokenPrice: 0.00000016086259193538, MarketCap: 160.86}
  4: MemeInfo{BondingState: BondingCurveState{CurrentSupply: 1000000000000000, VirtualTokenReserves: 437595583324633,  RealTokenReserves: 157695583324633,  VirtualSolReserves: 73561071526,  RealSolReserves: 43561071526}, TokenPrice: 0.00000016810286558909, MarketCap: 168.10}
  5: MemeInfo{BondingState: BondingCurveState{CurrentSupply: 1000000000000000, VirtualTokenReserves: 437595583324633,  RealTokenReserves: 157695583324633,  VirtualSolReserves: 73561071526,  RealSolReserves: 43561071526}, TokenPrice: 0.00000016810286558909, MarketCap: 168.10}
  6: MemeInfo{BondingState: BondingCurveState{CurrentSupply: 1000000000000000, VirtualTokenReserves: 428266668785162,  RealTokenReserves: 148366668785162,  VirtualSolReserves: 75163449203,  RealSolReserves: 45163449203}, TokenPrice: 0.00000017550618500434, MarketCap: 175.51}
  7: MemeInfo{BondingState: BondingCurveState{CurrentSupply: 1000000000000000, VirtualTokenReserves: 400479277064389,  RealTokenReserves: 120579277064389,  VirtualSolReserves: 80378690855,  RealSolReserves: 50378690855}, TokenPrice: 0.00000020070624239086, MarketCap: 200.71}
  8: MemeInfo{BondingState: BondingCurveState{CurrentSupply: 1000000000000000, VirtualTokenReserves: 385006797594128,  RealTokenReserves: 105106797594128,  VirtualSolReserves: 83608913420,  RealSolReserves: 53608913420}, TokenPrice: 0.00000021716217464851, MarketCap: 217.16}
  9: MemeInfo{BondingState: BondingCurveState{CurrentSupply: 1000000000000000, VirtualTokenReserves: 810900108049375,  RealTokenReserves: 531000108049375,  VirtualSolReserves: 39696628113,  RealSolReserves: 9696628113}, TokenPrice: 0.00000004895378323292, MarketCap: 48.95}
]",true,true
#,#,#,#,#,#,#,#,#,#,#,#,#
CURRENTLY TRADING,HgEnL8vnRyYbhgbd4PHA87erFf8V5N8LLyhRNYpWpump,lemonhead,LEMON,2025-02-23 17:40:49.971659 +0200 EET m=+196.702847802,"[
  0: MemeInfo{BondingState: nil, TokenPrice: 0.00000000000000000000, MarketCap: 0.00}
  1: MemeInfo{BondingState: BondingCurveState{CurrentSupply: 1000000000000000, VirtualTokenReserves: 494709811383358,  RealTokenReserves: 214809811383358,  VirtualSolReserves: 65068448737,  RealSolReserves: 35068448737}, TokenPrice: 0.00000013152851882005, MarketCap: 131.53}
  2: MemeInfo{BondingState: BondingCurveState{CurrentSupply: 1000000000000000, VirtualTokenReserves: 446960571013906,  RealTokenReserves: 167060571013906,  VirtualSolReserves: 72019775547,  RealSolReserves: 42019775547}, TokenPrice: 0.00000016113227926040, MarketCap: 161.13}
  3: MemeInfo{BondingState: BondingCurveState{CurrentSupply: 1000000000000000, VirtualTokenReserves: 447335080469850,  RealTokenReserves: 167435080469850,  VirtualSolReserves: 71959480508,  RealSolReserves: 41959480508}, TokenPrice: 0.00000016086259193538, MarketCap: 160.86}
  4: MemeInfo{BondingState: BondingCurveState{CurrentSupply: 1000000000000000, VirtualTokenReserves: 437595583324633,  RealTokenReserves: 157695583324633,  VirtualSolReserves: 73561071526,  RealSolReserves: 43561071526}, TokenPrice: 0.00000016810286558909, MarketCap: 168.10}
  5: MemeInfo{BondingState: BondingCurveState{CurrentSupply: 1000000000000000, VirtualTokenReserves: 437595583324633,  RealTokenReserves: 157695583324633,  VirtualSolReserves: 73561071526,  RealSolReserves: 43561071526}, TokenPrice: 0.00000016810286558909, MarketCap: 168.10}
  6: MemeInfo{BondingState: BondingCurveState{CurrentSupply: 1000000000000000, VirtualTokenReserves: 428266668785162,  RealTokenReserves: 148366668785162,  VirtualSolReserves: 75163449203,  RealSolReserves: 45163449203}, TokenPrice: 0.00000017550618500434, MarketCap: 175.51}
  7: MemeInfo{BondingState: BondingCurveState{CurrentSupply: 1000000000000000, VirtualTokenReserves: 400479277064389,  RealTokenReserves: 120579277064389,  VirtualSolReserves: 80378690855,  RealSolReserves: 50378690855}, TokenPrice: 0.00000020070624239086, MarketCap: 200.71}
  8: MemeInfo{BondingState: BondingCurveState{CurrentSupply: 1000000000000000, VirtualTokenReserves: 385006797594128,  RealTokenReserves: 105106797594128,  VirtualSolReserves: 83608913420,  RealSolReserves: 53608913420}, TokenPrice: 0.00000021716217464851, MarketCap: 217.16}
  9: MemeInfo{BondingState: BondingCurveState{CurrentSupply: 1000000000000000, VirtualTokenReserves: 810900108049375,  RealTokenReserves: 531000108049375,  VirtualSolReserves: 39696628113,  RealSolReserves: 9696628113}, TokenPrice: 0.00000004895378323292, MarketCap: 48.95}
  10: MemeInfo{BondingState: BondingCurveState{CurrentSupply: 1000000000000000, VirtualTokenReserves: 873111940878941,  RealTokenReserves: 593211940878941,  VirtualSolReserves: 36868124839,  RealSolReserves: 6868124839}, TokenPrice: 0.00000004222611455970, MarketCap: 42.23}
]",true,true
#,#,#,#,#,#,#,#,#,#,#,#,#
CURRENTLY TRADING,HgEnL8vnRyYbhgbd4PHA87erFf8V5N8LLyhRNYpWpump,lemonhead,LEMON,2025-02-23 17:41:05.06804 +0200 EET m=+211.799049502,"[
  0: MemeInfo{BondingState: nil, TokenPrice: 0.00000000000000000000, MarketCap: 0.00}
  1: MemeInfo{BondingState: BondingCurveState{CurrentSupply: 1000000000000000, VirtualTokenReserves: 494709811383358,  RealTokenReserves: 214809811383358,  VirtualSolReserves: 65068448737,  RealSolReserves: 35068448737}, TokenPrice: 0.00000013152851882005, MarketCap: 131.53}
  2: MemeInfo{BondingState: BondingCurveState{CurrentSupply: 1000000000000000, VirtualTokenReserves: 446960571013906,  RealTokenReserves: 167060571013906,  VirtualSolReserves: 72019775547,  RealSolReserves: 42019775547}, TokenPrice: 0.00000016113227926040, MarketCap: 161.13}
  3: MemeInfo{BondingState: BondingCurveState{CurrentSupply: 1000000000000000, VirtualTokenReserves: 447335080469850,  RealTokenReserves: 167435080469850,  VirtualSolReserves: 71959480508,  RealSolReserves: 41959480508}, TokenPrice: 0.00000016086259193538, MarketCap: 160.86}
  4: MemeInfo{BondingState: BondingCurveState{CurrentSupply: 1000000000000000, VirtualTokenReserves: 437595583324633,  RealTokenReserves: 157695583324633,  VirtualSolReserves: 73561071526,  RealSolReserves: 43561071526}, TokenPrice: 0.00000016810286558909, MarketCap: 168.10}
  5: MemeInfo{BondingState: BondingCurveState{CurrentSupply: 1000000000000000, VirtualTokenReserves: 437595583324633,  RealTokenReserves: 157695583324633,  VirtualSolReserves: 73561071526,  RealSolReserves: 43561071526}, TokenPrice: 0.00000016810286558909, MarketCap: 168.10}
  6: MemeInfo{BondingState: BondingCurveState{CurrentSupply: 1000000000000000, VirtualTokenReserves: 428266668785162,  RealTokenReserves: 148366668785162,  VirtualSolReserves: 75163449203,  RealSolReserves: 45163449203}, TokenPrice: 0.00000017550618500434, MarketCap: 175.51}
  7: MemeInfo{BondingState: BondingCurveState{CurrentSupply: 1000000000000000, VirtualTokenReserves: 400479277064389,  RealTokenReserves: 120579277064389,  VirtualSolReserves: 80378690855,  RealSolReserves: 50378690855}, TokenPrice: 0.00000020070624239086, MarketCap: 200.71}
  8: MemeInfo{BondingState: BondingCurveState{CurrentSupply: 1000000000000000, VirtualTokenReserves: 385006797594128,  RealTokenReserves: 105106797594128,  VirtualSolReserves: 83608913420,  RealSolReserves: 53608913420}, TokenPrice: 0.00000021716217464851, MarketCap: 217.16}
  9: MemeInfo{BondingState: BondingCurveState{CurrentSupply: 1000000000000000, VirtualTokenReserves: 810900108049375,  RealTokenReserves: 531000108049375,  VirtualSolReserves: 39696628113,  RealSolReserves: 9696628113}, TokenPrice: 0.00000004895378323292, MarketCap: 48.95}
  10: MemeInfo{BondingState: BondingCurveState{CurrentSupply: 1000000000000000, VirtualTokenReserves: 873111940878941,  RealTokenReserves: 593211940878941,  VirtualSolReserves: 36868124839,  RealSolReserves: 6868124839}, TokenPrice: 0.00000004222611455970, MarketCap: 42.23}
  11: MemeInfo{BondingState: BondingCurveState{CurrentSupply: 1000000000000000, VirtualTokenReserves: 847131492411501,  RealTokenReserves: 567231492411501,  VirtualSolReserves: 37998823470,  RealSolReserves: 7998823470}, TokenPrice: 0.00000004485587398224, MarketCap: 44.86}
]",true,true
#,#,#,#,#,#,#,#,#,#,#,#,#
CURRENTLY TRADING,HgEnL8vnRyYbhgbd4PHA87erFf8V5N8LLyhRNYpWpump,lemonhead,LEMON,2025-02-23 17:41:20.006852 +0200 EET m=+226.737684084,"[
  0: MemeInfo{BondingState: nil, TokenPrice: 0.00000000000000000000, MarketCap: 0.00}
  1: MemeInfo{BondingState: BondingCurveState{CurrentSupply: 1000000000000000, VirtualTokenReserves: 494709811383358,  RealTokenReserves: 214809811383358,  VirtualSolReserves: 65068448737,  RealSolReserves: 35068448737}, TokenPrice: 0.00000013152851882005, MarketCap: 131.53}
  2: MemeInfo{BondingState: BondingCurveState{CurrentSupply: 1000000000000000, VirtualTokenReserves: 446960571013906,  RealTokenReserves: 167060571013906,  VirtualSolReserves: 72019775547,  RealSolReserves: 42019775547}, TokenPrice: 0.00000016113227926040, MarketCap: 161.13}
  3: MemeInfo{BondingState: BondingCurveState{CurrentSupply: 1000000000000000, VirtualTokenReserves: 447335080469850,  RealTokenReserves: 167435080469850,  VirtualSolReserves: 71959480508,  RealSolReserves: 41959480508}, TokenPrice: 0.00000016086259193538, MarketCap: 160.86}
  4: MemeInfo{BondingState: BondingCurveState{CurrentSupply: 1000000000000000, VirtualTokenReserves: 437595583324633,  RealTokenReserves: 157695583324633,  VirtualSolReserves: 73561071526,  RealSolReserves: 43561071526}, TokenPrice: 0.00000016810286558909, MarketCap: 168.10}
  5: MemeInfo{BondingState: BondingCurveState{CurrentSupply: 1000000000000000, VirtualTokenReserves: 437595583324633,  RealTokenReserves: 157695583324633,  VirtualSolReserves: 73561071526,  RealSolReserves: 43561071526}, TokenPrice: 0.00000016810286558909, MarketCap: 168.10}
  6: MemeInfo{BondingState: BondingCurveState{CurrentSupply: 1000000000000000, VirtualTokenReserves: 428266668785162,  RealTokenReserves: 148366668785162,  VirtualSolReserves: 75163449203,  RealSolReserves: 45163449203}, TokenPrice: 0.00000017550618500434, MarketCap: 175.51}
  7: MemeInfo{BondingState: BondingCurveState{CurrentSupply: 1000000000000000, VirtualTokenReserves: 400479277064389,  RealTokenReserves: 120579277064389,  VirtualSolReserves: 80378690855,  RealSolReserves: 50378690855}, TokenPrice: 0.00000020070624239086, MarketCap: 200.71}
  8: MemeInfo{BondingState: BondingCurveState{CurrentSupply: 1000000000000000, VirtualTokenReserves: 385006797594128,  RealTokenReserves: 105106797594128,  VirtualSolReserves: 83608913420,  RealSolReserves: 53608913420}, TokenPrice: 0.00000021716217464851, MarketCap: 217.16}
  9: MemeInfo{BondingState: BondingCurveState{CurrentSupply: 1000000000000000, VirtualTokenReserves: 810900108049375,  RealTokenReserves: 531000108049375,  VirtualSolReserves: 39696628113,  RealSolReserves: 9696628113}, TokenPrice: 0.00000004895378323292, MarketCap: 48.95}
  10: MemeInfo{BondingState: BondingCurveState{CurrentSupply: 1000000000000000, VirtualTokenReserves: 873111940878941,  RealTokenReserves: 593211940878941,  VirtualSolReserves: 36868124839,  RealSolReserves: 6868124839}, TokenPrice: 0.00000004222611455970, MarketCap: 42.23}
  11: MemeInfo{BondingState: BondingCurveState{CurrentSupply: 1000000000000000, VirtualTokenReserves: 847131492411501,  RealTokenReserves: 567231492411501,  VirtualSolReserves: 37998823470,  RealSolReserves: 7998823470}, TokenPrice: 0.00000004485587398224, MarketCap: 44.86}
  12: MemeInfo{BondingState: BondingCurveState{CurrentSupply: 1000000000000000, VirtualTokenReserves: 842592279104601,  RealTokenReserves: 562692279104601,  VirtualSolReserves: 38203530743,  RealSolReserves: 8203530743}, TokenPrice: 0.00000004534047093761, MarketCap: 45.34}
]",true,true
#,#,#,#,#,#,#,#,#,#,#,#,#
CURRENTLY TRADING,HgEnL8vnRyYbhgbd4PHA87erFf8V5N8LLyhRNYpWpump,lemonhead,LEMON,2025-02-23 17:41:35.023648 +0200 EET m=+241.754302634,"[
  0: MemeInfo{BondingState: nil, TokenPrice: 0.00000000000000000000, MarketCap: 0.00}
  1: MemeInfo{BondingState: BondingCurveState{CurrentSupply: 1000000000000000, VirtualTokenReserves: 494709811383358,  RealTokenReserves: 214809811383358,  VirtualSolReserves: 65068448737,  RealSolReserves: 35068448737}, TokenPrice: 0.00000013152851882005, MarketCap: 131.53}
  2: MemeInfo{BondingState: BondingCurveState{CurrentSupply: 1000000000000000, VirtualTokenReserves: 446960571013906,  RealTokenReserves: 167060571013906,  VirtualSolReserves: 72019775547,  RealSolReserves: 42019775547}, TokenPrice: 0.00000016113227926040, MarketCap: 161.13}
  3: MemeInfo{BondingState: BondingCurveState{CurrentSupply: 1000000000000000, VirtualTokenReserves: 447335080469850,  RealTokenReserves: 167435080469850,  VirtualSolReserves: 71959480508,  RealSolReserves: 41959480508}, TokenPrice: 0.00000016086259193538, MarketCap: 160.86}
  4: MemeInfo{BondingState: BondingCurveState{CurrentSupply: 1000000000000000, VirtualTokenReserves: 437595583324633,  RealTokenReserves: 157695583324633,  VirtualSolReserves: 73561071526,  RealSolReserves: 43561071526}, TokenPrice: 0.00000016810286558909, MarketCap: 168.10}
  5: MemeInfo{BondingState: BondingCurveState{CurrentSupply: 1000000000000000, VirtualTokenReserves: 437595583324633,  RealTokenReserves: 157695583324633,  VirtualSolReserves: 73561071526,  RealSolReserves: 43561071526}, TokenPrice: 0.00000016810286558909, MarketCap: 168.10}
  6: MemeInfo{BondingState: BondingCurveState{CurrentSupply: 1000000000000000, VirtualTokenReserves: 428266668785162,  RealTokenReserves: 148366668785162,  VirtualSolReserves: 75163449203,  RealSolReserves: 45163449203}, TokenPrice: 0.00000017550618500434, MarketCap: 175.51}
  7: MemeInfo{BondingState: BondingCurveState{CurrentSupply: 1000000000000000, VirtualTokenReserves: 400479277064389,  RealTokenReserves: 120579277064389,  VirtualSolReserves: 80378690855,  RealSolReserves: 50378690855}, TokenPrice: 0.00000020070624239086, MarketCap: 200.71}
  8: MemeInfo{BondingState: BondingCurveState{CurrentSupply: 1000000000000000, VirtualTokenReserves: 385006797594128,  RealTokenReserves: 105106797594128,  VirtualSolReserves: 83608913420,  RealSolReserves: 53608913420}, TokenPrice: 0.00000021716217464851, MarketCap: 217.16}
  9: MemeInfo{BondingState: BondingCurveState{CurrentSupply: 1000000000000000, VirtualTokenReserves: 810900108049375,  RealTokenReserves: 531000108049375,  VirtualSolReserves: 39696628113,  RealSolReserves: 9696628113}, TokenPrice: 0.00000004895378323292, MarketCap: 48.95}
  10: MemeInfo{BondingState: BondingCurveState{CurrentSupply: 1000000000000000, VirtualTokenReserves: 873111940878941,  RealTokenReserves: 593211940878941,  VirtualSolReserves: 36868124839,  RealSolReserves: 6868124839}, TokenPrice: 0.00000004222611455970, MarketCap: 42.23}
  11: MemeInfo{BondingState: BondingCurveState{CurrentSupply: 1000000000000000, VirtualTokenReserves: 847131492411501,  RealTokenReserves: 567231492411501,  VirtualSolReserves: 37998823470,  RealSolReserves: 7998823470}, TokenPrice: 0.00000004485587398224, MarketCap: 44.86}
  12: MemeInfo{BondingState: BondingCurveState{CurrentSupply: 1000000000000000, VirtualTokenReserves: 842592279104601,  RealTokenReserves: 562692279104601,  VirtualSolReserves: 38203530743,  RealSolReserves: 8203530743}, TokenPrice: 0.00000004534047093761, MarketCap: 45.34}
  13: MemeInfo{BondingState: BondingCurveState{CurrentSupply: 1000000000000000, VirtualTokenReserves: 862886544682585,  RealTokenReserves: 582986544682585,  VirtualSolReserves: 37305020269,  RealSolReserves: 7305020269}, TokenPrice: 0.00000004323282185693, MarketCap: 43.23}
]",true,true
#,#,#,#,#,#,#,#,#,#,#,#,#
CURRENTLY TRADING,HgEnL8vnRyYbhgbd4PHA87erFf8V5N8LLyhRNYpWpump,lemonhead,LEMON,2025-02-23 17:41:50.10111 +0200 EET m=+256.831584998,"[
  0: MemeInfo{BondingState: nil, TokenPrice: 0.00000000000000000000, MarketCap: 0.00}
  1: MemeInfo{BondingState: BondingCurveState{CurrentSupply: 1000000000000000, VirtualTokenReserves: 494709811383358,  RealTokenReserves: 214809811383358,  VirtualSolReserves: 65068448737,  RealSolReserves: 35068448737}, TokenPrice: 0.00000013152851882005, MarketCap: 131.53}
  2: MemeInfo{BondingState: BondingCurveState{CurrentSupply: 1000000000000000, VirtualTokenReserves: 446960571013906,  RealTokenReserves: 167060571013906,  VirtualSolReserves: 72019775547,  RealSolReserves: 42019775547}, TokenPrice: 0.00000016113227926040, MarketCap: 161.13}
  3: MemeInfo{BondingState: BondingCurveState{CurrentSupply: 1000000000000000, VirtualTokenReserves: 447335080469850,  RealTokenReserves: 167435080469850,  VirtualSolReserves: 71959480508,  RealSolReserves: 41959480508}, TokenPrice: 0.00000016086259193538, MarketCap: 160.86}
  4: MemeInfo{BondingState: BondingCurveState{CurrentSupply: 1000000000000000, VirtualTokenReserves: 437595583324633,  RealTokenReserves: 157695583324633,  VirtualSolReserves: 73561071526,  RealSolReserves: 43561071526}, TokenPrice: 0.00000016810286558909, MarketCap: 168.10}
  5: MemeInfo{BondingState: BondingCurveState{CurrentSupply: 1000000000000000, VirtualTokenReserves: 437595583324633,  RealTokenReserves: 157695583324633,  VirtualSolReserves: 73561071526,  RealSolReserves: 43561071526}, TokenPrice: 0.00000016810286558909, MarketCap: 168.10}
  6: MemeInfo{BondingState: BondingCurveState{CurrentSupply: 1000000000000000, VirtualTokenReserves: 428266668785162,  RealTokenReserves: 148366668785162,  VirtualSolReserves: 75163449203,  RealSolReserves: 45163449203}, TokenPrice: 0.00000017550618500434, MarketCap: 175.51}
  7: MemeInfo{BondingState: BondingCurveState{CurrentSupply: 1000000000000000, VirtualTokenReserves: 400479277064389,  RealTokenReserves: 120579277064389,  VirtualSolReserves: 80378690855,  RealSolReserves: 50378690855}, TokenPrice: 0.00000020070624239086, MarketCap: 200.71}
  8: MemeInfo{BondingState: BondingCurveState{CurrentSupply: 1000000000000000, VirtualTokenReserves: 385006797594128,  RealTokenReserves: 105106797594128,  VirtualSolReserves: 83608913420,  RealSolReserves: 53608913420}, TokenPrice: 0.00000021716217464851, MarketCap: 217.16}
  9: MemeInfo{BondingState: BondingCurveState{CurrentSupply: 1000000000000000, VirtualTokenReserves: 810900108049375,  RealTokenReserves: 531000108049375,  VirtualSolReserves: 39696628113,  RealSolReserves: 9696628113}, TokenPrice: 0.00000004895378323292, MarketCap: 48.95}
  10: MemeInfo{BondingState: BondingCurveState{CurrentSupply: 1000000000000000, VirtualTokenReserves: 873111940878941,  RealTokenReserves: 593211940878941,  VirtualSolReserves: 36868124839,  RealSolReserves: 6868124839}, TokenPrice: 0.00000004222611455970, MarketCap: 42.23}
  11: MemeInfo{BondingState: BondingCurveState{CurrentSupply: 1000000000000000, VirtualTokenReserves: 847131492411501,  RealTokenReserves: 567231492411501,  VirtualSolReserves: 37998823470,  RealSolReserves: 7998823470}, TokenPrice: 0.00000004485587398224, MarketCap: 44.86}
  12: MemeInfo{BondingState: BondingCurveState{CurrentSupply: 1000000000000000, VirtualTokenReserves: 842592279104601,  RealTokenReserves: 562692279104601,  VirtualSolReserves: 38203530743,  RealSolReserves: 8203530743}, TokenPrice: 0.00000004534047093761, MarketCap: 45.34}
  13: MemeInfo{BondingState: BondingCurveState{CurrentSupply: 1000000000000000, VirtualTokenReserves: 862886544682585,  RealTokenReserves: 582986544682585,  VirtualSolReserves: 37305020269,  RealSolReserves: 7305020269}, TokenPrice: 0.00000004323282185693, MarketCap: 43.23}
  14: MemeInfo{BondingState: BondingCurveState{CurrentSupply: 1000000000000000, VirtualTokenReserves: 845490833596240,  RealTokenReserves: 565590833596240,  VirtualSolReserves: 38072559469,  RealSolReserves: 8072559469}, TokenPrice: 0.00000004503012682830, MarketCap: 45.03}
]",true,true
#,#,#,#,#,#,#,#,#,#,#,#,#
CURRENTLY TRADING,HgEnL8vnRyYbhgbd4PHA87erFf8V5N8LLyhRNYpWpump,lemonhead,LEMON,2025-02-23 17:42:04.971637 +0200 EET m=+271.701935904,"[
  0: MemeInfo{BondingState: nil, TokenPrice: 0.00000000000000000000, MarketCap: 0.00}
  1: MemeInfo{BondingState: BondingCurveState{CurrentSupply: 1000000000000000, VirtualTokenReserves: 494709811383358,  RealTokenReserves: 214809811383358,  VirtualSolReserves: 65068448737,  RealSolReserves: 35068448737}, TokenPrice: 0.00000013152851882005, MarketCap: 131.53}
  2: MemeInfo{BondingState: BondingCurveState{CurrentSupply: 1000000000000000, VirtualTokenReserves: 446960571013906,  RealTokenReserves: 167060571013906,  VirtualSolReserves: 72019775547,  RealSolReserves: 42019775547}, TokenPrice: 0.00000016113227926040, MarketCap: 161.13}
  3: MemeInfo{BondingState: BondingCurveState{CurrentSupply: 1000000000000000, VirtualTokenReserves: 447335080469850,  RealTokenReserves: 167435080469850,  VirtualSolReserves: 71959480508,  RealSolReserves: 41959480508}, TokenPrice: 0.00000016086259193538, MarketCap: 160.86}
  4: MemeInfo{BondingState: BondingCurveState{CurrentSupply: 1000000000000000, VirtualTokenReserves: 437595583324633,  RealTokenReserves: 157695583324633,  VirtualSolReserves: 73561071526,  RealSolReserves: 43561071526}, TokenPrice: 0.00000016810286558909, MarketCap: 168.10}
  5: MemeInfo{BondingState: BondingCurveState{CurrentSupply: 1000000000000000, VirtualTokenReserves: 437595583324633,  RealTokenReserves: 157695583324633,  VirtualSolReserves: 73561071526,  RealSolReserves: 43561071526}, TokenPrice: 0.00000016810286558909, MarketCap: 168.10}
  6: MemeInfo{BondingState: BondingCurveState{CurrentSupply: 1000000000000000, VirtualTokenReserves: 428266668785162,  RealTokenReserves: 148366668785162,  VirtualSolReserves: 75163449203,  RealSolReserves: 45163449203}, TokenPrice: 0.00000017550618500434, MarketCap: 175.51}
  7: MemeInfo{BondingState: BondingCurveState{CurrentSupply: 1000000000000000, VirtualTokenReserves: 400479277064389,  RealTokenReserves: 120579277064389,  VirtualSolReserves: 80378690855,  RealSolReserves: 50378690855}, TokenPrice: 0.00000020070624239086, MarketCap: 200.71}
  8: MemeInfo{BondingState: BondingCurveState{CurrentSupply: 1000000000000000, VirtualTokenReserves: 385006797594128,  RealTokenReserves: 105106797594128,  VirtualSolReserves: 83608913420,  RealSolReserves: 53608913420}, TokenPrice: 0.00000021716217464851, MarketCap: 217.16}
  9: MemeInfo{BondingState: BondingCurveState{CurrentSupply: 1000000000000000, VirtualTokenReserves: 810900108049375,  RealTokenReserves: 531000108049375,  VirtualSolReserves: 39696628113,  RealSolReserves: 9696628113}, TokenPrice: 0.00000004895378323292, MarketCap: 48.95}
  10: MemeInfo{BondingState: BondingCurveState{CurrentSupply: 1000000000000000, VirtualTokenReserves: 873111940878941,  RealTokenReserves: 593211940878941,  VirtualSolReserves: 36868124839,  RealSolReserves: 6868124839}, TokenPrice: 0.00000004222611455970, MarketCap: 42.23}
  11: MemeInfo{BondingState: BondingCurveState{CurrentSupply: 1000000000000000, VirtualTokenReserves: 847131492411501,  RealTokenReserves: 567231492411501,  VirtualSolReserves: 37998823470,  RealSolReserves: 7998823470}, TokenPrice: 0.00000004485587398224, MarketCap: 44.86}
  12: MemeInfo{BondingState: BondingCurveState{CurrentSupply: 1000000000000000, VirtualTokenReserves: 842592279104601,  RealTokenReserves: 562692279104601,  VirtualSolReserves: 38203530743,  RealSolReserves: 8203530743}, TokenPrice: 0.00000004534047093761, MarketCap: 45.34}
  13: MemeInfo{BondingState: BondingCurveState{CurrentSupply: 1000000000000000, VirtualTokenReserves: 862886544682585,  RealTokenReserves: 582986544682585,  VirtualSolReserves: 37305020269,  RealSolReserves: 7305020269}, TokenPrice: 0.00000004323282185693, MarketCap: 43.23}
  14: MemeInfo{BondingState: BondingCurveState{CurrentSupply: 1000000000000000, VirtualTokenReserves: 845490833596240,  RealTokenReserves: 565590833596240,  VirtualSolReserves: 38072559469,  RealSolReserves: 8072559469}, TokenPrice: 0.00000004503012682830, MarketCap: 45.03}
  15: MemeInfo{BondingState: BondingCurveState{CurrentSupply: 1000000000000000, VirtualTokenReserves: 832166792295975,  RealTokenReserves: 552266792295975,  VirtualSolReserves: 38682149231,  RealSolReserves: 8682149231}, TokenPrice: 0.00000004648364917840, MarketCap: 46.48}
]",true,true
CURRENTLY TRADING,7pQdPt7sbDAfD8hFdXyepiSGjTC1x621wkSniVXgpump,Got Done Last Week,GDLW,2025-02-23 17:42:16.41958 +0200 EET m=+283.149742189,"[
  0: MemeInfo{BondingState: nil, TokenPrice: 0.00000000000000000000, MarketCap: 0.00}
  1: MemeInfo{BondingState: BondingCurveState{CurrentSupply: 1000000000000000, VirtualTokenReserves: 789764800396192,  RealTokenReserves: 509864800396192,  VirtualSolReserves: 40758970258,  RealSolReserves: 10758970258}, TokenPrice: 0.00000005160899832147, MarketCap: 51.61}
  2: MemeInfo{BondingState: BondingCurveState{CurrentSupply: 1000000000000000, VirtualTokenReserves: 625968903657097,  RealTokenReserves: 346068903657097,  VirtualSolReserves: 51424279822,  RealSolReserves: 21424279822}, TokenPrice: 0.00000008215149270445, MarketCap: 82.15}
  3: MemeInfo{BondingState: BondingCurveState{CurrentSupply: 1000000000000000, VirtualTokenReserves: 615958280829173,  RealTokenReserves: 336058280829173,  VirtualSolReserves: 52260032976,  RealSolReserves: 22260032976}, TokenPrice: 0.00000008484346197221, MarketCap: 84.84}
]",false,false
