BUY,6nvjGZux8hkG5QFdEKBkCxBiBRMXCK9YubbgKg4hRhSp,KAI FINANCE MASCOT,KAIFIN,Entry market cap
BUY,HRrMEMPXwKurG2PS7MUstrUARK52T6NeqbLVzAeJn83v,New Kaito Mascot,KAIFIN,Entry market cap
BUY,3v5R2YJa3iGGEQzkLV5T2reyz9STsi5Dg7wfDTbvFTUD,First DumpCoin 2017,DUMPCOIN,Entry market cap
SELL,6nvjGZux8hkG5QFdEKBkCxBiBRMXCK9YubbgKg4hRhSp,KAI FINANCE MASCOT,KAIFIN,Below entry market cap
SELL,HRrMEMPXwKurG2PS7MUstrUARK52T6NeqbLVzAeJn83v,New Kaito Mascot,KAIFIN,Below entry market cap
BUY,3bUgDbuE8Tq1JFpkBprPe2TT6QbSkAua5JN3g7g4qaSk,GalaxyDOGE,GDOGE,Entry market cap
BUY,9kYKi1ku18qtjhENP9usyVCMKzCfe9E1SxG4KNgv4AxS,HETLER´S CERROT,H.CERROT,Entry market cap
SELL,3v5R2YJa3iGGEQzkLV5T2reyz9STsi5Dg7wfDTbvFTUD,First DumpCoin 2017,DUMPCOIN,Below entry market cap
SELL,3v5R2YJa3iGGEQzkLV5T2reyz9STsi5Dg7wfDTbvFTUD,First DumpCoin 2017,DUMPCOIN,Below entry market cap
SELL,6nvjGZux8hkG5QFdEKBkCxBiBRMXCK9YubbgKg4hRhSp,KAI FINANCE MASCOT,KAIFIN,Below entry market cap
SELL,HRrMEMPXwKurG2PS7MUstrUARK52T6NeqbLVzAeJn83v,New Kaito Mascot,KAIFIN,Below entry market cap
SELL,3bUgDbuE8Tq1JFpkBprPe2TT6QbSkAua5JN3g7g4qaSk,GalaxyDOGE,GDOGE,Below entry market cap
SELL,9kYKi1ku18qtjhENP9usyVCMKzCfe9E1SxG4KNgv4AxS,HETLER´S CERROT,H.CERROT,Below entry market cap
BUY,9oiGAnoXqLMYp3s6XJMVawMUfQvUHK4bLHDkpFW7fixb,Yuki ,Yuki ,Entry market cap
SELL,9kYKi1ku18qtjhENP9usyVCMKzCfe9E1SxG4KNgv4AxS,HETLER´S CERROT,H.CERROT,Below entry market cap
SELL,9oiGAnoXqLMYp3s6XJMVawMUfQvUHK4bLHDkpFW7fixb,Yuki ,Yuki ,Below entry market cap
BUY,J6LbUqUq8ow8rtLzA5L9eEq1preKpApH239tcSf5EyiQ,Brawl Stars,BTC,Entry market cap
SELL,3v5R2YJa3iGGEQzkLV5T2reyz9STsi5Dg7wfDTbvFTUD,First DumpCoin 2017,DUMPCOIN,Below entry market cap
SELL,6nvjGZux8hkG5QFdEKBkCxBiBRMXCK9YubbgKg4hRhSp,KAI FINANCE MASCOT,KAIFIN,Below entry market cap
SELL,HRrMEMPXwKurG2PS7MUstrUARK52T6NeqbLVzAeJn83v,New Kaito Mascot,KAIFIN,Below entry market cap
SELL,3bUgDbuE8Tq1JFpkBprPe2TT6QbSkAua5JN3g7g4qaSk,GalaxyDOGE,GDOGE,Below entry market cap
SELL,HRrMEMPXwKurG2PS7MUstrUARK52T6NeqbLVzAeJn83v,New Kaito Mascot,KAIFIN,Below entry market cap
BUY,Cj8qeYpjcheP7HvMzJduTKHuoYEHM1RuMz9G9Dxeqayh,Ren and Stimpy Revised 2025,NICK,Entry market cap
SELL,3v5R2YJa3iGGEQzkLV5T2reyz9STsi5Dg7wfDTbvFTUD,First DumpCoin 2017,DUMPCOIN,Below entry market cap
SELL,9oiGAnoXqLMYp3s6XJMVawMUfQvUHK4bLHDkpFW7fixb,Yuki ,Yuki ,Below entry market cap
SELL,3bUgDbuE8Tq1JFpkBprPe2TT6QbSkAua5JN3g7g4qaSk,GalaxyDOGE,GDOGE,Below entry market cap
SELL,J6LbUqUq8ow8rtLzA5L9eEq1preKpApH239tcSf5EyiQ,Brawl Stars,BTC,Below entry market cap
BUY,An5XG8umA277UFrR5U52GCdqoThqJTBAv4t3PnFvCrPf,scammers ,Scammers ,Entry market cap
SELL,6nvjGZux8hkG5QFdEKBkCxBiBRMXCK9YubbgKg4hRhSp,KAI FINANCE MASCOT,KAIFIN,Below entry market cap
SELL,9kYKi1ku18qtjhENP9usyVCMKzCfe9E1SxG4KNgv4AxS,HETLER´S CERROT,H.CERROT,Below entry market cap
SELL,An5XG8umA277UFrR5U52GCdqoThqJTBAv4t3PnFvCrPf,scammers ,Scammers ,Below entry market cap
BUY,FjjhJhHG1W4CADHTHt6EUkLFtZw2RpLdX8dBaPyV8HFF,FIRST BITCOIN PUMPFUN LAUNCH,BITNUS,Entry market cap
SELL,6nvjGZux8hkG5QFdEKBkCxBiBRMXCK9YubbgKg4hRhSp,KAI FINANCE MASCOT,KAIFIN,Below entry market cap
SELL,HRrMEMPXwKurG2PS7MUstrUARK52T6NeqbLVzAeJn83v,New Kaito Mascot,KAIFIN,Below entry market cap
SELL,3bUgDbuE8Tq1JFpkBprPe2TT6QbSkAua5JN3g7g4qaSk,GalaxyDOGE,GDOGE,Below entry market cap
SELL,J6LbUqUq8ow8rtLzA5L9eEq1preKpApH239tcSf5EyiQ,Brawl Stars,BTC,Below entry market cap
SELL,Cj8qeYpjcheP7HvMzJduTKHuoYEHM1RuMz9G9Dxeqayh,Ren and Stimpy Revised 2025,NICK,Below entry market cap
BUY,HQ4yWzFGQY9tn6tNA7UhLTxsKTpjQpuPLdTshZFEFRoe,RIP DAVE PORTNOY,RIPDAVE,Entry market cap
SELL,3v5R2YJa3iGGEQzkLV5T2reyz9STsi5Dg7wfDTbvFTUD,First DumpCoin 2017,DUMPCOIN,Below entry market cap
SELL,9kYKi1ku18qtjhENP9usyVCMKzCfe9E1SxG4KNgv4AxS,HETLER´S CERROT,H.CERROT,Below entry market cap
SELL,9oiGAnoXqLMYp3s6XJMVawMUfQvUHK4bLHDkpFW7fixb,Yuki ,Yuki ,Below entry market cap
SELL,Cj8qeYpjcheP7HvMzJduTKHuoYEHM1RuMz9G9Dxeqayh,Ren and Stimpy Revised 2025,NICK,Below entry market cap
SELL,6nvjGZux8hkG5QFdEKBkCxBiBRMXCK9YubbgKg4hRhSp,KAI FINANCE MASCOT,KAIFIN,Below entry market cap
SELL,9kYKi1ku18qtjhENP9usyVCMKzCfe9E1SxG4KNgv4AxS,HETLER´S CERROT,H.CERROT,Below entry market cap
SELL,3bUgDbuE8Tq1JFpkBprPe2TT6QbSkAua5JN3g7g4qaSk,GalaxyDOGE,GDOGE,Below entry market cap
SELL,FjjhJhHG1W4CADHTHt6EUkLFtZw2RpLdX8dBaPyV8HFF,FIRST BITCOIN PUMPFUN LAUNCH,BITNUS,Below entry market cap
SELL,9oiGAnoXqLMYp3s6XJMVawMUfQvUHK4bLHDkpFW7fixb,Yuki ,Yuki ,Below entry market cap
SELL,J6LbUqUq8ow8rtLzA5L9eEq1preKpApH239tcSf5EyiQ,Brawl Stars,BTC,Below entry market cap
SELL,HRrMEMPXwKurG2PS7MUstrUARK52T6NeqbLVzAeJn83v,New Kaito Mascot,KAIFIN,Below entry market cap
SELL,3v5R2YJa3iGGEQzkLV5T2reyz9STsi5Dg7wfDTbvFTUD,First DumpCoin 2017,DUMPCOIN,Below entry market cap
SELL,An5XG8umA277UFrR5U52GCdqoThqJTBAv4t3PnFvCrPf,scammers ,Scammers ,Below entry market cap
BUY,HGQJHiJbe5XQu9REQJWicCnXBKZtUgnPiLdSEtDpump,Broccolis Sister,GINGER,Entry market cap
SELL,HQ4yWzFGQY9tn6tNA7UhLTxsKTpjQpuPLdTshZFEFRoe,RIP DAVE PORTNOY,RIPDAVE,Below entry market cap
BUY,GbYTJfQHV3bDUev5jAk5hfTj84tV8KUpGZiuyLSE4adK,New Youtube Mascot,PAJAMAS,Entry market cap
BUY,9DFu6FFmh7BCjMHoy9UZs4uFLksviQXqskVFWazEpump,Buzzcoin,BZZZZ,Entry market cap
SELL,9DFu6FFmh7BCjMHoy9UZs4uFLksviQXqskVFWazEpump,Buzzcoin,BZZZZ,Below entry market cap
