BUY,DPA8c94r3ii9xY65HsYe1umV78gbr3KpN5i9mRhWR8Yv,New SEC Stablecoin ACT,STABLE,Entry market cap
BUY,EiTTgZC5JEU9Au9T7Gc3qaLmW21r8KyPLUQMjanppump,Quavo,MIGOS,Entry market cap
BUY,D6MnJXXAKfEuhyNVDWiCHNTudQRjxHdGVJ1nniPvdz3t,justice for truthsocial,truthsocia,Entry market cap
SELL,DPA8c94r3ii9xY65HsYe1umV78gbr3KpN5i9mRhWR8Yv,New SEC Stablecoin ACT,STABLE,Below entry market cap
BUY,8MxoPiAMjnxZLc7aEzGFZQ1sFWFNmYa2fTz1jFizgPkr,BRETT,BRETT,Entry market cap
BUY,4d8Y54yaXK8cY6WHssYrWdLWdeuW79Fj9RR7YAp9vfKZ,thumb up,thumbup,Entry market cap
SELL,EiTTgZC5JEU9Au9T7Gc3qaLmW21r8KyPLUQMjanppump,Quavo,MIGOS,Below entry market cap
SELL,D6MnJXXAKfEuhyNVDWiCHNTudQRjxHdGVJ1nniPvdz3t,justice for truthsocial,truthsocia,Below entry market cap
SELL,8MxoPiAMjnxZLc7aEzGFZQ1sFWFNmYa2fTz1jFizgPkr,BRETT,BRETT,Below entry market cap
SELL,4d8Y54yaXK8cY6WHssYrWdLWdeuW79Fj9RR7YAp9vfKZ,thumb up,thumbup,Below entry market cap
BUY,6ErqSUKKXgvgcL9NtKAkdnmmk1AQCxBcZQNoYRfe3bcp,New Monad Mascot,ANAGO,Entry market cap
BUY,7sTBs7vbkk5MQsoTwMUgSk7uj6S1vd9DMvq9T8snAtF2,SECDAVE,SDAVE,Entry market cap
SELL,6ErqSUKKXgvgcL9NtKAkdnmmk1AQCxBcZQNoYRfe3bcp,New Monad Mascot,ANAGO,Below entry market cap
SELL,7sTBs7vbkk5MQsoTwMUgSk7uj6S1vd9DMvq9T8snAtF2,SECDAVE,SDAVE,Below entry market cap
BUY,4E8K78UiRJL2rWAw8uY54avCQUXh6C1jMkhNymHFmDJ3,First suicide by rugging,Rugicide,Entry market cap
SELL,4E8K78UiRJL2rWAw8uY54avCQUXh6C1jMkhNymHFmDJ3,First suicide by rugging,Rugicide,Below entry market cap
BUY,Ci9vF7Nz6sX1n3wgEMEnyuCPmdLefWjDvqDaZm6cpump,LIVE FREAKY TWITCH,FREAKY,Entry market cap
BUY,45xuMz8ZvH5KENb8zhMN6fu1auvZjJVyytQFts3fpump,New SEC Stablecoin ACT,STABLE,Entry market cap
BUY,EmEGZmzbbn3mppWuFkrb62skBxmLrBxuVRG81CFz8kBh,"DOG $1,000,000.000",DOGBILLION,Entry market cap
BUY,9f8PUwEQQfnmY2K8USEEE5S7RXkqWXW9iw3wfwXj9AH1,NO MORE BETS,FML,Entry market cap
BUY,BYQs5WGCnbQds2rPxDW3mZbZgyvfczMV92MLZX66SgML,CARROT INFINITE GLITCH,CIG,Entry market cap
SELL,45xuMz8ZvH5KENb8zhMN6fu1auvZjJVyytQFts3fpump,New SEC Stablecoin ACT,STABLE,Below entry market cap
BUY,7o3FAYmciJcErFfMTynbXRe3fmS7Lry3h9S2StheHjGY,Grok Trend,Grok ,Entry market cap
SELL,Ci9vF7Nz6sX1n3wgEMEnyuCPmdLefWjDvqDaZm6cpump,LIVE FREAKY TWITCH,FREAKY,Below entry market cap
BUY,BkfwuxzmJ4KXYMRAXvFqBJsCSabLxDxC8WgS3CS3A7z8,reflect on fucking life,ROFL,Entry market cap
BUY,DkPMvM2u7DyNEtD6cvTSrPi9uN5hzKdiarYvNQHYY3Z3,ticker is dumpster,🗑,Entry market cap
SELL,7o3FAYmciJcErFfMTynbXRe3fmS7Lry3h9S2StheHjGY,Grok Trend,Grok ,Below entry market cap
SELL,EmEGZmzbbn3mppWuFkrb62skBxmLrBxuVRG81CFz8kBh,"DOG $1,000,000.000",DOGBILLION,Below entry market cap
SELL,9f8PUwEQQfnmY2K8USEEE5S7RXkqWXW9iw3wfwXj9AH1,NO MORE BETS,FML,Below entry market cap
SELL,BYQs5WGCnbQds2rPxDW3mZbZgyvfczMV92MLZX66SgML,CARROT INFINITE GLITCH,CIG,Below entry market cap
BUY,Hdf1f7sh5C28MfUEXdJ5r1L2Hijc5qrH33X6dEB3s7T7,TeslaZoomX,ZOOMX,Entry market cap
SELL,DkPMvM2u7DyNEtD6cvTSrPi9uN5hzKdiarYvNQHYY3Z3,ticker is dumpster,🗑,Below entry market cap
BUY,8kfsHstxzTUe5PgLcPxHhnVw7dkrnpBWd3i95mVRgd6K,Dog Wif Carrot,DWC,Entry market cap
BUY,BFbUb9yyxh2LF2HfGxTxYGwEXsftoHtTwZtzyVBpfoeR,FIRST ELON ROCKET GOAT STATUE,ROCKETGOAT,Entry market cap
SELL,Hdf1f7sh5C28MfUEXdJ5r1L2Hijc5qrH33X6dEB3s7T7,TeslaZoomX,ZOOMX,Below entry market cap
BUY,DHsJWpHuwv5bjNFR351FjmvYt91q1VGWgu3pQyyUFzMV,MR CLEANOY,CLEANOY ,Entry market cap
BUY,2wJNsb8WB2bWVfGeXCyDRvd3xz7GY7F8g8jF7iXJmoYz,#SaveSol,SAVESOL,Entry market cap
SELL,BkfwuxzmJ4KXYMRAXvFqBJsCSabLxDxC8WgS3CS3A7z8,reflect on fucking life,ROFL,Below entry market cap
SELL,DHsJWpHuwv5bjNFR351FjmvYt91q1VGWgu3pQyyUFzMV,MR CLEANOY,CLEANOY ,Below entry market cap
SELL,8kfsHstxzTUe5PgLcPxHhnVw7dkrnpBWd3i95mVRgd6K,Dog Wif Carrot,DWC,Below entry market cap
SELL,BFbUb9yyxh2LF2HfGxTxYGwEXsftoHtTwZtzyVBpfoeR,FIRST ELON ROCKET GOAT STATUE,ROCKETGOAT,Below entry market cap
SELL,2wJNsb8WB2bWVfGeXCyDRvd3xz7GY7F8g8jF7iXJmoYz,#SaveSol,SAVESOL,Below entry market cap
BUY,6vmZS7t4BtWXoaXA3GHVTteUztXpQD1hA6KSXTa3R6uW,American Import Taxes,AIT,Entry market cap
BUY,2dFEkBhHQtJm8KzUEEZCNvngVB5SLyfa5AwbK7ZLpump,DOGE COIN OFFICE COMMUNITY,CBDS,Entry market cap
SELL,6vmZS7t4BtWXoaXA3GHVTteUztXpQD1hA6KSXTa3R6uW,American Import Taxes,AIT,Below entry market cap
BUY,GacXBLUdrRDTunpNV1yCdXpbavzsjZC7qWXrqkLrZC5n,NPCs,NPCs,Entry market cap
SELL,2dFEkBhHQtJm8KzUEEZCNvngVB5SLyfa5AwbK7ZLpump,DOGE COIN OFFICE COMMUNITY,CBDS,Below entry market cap
BUY,75L8G6xoxxekwW1KLfvzSwh3QVyG3iDgPKkyJJKvBUzs,ROTHSCHILD,ROTHSCHILD,Entry market cap
BUY,3fqSn27PpnDYrz5FvqDqfQuwQBMvLcB8Cx9ETd4iEy4h,YLDS,YLDS,Entry market cap
BUY,84PqhuctBsg5xfRC5sNcHeA3hZAi1gMqYQGhcSJq5Jjz,xAI Gaming Studio,xGMS,Entry market cap
SELL,GacXBLUdrRDTunpNV1yCdXpbavzsjZC7qWXrqkLrZC5n,NPCs,NPCs,Below entry market cap
BUY,DbhzJ6TUEPfnhHeQExYsyAugFDw2x3GmJTt1cdnBBVDj,NEW SEC STABLECOIN,YLDS,Entry market cap
SELL,75L8G6xoxxekwW1KLfvzSwh3QVyG3iDgPKkyJJKvBUzs,ROTHSCHILD,ROTHSCHILD,Below entry market cap
BUY,F9KgaSmJtVDeQuNqs9rNQJf5CeuvFuBvg1vxJEkN8iWp,New Born Elephant,TULA-TU,Entry market cap
SELL,3fqSn27PpnDYrz5FvqDqfQuwQBMvLcB8Cx9ETd4iEy4h,YLDS,YLDS,Below entry market cap
SELL,DbhzJ6TUEPfnhHeQExYsyAugFDw2x3GmJTt1cdnBBVDj,NEW SEC STABLECOIN,YLDS,Below entry market cap
SELL,84PqhuctBsg5xfRC5sNcHeA3hZAi1gMqYQGhcSJq5Jjz,xAI Gaming Studio,xGMS,Below entry market cap
SELL,F9KgaSmJtVDeQuNqs9rNQJf5CeuvFuBvg1vxJEkN8iWp,New Born Elephant,TULA-TU,Below entry market cap
BUY,22QZgjuVPzwCbX8o99g76KguzjQwqhMHCRgSJfjcG2nS,chocolate,Cc,Entry market cap
