BUY,SSKn9uGw22zvboEYGHersaoys71GsRvCjVLynyJpump,barktist,barktist,Entry market cap
SELL,SSKn9uGw22zvboEYGHersaoys71GsRvCjVLynyJpump,barktist,barktist,Below entry market cap
BUY,GSZdj3hCtx7uUJJd9MFarXe1ERe8XytMu5kXeuQepump,Lambo,Lambo,Entry market cap
SELL,GSZdj3hCtx7uUJJd9MFarXe1ERe8XytMu5kXeuQepump,Lambo,Lambo,Below entry market cap
BUY,2nzenYAQSVU9jz1CQQsZB1yg7goefPQxgeNHKKHrpump,Low Effort President,LEP,Entry market cap
BUY,FcRr2e5bgiK8gk2yokTcndQX2zqsU8VHzS3Jtmc8pump,CHAINSAW MUSK,MUSK,Entry market cap
BUY,GuyuwipYJac7DRiuRo4c3o6gCvXvW4eBoe8zKBKBpump,Pope Emeritus Francis,Emeritus,Entry market cap
SELL,FcRr2e5bgiK8gk2yokTcndQX2zqsU8VHzS3Jtmc8pump,CHAINSAW MUSK,MUSK,Below entry market cap
SELL,GuyuwipYJac7DRiuRo4c3o6gCvXvW4eBoe8zKBKBpump,Pope Emeritus Francis,Emeritus,Below entry market cap
BUY,8WzZD2JAAz8qfxopSM6eoyxVQzitzUszXikYdcYppump,New Ikea Mascot,BOB,Entry market cap
BUY,HHCiPJfVYpdpKNyHeJTX26TpCaFpHSmX66Bsy8J2hsJX,Pope Emeritus Francis,Emeritus,Entry market cap
BUY,3Mc71G99oLFoFC9vJ6PvuzLE1tcUrpE2Ju3PFdAapump,Billy,Billy,Entry market cap
BUY,9CZyGUbF71rEeEBM6Q5xJQBJXxYQjj3iBJgw57N9pump,rock taking off,RTO,Entry market cap
SELL,2nzenYAQSVU9jz1CQQsZB1yg7goefPQxgeNHKKHrpump,Low Effort President,LEP,Below entry market cap
SELL,9CZyGUbF71rEeEBM6Q5xJQBJXxYQjj3iBJgw57N9pump,rock taking off,RTO,Below entry market cap
SELL,HHCiPJfVYpdpKNyHeJTX26TpCaFpHSmX66Bsy8J2hsJX,Pope Emeritus Francis,Emeritus,Below entry market cap
BUY,GRbgPjqq8AyYk9VVGsJqricRNHYY9Rt62aCz1xKjpump,AILINK,LINK,Entry market cap
SELL,8WzZD2JAAz8qfxopSM6eoyxVQzitzUszXikYdcYppump,New Ikea Mascot,BOB,Below entry market cap
BUY,6RtGEhNFL4hSDNP5EUYNkfkEWm2yRZtq9xgo6gJwpump,Low Effort Bewbs,Bewbs,Entry market cap
SELL,3Mc71G99oLFoFC9vJ6PvuzLE1tcUrpE2Ju3PFdAapump,Billy,Billy,Below entry market cap
BUY,5mgA42DRUWe4Uwwzr2qCErB1KDoVjyA9MzWaBv7kpump,Grok Said,GS,Entry market cap
BUY,QoCiKMNbKNK4Jgfq9LNFy38KNoVxrYSEKgpfk41pump,Laugh Coin,LAUGH,Entry market cap
SELL,GRbgPjqq8AyYk9VVGsJqricRNHYY9Rt62aCz1xKjpump,AILINK,LINK,Below entry market cap
BUY,ECxQ7LJExQEzF9m5HpxUY1dt6RVpXJLet8EX4AzUpump,『やさしい関係』,nibuchan,Entry market cap
BUY,EgD5zg8NwqinGzFxQ7AnhT1gzmxyYrFi3goKUj8ppump,SUICIDE FRОM MEMECOINS ,'DANIЕL,Entry market cap
SELL,5mgA42DRUWe4Uwwzr2qCErB1KDoVjyA9MzWaBv7kpump,Grok Said,GS,Below entry market cap
BUY,3hsjz8udLFA5KjRWeYhkhVwHv5DKHsP3NiyjyoimU4Sq,Eoné (ai),Eoné (ai),Entry market cap
SELL,6RtGEhNFL4hSDNP5EUYNkfkEWm2yRZtq9xgo6gJwpump,Low Effort Bewbs,Bewbs,Below entry market cap
SELL,ECxQ7LJExQEzF9m5HpxUY1dt6RVpXJLet8EX4AzUpump,『やさしい関係』,nibuchan,Below entry market cap
SELL,QoCiKMNbKNK4Jgfq9LNFy38KNoVxrYSEKgpfk41pump,Laugh Coin,LAUGH,Below entry market cap
BUY,DzkwFmiJfGmvMbhqp1h5A7TpXpPfjH39doXMaf8Vpump,PEDRO SANCHES 'DOGGY COIN',DOGGYCOIN,Entry market cap
BUY,Ev4KrRfKJycBT94n672FFRrSh6uGkVUoz97v8vmS7psY,New Ikea Mascot,BOB,Entry market cap
SELL,3hsjz8udLFA5KjRWeYhkhVwHv5DKHsP3NiyjyoimU4Sq,Eoné (ai),Eoné (ai),Below entry market cap
BUY,CQyDTEvsreVzuMYGTSoK44SJKhzSRkxraC1hwx7vpump,smol saiyan,gok,Entry market cap
SELL,EgD5zg8NwqinGzFxQ7AnhT1gzmxyYrFi3goKUj8ppump,SUICIDE FRОM MEMECOINS ,'DANIЕL,Below entry market cap
BUY,CZRDXGD6qGRUTFJNaYNGYvDxUBVyZ5N9Fxcu8kynpump,DOGEBACKED,DOGEBACKED,Entry market cap
BUY,BY22QjKuyzfMqXYwMUKQfX4FXCbakr5u1mE3CfpHpump,GROK4 Penguin,1000000000,Entry market cap
SELL,DzkwFmiJfGmvMbhqp1h5A7TpXpPfjH39doXMaf8Vpump,PEDRO SANCHES 'DOGGY COIN',DOGGYCOIN,Below entry market cap
SELL,CQyDTEvsreVzuMYGTSoK44SJKhzSRkxraC1hwx7vpump,smol saiyan,gok,Below entry market cap
SELL,Ev4KrRfKJycBT94n672FFRrSh6uGkVUoz97v8vmS7psY,New Ikea Mascot,BOB,Below entry market cap
BUY,7aJYKeHbMZYDQpPh2moppEntiw2fqgAF2dczW7YXpump,Summise,Summise,Entry market cap
BUY,C7QJ6yEPPazHJoAgt1KXVdbz7qqa4HHUHoocgfEVpump,Low Effort Rugpull,LER,Entry market cap
BUY,BDioJwDXNMg3puwhYgx3iSxXvnFTdwfzWZUz7JMcpump,dog that paints,Secret,Entry market cap
BUY,HdEU4g2Ux7SZamRk2YHNosJ6jEQwRamwUjJSjzRRpump,cat is wet,WETCAT,Entry market cap
BUY,81S8e3Nhrrgw92NiNr3rZQfp8nuDVwDeTK3BV28tpump,Zen AI,Z3NAI,Entry market cap
SELL,7aJYKeHbMZYDQpPh2moppEntiw2fqgAF2dczW7YXpump,Summise,Summise,Below entry market cap
SELL,BY22QjKuyzfMqXYwMUKQfX4FXCbakr5u1mE3CfpHpump,GROK4 Penguin,1000000000,Below entry market cap
BUY,DoLmnkdRmgm39JQGQgsvgxYMncT6cwQX9y3JdG9gpump,Kayne Westo,YZY,Entry market cap
BUY,F7cTp4oN6dK4UooBTGyj4CwQjqPDqufTmN1PaQ1Ypump,Nova,Nova,Entry market cap
SELL,CZRDXGD6qGRUTFJNaYNGYvDxUBVyZ5N9Fxcu8kynpump,DOGEBACKED,DOGEBACKED,Below entry market cap
SELL,DoLmnkdRmgm39JQGQgsvgxYMncT6cwQX9y3JdG9gpump,Kayne Westo,YZY,Below entry market cap
SELL,HdEU4g2Ux7SZamRk2YHNosJ6jEQwRamwUjJSjzRRpump,cat is wet,WETCAT,Below entry market cap
SELL,F7cTp4oN6dK4UooBTGyj4CwQjqPDqufTmN1PaQ1Ypump,Nova,Nova,Below entry market cap
SELL,BDioJwDXNMg3puwhYgx3iSxXvnFTdwfzWZUz7JMcpump,dog that paints,Secret,Below entry market cap
SELL,81S8e3Nhrrgw92NiNr3rZQfp8nuDVwDeTK3BV28tpump,Zen AI,Z3NAI,Below entry market cap
SELL,C7QJ6yEPPazHJoAgt1KXVdbz7qqa4HHUHoocgfEVpump,Low Effort Rugpull,LER,Below entry market cap
