#,#,#,#,#,#,#,#,#,#,#,#,#
#,#,#,#,#,#,#,#,#,#,#,#,#
#,#,#,#,#,#,#,#,#,#,#,#,#
#,#,#,#,#,#,#,#,#,#,#,#,#
#,#,#,#,#,#,#,#,#,#,#,#,#
#,#,#,#,#,#,#,#,#,#,#,#,#
#,#,#,#,#,#,#,#,#,#,#,#,#
CURRENTLY TRADING,2Z6B4tz6Z3MV8rvrUWH4t6LK4PtYc32ZmncwipLke1W6,Petition To Revive The Trenches ,REVIVE,2025-02-24 18:58:49.216802 +0200 EET m=+94.592902696,"[
  0: MemeInfo{BondingState: BondingCurveState{CurrentSupply: 1000000000000000, VirtualTokenReserves: 807211009174313,  RealTokenReserves: 527311009174313,  VirtualSolReserves: 39878048782,  RealSolReserves: 9878048782}, TokenPrice: 0.00000004940226078283, MarketCap: 49.40}
  1: MemeInfo{BondingState: BondingCurveState{CurrentSupply: 1000000000000000, VirtualTokenReserves: 798860488163566,  RealTokenReserves: 518960488163566,  VirtualSolReserves: 40294895642,  RealSolReserves: 10294895642}, TokenPrice: 0.00000005044046643818, MarketCap: 50.44}
  2: MemeInfo{BondingState: BondingCurveState{CurrentSupply: 1000000000000000, VirtualTokenReserves: 728226664947660,  RealTokenReserves: 448326664947660,  VirtualSolReserves: 44203270174,  RealSolReserves: 14203270174}, TokenPrice: 0.00000006069987862526, MarketCap: 60.70}
  3: MemeInfo{BondingState: BondingCurveState{CurrentSupply: 1000000000000000, VirtualTokenReserves: 684042751272693,  RealTokenReserves: 404142751272693,  VirtualSolReserves: 47058462302,  RealSolReserves: 17058462302}, TokenPrice: 0.00000006879462170229, MarketCap: 68.79}
]","[
  0: TokenAnalysis{MarketCapSufficiency: true, ReservesSufficiency: false, DataPoints: 4, ReserveRatio: 0.5908, SolReserveRatio: 0.3625, PriceStability: true, PriceConvergence: 0.0000, SimpleMovingAverage: 0.00000006, PercentageChange: 39.25%, PriceTrendSlope: 0.00000001, ConsistentlyTrendingUp: true, Volatility: 0.00000001, TheoreticalPrice: 0.00000007, CurrentPrice: 0.00000007, RiskRewardScore: 0.00000000}
]",false,false
#,#,#,#,#,#,#,#,#,#,#,#,#
CURRENTLY TRADING,2Z6B4tz6Z3MV8rvrUWH4t6LK4PtYc32ZmncwipLke1W6,Petition To Revive The Trenches ,REVIVE,2025-02-24 18:59:01.193585 +0200 EET m=+106.569445047,"[
  0: MemeInfo{BondingState: BondingCurveState{CurrentSupply: 1000000000000000, VirtualTokenReserves: 807211009174313,  RealTokenReserves: 527311009174313,  VirtualSolReserves: 39878048782,  RealSolReserves: 9878048782}, TokenPrice: 0.00000004940226078283, MarketCap: 49.40}
  1: MemeInfo{BondingState: BondingCurveState{CurrentSupply: 1000000000000000, VirtualTokenReserves: 798860488163566,  RealTokenReserves: 518960488163566,  VirtualSolReserves: 40294895642,  RealSolReserves: 10294895642}, TokenPrice: 0.00000005044046643818, MarketCap: 50.44}
  2: MemeInfo{BondingState: BondingCurveState{CurrentSupply: 1000000000000000, VirtualTokenReserves: 728226664947660,  RealTokenReserves: 448326664947660,  VirtualSolReserves: 44203270174,  RealSolReserves: 14203270174}, TokenPrice: 0.00000006069987862526, MarketCap: 60.70}
  3: MemeInfo{BondingState: BondingCurveState{CurrentSupply: 1000000000000000, VirtualTokenReserves: 684042751272693,  RealTokenReserves: 404142751272693,  VirtualSolReserves: 47058462302,  RealSolReserves: 17058462302}, TokenPrice: 0.00000006879462170229, MarketCap: 68.79}
  4: MemeInfo{BondingState: BondingCurveState{CurrentSupply: 1000000000000000, VirtualTokenReserves: 712464130894998,  RealTokenReserves: 432564130894998,  VirtualSolReserves: 45181221952,  RealSolReserves: 15181221952}, TokenPrice: 0.00000006341543383418, MarketCap: 63.42}
]","[
  0: TokenAnalysis{MarketCapSufficiency: true, ReservesSufficiency: false, DataPoints: 4, ReserveRatio: 0.5908, SolReserveRatio: 0.3625, PriceStability: true, PriceConvergence: 0.0000, SimpleMovingAverage: 0.00000006, PercentageChange: 39.25%, PriceTrendSlope: 0.00000001, ConsistentlyTrendingUp: true, Volatility: 0.00000001, TheoreticalPrice: 0.00000007, CurrentPrice: 0.00000007, RiskRewardScore: 0.00000000}
  1: TokenAnalysis{MarketCapSufficiency: true, ReservesSufficiency: false, DataPoints: 5, ReserveRatio: 0.6071, SolReserveRatio: 0.3360, PriceStability: true, PriceConvergence: 0.0000, SimpleMovingAverage: 0.00000006, PercentageChange: 28.37%, PriceTrendSlope: 0.00000000, ConsistentlyTrendingUp: false, Volatility: 0.00000001, TheoreticalPrice: 0.00000006, CurrentPrice: 0.00000006, RiskRewardScore: 0.00000000}
]",true,false
#,#,#,#,#,#,#,#,#,#,#,#,#
CURRENTLY TRADING,2Z6B4tz6Z3MV8rvrUWH4t6LK4PtYc32ZmncwipLke1W6,Petition To Revive The Trenches ,REVIVE,2025-02-24 18:59:16.1901 +0200 EET m=+121.565658061,"[
  0: MemeInfo{BondingState: BondingCurveState{CurrentSupply: 1000000000000000, VirtualTokenReserves: 807211009174313,  RealTokenReserves: 527311009174313,  VirtualSolReserves: 39878048782,  RealSolReserves: 9878048782}, TokenPrice: 0.00000004940226078283, MarketCap: 49.40}
  1: MemeInfo{BondingState: BondingCurveState{CurrentSupply: 1000000000000000, VirtualTokenReserves: 798860488163566,  RealTokenReserves: 518960488163566,  VirtualSolReserves: 40294895642,  RealSolReserves: 10294895642}, TokenPrice: 0.00000005044046643818, MarketCap: 50.44}
  2: MemeInfo{BondingState: BondingCurveState{CurrentSupply: 1000000000000000, VirtualTokenReserves: 728226664947660,  RealTokenReserves: 448326664947660,  VirtualSolReserves: 44203270174,  RealSolReserves: 14203270174}, TokenPrice: 0.00000006069987862526, MarketCap: 60.70}
  3: MemeInfo{BondingState: BondingCurveState{CurrentSupply: 1000000000000000, VirtualTokenReserves: 684042751272693,  RealTokenReserves: 404142751272693,  VirtualSolReserves: 47058462302,  RealSolReserves: 17058462302}, TokenPrice: 0.00000006879462170229, MarketCap: 68.79}
  4: MemeInfo{BondingState: BondingCurveState{CurrentSupply: 1000000000000000, VirtualTokenReserves: 712464130894998,  RealTokenReserves: 432564130894998,  VirtualSolReserves: 45181221952,  RealSolReserves: 15181221952}, TokenPrice: 0.00000006341543383418, MarketCap: 63.42}
  5: MemeInfo{BondingState: BondingCurveState{CurrentSupply: 1000000000000000, VirtualTokenReserves: 667984650837094,  RealTokenReserves: 388084650837094,  VirtualSolReserves: 48189730104,  RealSolReserves: 18189730104}, TokenPrice: 0.00000007214197218995, MarketCap: 72.14}
]","[
  0: TokenAnalysis{MarketCapSufficiency: true, ReservesSufficiency: false, DataPoints: 4, ReserveRatio: 0.5908, SolReserveRatio: 0.3625, PriceStability: true, PriceConvergence: 0.0000, SimpleMovingAverage: 0.00000006, PercentageChange: 39.25%, PriceTrendSlope: 0.00000001, ConsistentlyTrendingUp: true, Volatility: 0.00000001, TheoreticalPrice: 0.00000007, CurrentPrice: 0.00000007, RiskRewardScore: 0.00000000}
  1: TokenAnalysis{MarketCapSufficiency: true, ReservesSufficiency: false, DataPoints: 5, ReserveRatio: 0.6071, SolReserveRatio: 0.3360, PriceStability: true, PriceConvergence: 0.0000, SimpleMovingAverage: 0.00000006, PercentageChange: 28.37%, PriceTrendSlope: 0.00000000, ConsistentlyTrendingUp: false, Volatility: 0.00000001, TheoreticalPrice: 0.00000006, CurrentPrice: 0.00000006, RiskRewardScore: 0.00000000}
  2: TokenAnalysis{MarketCapSufficiency: true, ReservesSufficiency: false, DataPoints: 6, ReserveRatio: 0.5810, SolReserveRatio: 0.3775, PriceStability: true, PriceConvergence: 0.0000, SimpleMovingAverage: 0.00000006, PercentageChange: 46.03%, PriceTrendSlope: 0.00000000, ConsistentlyTrendingUp: false, Volatility: 0.00000001, TheoreticalPrice: 0.00000007, CurrentPrice: 0.00000007, RiskRewardScore: 0.00000000}
]",true,true
CURRENTLY TRADING,3Qd3W26bDxNb6RbAkF1FSuYdJj2CPeyge623RN3upump,DarkFemme,DARK,2025-02-24 18:59:16.542248 +0200 EET m=+121.917799105,"[
  0: MemeInfo{BondingState: nil, TokenPrice: 0.00000000000000000000, MarketCap: 0.00}
  1: MemeInfo{BondingState: BondingCurveState{CurrentSupply: 1000000000000000, VirtualTokenReserves: 967150771234720,  RealTokenReserves: 687250771234720,  VirtualSolReserves: 33283331787,  RealSolReserves: 3283331787}, TokenPrice: 0.00000003441379852751, MarketCap: 34.41}
  2: MemeInfo{BondingState: BondingCurveState{CurrentSupply: 1000000000000000, VirtualTokenReserves: 934697169045054,  RealTokenReserves: 654797169045054,  VirtualSolReserves: 34438961704,  RealSolReserves: 4438961704}, TokenPrice: 0.00000003684504762027, MarketCap: 36.85}
  3: MemeInfo{BondingState: BondingCurveState{CurrentSupply: 1000000000000000, VirtualTokenReserves: 985958290925292,  RealTokenReserves: 706058290925292,  VirtualSolReserves: 32648439908,  RealSolReserves: 2648439908}, TokenPrice: 0.00000003311340876028, MarketCap: 33.11}
]","[
  0: TokenAnalysis{MarketCapSufficiency: false, ReservesSufficiency: false, DataPoints: 4, ReserveRatio: 0.7161, SolReserveRatio: 0.0811, PriceStability: true, PriceConvergence: 0.0000, SimpleMovingAverage: 0.00000003, PercentageChange: 0.00%, PriceTrendSlope: 0.00000001, ConsistentlyTrendingUp: false, Volatility: 0.00000002, TheoreticalPrice: 0.00000003, CurrentPrice: 0.00000003, RiskRewardScore: 0.00000000}
]",false,false
CURRENTLY TRADING,5sWikvzayy87VP2vomaCExAJhM9NxMTUSAvC4YRvpump,DIGITAL ASSETS FRAMEWORK,DAF,2025-02-24 18:59:17.256801 +0200 EET m=+122.632337600,"[
  0: MemeInfo{BondingState: BondingCurveState{CurrentSupply: 1000000000000000, VirtualTokenReserves: 935755813953169,  RealTokenReserves: 655855813953169,  VirtualSolReserves: 34400000001,  RealSolReserves: 4400000001}, TokenPrice: 0.00000003676172724557, MarketCap: 36.76}
  1: MemeInfo{BondingState: BondingCurveState{CurrentSupply: 1000000000000000, VirtualTokenReserves: 946764705882353,  RealTokenReserves: 666864705882353,  VirtualSolReserves: 34000000001,  RealSolReserves: 4000000001}, TokenPrice: 0.00000003591177384386, MarketCap: 35.91}
  2: MemeInfo{BondingState: BondingCurveState{CurrentSupply: 1000000000000000, VirtualTokenReserves: 946764705882353,  RealTokenReserves: 666864705882353,  VirtualSolReserves: 34000000001,  RealSolReserves: 4000000001}, TokenPrice: 0.00000003591177384386, MarketCap: 35.91}
  3: MemeInfo{BondingState: BondingCurveState{CurrentSupply: 1000000000000000, VirtualTokenReserves: 946764705882353,  RealTokenReserves: 666864705882353,  VirtualSolReserves: 34000000001,  RealSolReserves: 4000000001}, TokenPrice: 0.00000003591177384386, MarketCap: 35.91}
]","[
  0: TokenAnalysis{MarketCapSufficiency: false, ReservesSufficiency: false, DataPoints: 4, ReserveRatio: 0.7044, SolReserveRatio: 0.1176, PriceStability: true, PriceConvergence: 0.0000, SimpleMovingAverage: 0.00000004, PercentageChange: -2.31%, PriceTrendSlope: -0.00000000, ConsistentlyTrendingUp: false, Volatility: 0.00000000, TheoreticalPrice: 0.00000004, CurrentPrice: 0.00000004, RiskRewardScore: 0.00000000}
]",false,false
#,#,#,#,#,#,#,#,#,#,#,#,#
CURRENTLY TRADING,2Z6B4tz6Z3MV8rvrUWH4t6LK4PtYc32ZmncwipLke1W6,Petition To Revive The Trenches ,REVIVE,2025-02-24 18:59:31.280112 +0200 EET m=+136.655366540,"[
  0: MemeInfo{BondingState: BondingCurveState{CurrentSupply: 1000000000000000, VirtualTokenReserves: 807211009174313,  RealTokenReserves: 527311009174313,  VirtualSolReserves: 39878048782,  RealSolReserves: 9878048782}, TokenPrice: 0.00000004940226078283, MarketCap: 49.40}
  1: MemeInfo{BondingState: BondingCurveState{CurrentSupply: 1000000000000000, VirtualTokenReserves: 798860488163566,  RealTokenReserves: 518960488163566,  VirtualSolReserves: 40294895642,  RealSolReserves: 10294895642}, TokenPrice: 0.00000005044046643818, MarketCap: 50.44}
  2: MemeInfo{BondingState: BondingCurveState{CurrentSupply: 1000000000000000, VirtualTokenReserves: 728226664947660,  RealTokenReserves: 448326664947660,  VirtualSolReserves: 44203270174,  RealSolReserves: 14203270174}, TokenPrice: 0.00000006069987862526, MarketCap: 60.70}
  3: MemeInfo{BondingState: BondingCurveState{CurrentSupply: 1000000000000000, VirtualTokenReserves: 684042751272693,  RealTokenReserves: 404142751272693,  VirtualSolReserves: 47058462302,  RealSolReserves: 17058462302}, TokenPrice: 0.00000006879462170229, MarketCap: 68.79}
  4: MemeInfo{BondingState: BondingCurveState{CurrentSupply: 1000000000000000, VirtualTokenReserves: 712464130894998,  RealTokenReserves: 432564130894998,  VirtualSolReserves: 45181221952,  RealSolReserves: 15181221952}, TokenPrice: 0.00000006341543383418, MarketCap: 63.42}
  5: MemeInfo{BondingState: BondingCurveState{CurrentSupply: 1000000000000000, VirtualTokenReserves: 667984650837094,  RealTokenReserves: 388084650837094,  VirtualSolReserves: 48189730104,  RealSolReserves: 18189730104}, TokenPrice: 0.00000007214197218995, MarketCap: 72.14}
  6: MemeInfo{BondingState: BondingCurveState{CurrentSupply: 1000000000000000, VirtualTokenReserves: 598817415153578,  RealTokenReserves: 318917415153578,  VirtualSolReserves: 53755951697,  RealSolReserves: 23755951697}, TokenPrice: 0.00000008977018760086, MarketCap: 89.77}
]","[
  0: TokenAnalysis{MarketCapSufficiency: true, ReservesSufficiency: false, DataPoints: 4, ReserveRatio: 0.5908, SolReserveRatio: 0.3625, PriceStability: true, PriceConvergence: 0.0000, SimpleMovingAverage: 0.00000006, PercentageChange: 39.25%, PriceTrendSlope: 0.00000001, ConsistentlyTrendingUp: true, Volatility: 0.00000001, TheoreticalPrice: 0.00000007, CurrentPrice: 0.00000007, RiskRewardScore: 0.00000000}
  1: TokenAnalysis{MarketCapSufficiency: true, ReservesSufficiency: false, DataPoints: 5, ReserveRatio: 0.6071, SolReserveRatio: 0.3360, PriceStability: true, PriceConvergence: 0.0000, SimpleMovingAverage: 0.00000006, PercentageChange: 28.37%, PriceTrendSlope: 0.00000000, ConsistentlyTrendingUp: false, Volatility: 0.00000001, TheoreticalPrice: 0.00000006, CurrentPrice: 0.00000006, RiskRewardScore: 0.00000000}
  2: TokenAnalysis{MarketCapSufficiency: true, ReservesSufficiency: false, DataPoints: 6, ReserveRatio: 0.5810, SolReserveRatio: 0.3775, PriceStability: true, PriceConvergence: 0.0000, SimpleMovingAverage: 0.00000006, PercentageChange: 46.03%, PriceTrendSlope: 0.00000000, ConsistentlyTrendingUp: false, Volatility: 0.00000001, TheoreticalPrice: 0.00000007, CurrentPrice: 0.00000007, RiskRewardScore: 0.00000000}
  3: TokenAnalysis{MarketCapSufficiency: true, ReservesSufficiency: false, DataPoints: 7, ReserveRatio: 0.5326, SolReserveRatio: 0.4419, PriceStability: true, PriceConvergence: 0.0000, SimpleMovingAverage: 0.00000006, PercentageChange: 81.71%, PriceTrendSlope: 0.00000001, ConsistentlyTrendingUp: false, Volatility: 0.00000001, TheoreticalPrice: 0.00000009, CurrentPrice: 0.00000009, RiskRewardScore: 0.00000000}
]",true,true
CURRENTLY TRADING,3Qd3W26bDxNb6RbAkF1FSuYdJj2CPeyge623RN3upump,DarkFemme,DARK,2025-02-24 18:59:31.502108 +0200 EET m=+136.877357725,"[
  0: MemeInfo{BondingState: nil, TokenPrice: 0.00000000000000000000, MarketCap: 0.00}
  1: MemeInfo{BondingState: BondingCurveState{CurrentSupply: 1000000000000000, VirtualTokenReserves: 967150771234720,  RealTokenReserves: 687250771234720,  VirtualSolReserves: 33283331787,  RealSolReserves: 3283331787}, TokenPrice: 0.00000003441379852751, MarketCap: 34.41}
  2: MemeInfo{BondingState: BondingCurveState{CurrentSupply: 1000000000000000, VirtualTokenReserves: 934697169045054,  RealTokenReserves: 654797169045054,  VirtualSolReserves: 34438961704,  RealSolReserves: 4438961704}, TokenPrice: 0.00000003684504762027, MarketCap: 36.85}
  3: MemeInfo{BondingState: BondingCurveState{CurrentSupply: 1000000000000000, VirtualTokenReserves: 985958290925292,  RealTokenReserves: 706058290925292,  VirtualSolReserves: 32648439908,  RealSolReserves: 2648439908}, TokenPrice: 0.00000003311340876028, MarketCap: 33.11}
  4: MemeInfo{BondingState: BondingCurveState{CurrentSupply: 1000000000000000, VirtualTokenReserves: 1007138077410579,  RealTokenReserves: 727238077410579,  VirtualSolReserves: 31961853828,  RealSolReserves: 1961853828}, TokenPrice: 0.00000003173532462418, MarketCap: 31.74}
]","[
  0: TokenAnalysis{MarketCapSufficiency: false, ReservesSufficiency: false, DataPoints: 4, ReserveRatio: 0.7161, SolReserveRatio: 0.0811, PriceStability: true, PriceConvergence: 0.0000, SimpleMovingAverage: 0.00000003, PercentageChange: 0.00%, PriceTrendSlope: 0.00000001, ConsistentlyTrendingUp: false, Volatility: 0.00000002, TheoreticalPrice: 0.00000003, CurrentPrice: 0.00000003, RiskRewardScore: 0.00000000}
  1: TokenAnalysis{MarketCapSufficiency: false, ReservesSufficiency: false, DataPoints: 5, ReserveRatio: 0.7221, SolReserveRatio: 0.0614, PriceStability: true, PriceConvergence: 0.0000, SimpleMovingAverage: 0.00000003, PercentageChange: 0.00%, PriceTrendSlope: 0.00000001, ConsistentlyTrendingUp: false, Volatility: 0.00000001, TheoreticalPrice: 0.00000003, CurrentPrice: 0.00000003, RiskRewardScore: 0.00000000}
]",true,false
CURRENTLY TRADING,5sWikvzayy87VP2vomaCExAJhM9NxMTUSAvC4YRvpump,DIGITAL ASSETS FRAMEWORK,DAF,2025-02-24 18:59:31.621857 +0200 EET m=+136.997104956,"[
  0: MemeInfo{BondingState: BondingCurveState{CurrentSupply: 1000000000000000, VirtualTokenReserves: 935755813953169,  RealTokenReserves: 655855813953169,  VirtualSolReserves: 34400000001,  RealSolReserves: 4400000001}, TokenPrice: 0.00000003676172724557, MarketCap: 36.76}
  1: MemeInfo{BondingState: BondingCurveState{CurrentSupply: 1000000000000000, VirtualTokenReserves: 946764705882353,  RealTokenReserves: 666864705882353,  VirtualSolReserves: 34000000001,  RealSolReserves: 4000000001}, TokenPrice: 0.00000003591177384386, MarketCap: 35.91}
  2: MemeInfo{BondingState: BondingCurveState{CurrentSupply: 1000000000000000, VirtualTokenReserves: 946764705882353,  RealTokenReserves: 666864705882353,  VirtualSolReserves: 34000000001,  RealSolReserves: 4000000001}, TokenPrice: 0.00000003591177384386, MarketCap: 35.91}
  3: MemeInfo{BondingState: BondingCurveState{CurrentSupply: 1000000000000000, VirtualTokenReserves: 946764705882353,  RealTokenReserves: 666864705882353,  VirtualSolReserves: 34000000001,  RealSolReserves: 4000000001}, TokenPrice: 0.00000003591177384386, MarketCap: 35.91}
  4: MemeInfo{BondingState: BondingCurveState{CurrentSupply: 1000000000000000, VirtualTokenReserves: 1071156942649644,  RealTokenReserves: 791256942649644,  VirtualSolReserves: 30051618694,  RealSolReserves: 51618694}, TokenPrice: 0.00000002805529003030, MarketCap: 28.06}
]","[
  0: TokenAnalysis{MarketCapSufficiency: false, ReservesSufficiency: false, DataPoints: 4, ReserveRatio: 0.7044, SolReserveRatio: 0.1176, PriceStability: true, PriceConvergence: 0.0000, SimpleMovingAverage: 0.00000004, PercentageChange: -2.31%, PriceTrendSlope: -0.00000000, ConsistentlyTrendingUp: false, Volatility: 0.00000000, TheoreticalPrice: 0.00000004, CurrentPrice: 0.00000004, RiskRewardScore: 0.00000000}
  1: TokenAnalysis{MarketCapSufficiency: false, ReservesSufficiency: false, DataPoints: 5, ReserveRatio: 0.7387, SolReserveRatio: 0.0017, PriceStability: true, PriceConvergence: 0.0000, SimpleMovingAverage: 0.00000003, PercentageChange: -23.68%, PriceTrendSlope: -0.00000000, ConsistentlyTrendingUp: false, Volatility: 0.00000000, TheoreticalPrice: 0.00000003, CurrentPrice: 0.00000003, RiskRewardScore: 0.00000000}
]",true,false
#,#,#,#,#,#,#,#,#,#,#,#,#
CURRENTLY TRADING,3Qd3W26bDxNb6RbAkF1FSuYdJj2CPeyge623RN3upump,DarkFemme,DARK,2025-02-24 18:59:46.434853 +0200 EET m=+151.809802353,"[
  0: MemeInfo{BondingState: nil, TokenPrice: 0.00000000000000000000, MarketCap: 0.00}
  1: MemeInfo{BondingState: BondingCurveState{CurrentSupply: 1000000000000000, VirtualTokenReserves: 967150771234720,  RealTokenReserves: 687250771234720,  VirtualSolReserves: 33283331787,  RealSolReserves: 3283331787}, TokenPrice: 0.00000003441379852751, MarketCap: 34.41}
  2: MemeInfo{BondingState: BondingCurveState{CurrentSupply: 1000000000000000, VirtualTokenReserves: 934697169045054,  RealTokenReserves: 654797169045054,  VirtualSolReserves: 34438961704,  RealSolReserves: 4438961704}, TokenPrice: 0.00000003684504762027, MarketCap: 36.85}
  3: MemeInfo{BondingState: BondingCurveState{CurrentSupply: 1000000000000000, VirtualTokenReserves: 985958290925292,  RealTokenReserves: 706058290925292,  VirtualSolReserves: 32648439908,  RealSolReserves: 2648439908}, TokenPrice: 0.00000003311340876028, MarketCap: 33.11}
  4: MemeInfo{BondingState: BondingCurveState{CurrentSupply: 1000000000000000, VirtualTokenReserves: 1007138077410579,  RealTokenReserves: 727238077410579,  VirtualSolReserves: 31961853828,  RealSolReserves: 1961853828}, TokenPrice: 0.00000003173532462418, MarketCap: 31.74}
  5: MemeInfo{BondingState: BondingCurveState{CurrentSupply: 1000000000000000, VirtualTokenReserves: 1007138077410579,  RealTokenReserves: 727238077410579,  VirtualSolReserves: 31961853828,  RealSolReserves: 1961853828}, TokenPrice: 0.00000003173532462418, MarketCap: 31.74}
]","[
  0: TokenAnalysis{MarketCapSufficiency: false, ReservesSufficiency: false, DataPoints: 4, ReserveRatio: 0.7161, SolReserveRatio: 0.0811, PriceStability: true, PriceConvergence: 0.0000, SimpleMovingAverage: 0.00000003, PercentageChange: 0.00%, PriceTrendSlope: 0.00000001, ConsistentlyTrendingUp: false, Volatility: 0.00000002, TheoreticalPrice: 0.00000003, CurrentPrice: 0.00000003, RiskRewardScore: 0.00000000}
  1: TokenAnalysis{MarketCapSufficiency: false, ReservesSufficiency: false, DataPoints: 5, ReserveRatio: 0.7221, SolReserveRatio: 0.0614, PriceStability: true, PriceConvergence: 0.0000, SimpleMovingAverage: 0.00000003, PercentageChange: 0.00%, PriceTrendSlope: 0.00000001, ConsistentlyTrendingUp: false, Volatility: 0.00000001, TheoreticalPrice: 0.00000003, CurrentPrice: 0.00000003, RiskRewardScore: 0.00000000}
  2: TokenAnalysis{MarketCapSufficiency: false, ReservesSufficiency: false, DataPoints: 6, ReserveRatio: 0.7221, SolReserveRatio: 0.0614, PriceStability: true, PriceConvergence: 0.0000, SimpleMovingAverage: 0.00000003, PercentageChange: 0.00%, PriceTrendSlope: 0.00000000, ConsistentlyTrendingUp: false, Volatility: 0.00000001, TheoreticalPrice: 0.00000003, CurrentPrice: 0.00000003, RiskRewardScore: 0.00000000}
]",true,false
CURRENTLY TRADING,5sWikvzayy87VP2vomaCExAJhM9NxMTUSAvC4YRvpump,DIGITAL ASSETS FRAMEWORK,DAF,2025-02-24 18:59:46.610122 +0200 EET m=+151.985068132,"[
  0: MemeInfo{BondingState: BondingCurveState{CurrentSupply: 1000000000000000, VirtualTokenReserves: 935755813953169,  RealTokenReserves: 655855813953169,  VirtualSolReserves: 34400000001,  RealSolReserves: 4400000001}, TokenPrice: 0.00000003676172724557, MarketCap: 36.76}
  1: MemeInfo{BondingState: BondingCurveState{CurrentSupply: 1000000000000000, VirtualTokenReserves: 946764705882353,  RealTokenReserves: 666864705882353,  VirtualSolReserves: 34000000001,  RealSolReserves: 4000000001}, TokenPrice: 0.00000003591177384386, MarketCap: 35.91}
  2: MemeInfo{BondingState: BondingCurveState{CurrentSupply: 1000000000000000, VirtualTokenReserves: 946764705882353,  RealTokenReserves: 666864705882353,  VirtualSolReserves: 34000000001,  RealSolReserves: 4000000001}, TokenPrice: 0.00000003591177384386, MarketCap: 35.91}
  3: MemeInfo{BondingState: BondingCurveState{CurrentSupply: 1000000000000000, VirtualTokenReserves: 946764705882353,  RealTokenReserves: 666864705882353,  VirtualSolReserves: 34000000001,  RealSolReserves: 4000000001}, TokenPrice: 0.00000003591177384386, MarketCap: 35.91}
  4: MemeInfo{BondingState: BondingCurveState{CurrentSupply: 1000000000000000, VirtualTokenReserves: 1071156942649644,  RealTokenReserves: 791256942649644,  VirtualSolReserves: 30051618694,  RealSolReserves: 51618694}, TokenPrice: 0.00000002805529003030, MarketCap: 28.06}
  5: MemeInfo{BondingState: BondingCurveState{CurrentSupply: 1000000000000000, VirtualTokenReserves: 1071156942649644,  RealTokenReserves: 791256942649644,  VirtualSolReserves: 30051618694,  RealSolReserves: 51618694}, TokenPrice: 0.00000002805529003030, MarketCap: 28.06}
]","[
  0: TokenAnalysis{MarketCapSufficiency: false, ReservesSufficiency: false, DataPoints: 4, ReserveRatio: 0.7044, SolReserveRatio: 0.1176, PriceStability: true, PriceConvergence: 0.0000, SimpleMovingAverage: 0.00000004, PercentageChange: -2.31%, PriceTrendSlope: -0.00000000, ConsistentlyTrendingUp: false, Volatility: 0.00000000, TheoreticalPrice: 0.00000004, CurrentPrice: 0.00000004, RiskRewardScore: 0.00000000}
  1: TokenAnalysis{MarketCapSufficiency: false, ReservesSufficiency: false, DataPoints: 5, ReserveRatio: 0.7387, SolReserveRatio: 0.0017, PriceStability: true, PriceConvergence: 0.0000, SimpleMovingAverage: 0.00000003, PercentageChange: -23.68%, PriceTrendSlope: -0.00000000, ConsistentlyTrendingUp: false, Volatility: 0.00000000, TheoreticalPrice: 0.00000003, CurrentPrice: 0.00000003, RiskRewardScore: 0.00000000}
  2: TokenAnalysis{MarketCapSufficiency: false, ReservesSufficiency: false, DataPoints: 6, ReserveRatio: 0.7387, SolReserveRatio: 0.0017, PriceStability: true, PriceConvergence: 0.0000, SimpleMovingAverage: 0.00000003, PercentageChange: -23.68%, PriceTrendSlope: -0.00000000, ConsistentlyTrendingUp: false, Volatility: 0.00000000, TheoreticalPrice: 0.00000003, CurrentPrice: 0.00000003, RiskRewardScore: 0.00000000}
]",true,false
CURRENTLY TRADING,2Z6B4tz6Z3MV8rvrUWH4t6LK4PtYc32ZmncwipLke1W6,Petition To Revive The Trenches ,REVIVE,2025-02-24 18:59:46.26656 +0200 EET m=+151.641512434,"[
  0: MemeInfo{BondingState: BondingCurveState{CurrentSupply: 1000000000000000, VirtualTokenReserves: 807211009174313,  RealTokenReserves: 527311009174313,  VirtualSolReserves: 39878048782,  RealSolReserves: 9878048782}, TokenPrice: 0.00000004940226078283, MarketCap: 49.40}
  1: MemeInfo{BondingState: BondingCurveState{CurrentSupply: 1000000000000000, VirtualTokenReserves: 798860488163566,  RealTokenReserves: 518960488163566,  VirtualSolReserves: 40294895642,  RealSolReserves: 10294895642}, TokenPrice: 0.00000005044046643818, MarketCap: 50.44}
  2: MemeInfo{BondingState: BondingCurveState{CurrentSupply: 1000000000000000, VirtualTokenReserves: 728226664947660,  RealTokenReserves: 448326664947660,  VirtualSolReserves: 44203270174,  RealSolReserves: 14203270174}, TokenPrice: 0.00000006069987862526, MarketCap: 60.70}
  3: MemeInfo{BondingState: BondingCurveState{CurrentSupply: 1000000000000000, VirtualTokenReserves: 684042751272693,  RealTokenReserves: 404142751272693,  VirtualSolReserves: 47058462302,  RealSolReserves: 17058462302}, TokenPrice: 0.00000006879462170229, MarketCap: 68.79}
  4: MemeInfo{BondingState: BondingCurveState{CurrentSupply: 1000000000000000, VirtualTokenReserves: 712464130894998,  RealTokenReserves: 432564130894998,  VirtualSolReserves: 45181221952,  RealSolReserves: 15181221952}, TokenPrice: 0.00000006341543383418, MarketCap: 63.42}
  5: MemeInfo{BondingState: BondingCurveState{CurrentSupply: 1000000000000000, VirtualTokenReserves: 667984650837094,  RealTokenReserves: 388084650837094,  VirtualSolReserves: 48189730104,  RealSolReserves: 18189730104}, TokenPrice: 0.00000007214197218995, MarketCap: 72.14}
  6: MemeInfo{BondingState: BondingCurveState{CurrentSupply: 1000000000000000, VirtualTokenReserves: 598817415153578,  RealTokenReserves: 318917415153578,  VirtualSolReserves: 53755951697,  RealSolReserves: 23755951697}, TokenPrice: 0.00000008977018760086, MarketCap: 89.77}
  7: MemeInfo{BondingState: BondingCurveState{CurrentSupply: 1000000000000000, VirtualTokenReserves: 656125133496230,  RealTokenReserves: 376225133496230,  VirtualSolReserves: 49060763576,  RealSolReserves: 19060763576}, TokenPrice: 0.00000007477348614063, MarketCap: 74.77}
]","[
  0: TokenAnalysis{MarketCapSufficiency: true, ReservesSufficiency: false, DataPoints: 4, ReserveRatio: 0.5908, SolReserveRatio: 0.3625, PriceStability: true, PriceConvergence: 0.0000, SimpleMovingAverage: 0.00000006, PercentageChange: 39.25%, PriceTrendSlope: 0.00000001, ConsistentlyTrendingUp: true, Volatility: 0.00000001, TheoreticalPrice: 0.00000007, CurrentPrice: 0.00000007, RiskRewardScore: 0.00000000}
  1: TokenAnalysis{MarketCapSufficiency: true, ReservesSufficiency: false, DataPoints: 5, ReserveRatio: 0.6071, SolReserveRatio: 0.3360, PriceStability: true, PriceConvergence: 0.0000, SimpleMovingAverage: 0.00000006, PercentageChange: 28.37%, PriceTrendSlope: 0.00000000, ConsistentlyTrendingUp: false, Volatility: 0.00000001, TheoreticalPrice: 0.00000006, CurrentPrice: 0.00000006, RiskRewardScore: 0.00000000}
  2: TokenAnalysis{MarketCapSufficiency: true, ReservesSufficiency: false, DataPoints: 6, ReserveRatio: 0.5810, SolReserveRatio: 0.3775, PriceStability: true, PriceConvergence: 0.0000, SimpleMovingAverage: 0.00000006, PercentageChange: 46.03%, PriceTrendSlope: 0.00000000, ConsistentlyTrendingUp: false, Volatility: 0.00000001, TheoreticalPrice: 0.00000007, CurrentPrice: 0.00000007, RiskRewardScore: 0.00000000}
  3: TokenAnalysis{MarketCapSufficiency: true, ReservesSufficiency: false, DataPoints: 7, ReserveRatio: 0.5326, SolReserveRatio: 0.4419, PriceStability: true, PriceConvergence: 0.0000, SimpleMovingAverage: 0.00000006, PercentageChange: 81.71%, PriceTrendSlope: 0.00000001, ConsistentlyTrendingUp: false, Volatility: 0.00000001, TheoreticalPrice: 0.00000009, CurrentPrice: 0.00000009, RiskRewardScore: 0.00000000}
  4: TokenAnalysis{MarketCapSufficiency: true, ReservesSufficiency: false, DataPoints: 8, ReserveRatio: 0.5734, SolReserveRatio: 0.3885, PriceStability: true, PriceConvergence: 0.0000, SimpleMovingAverage: 0.00000007, PercentageChange: 51.36%, PriceTrendSlope: 0.00000000, ConsistentlyTrendingUp: false, Volatility: 0.00000001, TheoreticalPrice: 0.00000007, CurrentPrice: 0.00000007, RiskRewardScore: 0.00000000}
]",true,true
